#
# There is insufficient memory for the Java Runtime Environment to continue.
# Native memory allocation (malloc) failed to allocate 1198576 bytes for Chunk::new
# Possible reasons:
#   The system is out of physical RAM or swap space
#   The process is running with CompressedOops enabled, and the Java Heap may be blocking the growth of the native heap
# Possible solutions:
#   Reduce memory load on the system
#   Increase physical memory or swap space
#   Check if swap backing store is full
#   Decrease Java heap size (-Xmx/-Xms)
#   Decrease number of Java threads
#   Decrease Java thread stack sizes (-Xss)
#   Set larger code cache with -XX:ReservedCodeCacheSize=
#   JVM is running with Unscaled Compressed Oops mode in which the Java heap is
#     placed in the first 4GB address space. The Java Heap base address is the
#     maximum limit for the native heap growth. Please use -XX:HeapBaseMinAddress
#     to set the Java Heap base and to place the Java Heap above 4GB virtual address.
# This output file may be truncated or incomplete.
#
#  Out of Memory Error (./src/hotspot/share/memory/arena.cpp:197), pid=17596, tid=14752
#
# JRE version: OpenJDK Runtime Environment (11.0.8+10) (build 11.0.8+10-b944.6842174)
# Java VM: OpenJDK 64-Bit Server VM (11.0.8+10-b944.6842174, mixed mode, tiered, compressed oops, g1 gc, windows-amd64)
# No core dump will be written. Minidumps are not enabled by default on client versions of Windows
#

---------------  S U M M A R Y ------------

Command Line: --add-opens=java.base/java.util=ALL-UNNAMED --add-opens=java.base/java.lang=ALL-UNNAMED --add-opens=java.base/java.lang.invoke=ALL-UNNAMED --add-opens=java.prefs/java.util.prefs=ALL-UNNAMED -Xmx2048m -Dfile.encoding=UTF-8 -Duser.country=IL -Duser.language=iw -Duser.variant org.gradle.launcher.daemon.bootstrap.GradleDaemon 6.7.1

Host: AMD Ryzen 7 PRO 3700U w/ Radeon Vega Mobile Gfx, 8 cores, 5G,  Windows 10 , 64 bit Build 19041 (10.0.19041.1023)
Time: Tue Jun 15 16:52:12 2021 שעון קיץ ירושלים elapsed time: 12 seconds (0d 0h 0m 12s)

---------------  T H R E A D  ---------------

Current thread (0x00000271ff649800):  JavaThread "C2 CompilerThread0" daemon [_thread_in_native, id=14752, stack(0x000000e8e7a00000,0x000000e8e7b00000)]


Current CompileTask:
C2:  12272 7501       4       org.gradle.internal.reflect.MutableClassDetails::property (41 bytes)

Stack: [0x000000e8e7a00000,0x000000e8e7b00000]
Native frames: (J=compiled Java code, j=interpreted, Vv=VM code, C=native code)
V  [jvm.dll+0x5de50a]
V  [jvm.dll+0x7122f5]
V  [jvm.dll+0x71384d]
V  [jvm.dll+0x713f03]
V  [jvm.dll+0x23e728]
V  [jvm.dll+0xb899c]
V  [jvm.dll+0xb8e9c]
V  [jvm.dll+0x35024d]
V  [jvm.dll+0x31dea3]
V  [jvm.dll+0x31d39a]
V  [jvm.dll+0x1f7702]
V  [jvm.dll+0x1f68d4]
V  [jvm.dll+0x17f32c]
V  [jvm.dll+0x205047]
V  [jvm.dll+0x203891]
V  [jvm.dll+0x6dad3f]
V  [jvm.dll+0x6d3895]
V  [jvm.dll+0x5dd4a6]
C  [ucrtbase.dll+0x21bb2]
C  [KERNEL32.DLL+0x17034]
C  [ntdll.dll+0x52651]


---------------  P R O C E S S  ---------------

Threads class SMR info:
_java_thread_list=0x0000027191396db0, length=166, elements={
0x00000271e924c000, 0x00000271ff623800, 0x00000271ff627000, 0x00000271ff641800,
0x00000271ff643800, 0x00000271ff649800, 0x00000271ff64a800, 0x00000271ff654000,
0x00000271861a0800, 0x00000271861b6800, 0x000002718817b800, 0x00000271861c8000,
0x0000027187f8c800, 0x0000027188a6d800, 0x0000027189018800, 0x00000271871cf800,
0x000002718725f000, 0x00000271871d0800, 0x0000027188969800, 0x000002718818b000,
0x00000271881d4000, 0x000002718821f800, 0x000002718821e000, 0x000002718821b800,
0x000002718821b000, 0x000002718821a000, 0x000002718821f000, 0x000002718821c800,
0x0000027188220800, 0x000002718821d000, 0x0000027189b45000, 0x0000027189b47000,
0x0000027189b44800, 0x0000027189b46000, 0x0000027189b47800, 0x0000027189b48800,
0x0000027189b49800, 0x0000027189b43800, 0x0000027189b4b800, 0x0000027189b4d800,
0x0000027189b4e000, 0x0000027189b4b000, 0x0000027189b4f000, 0x0000027189b50000,
0x0000027189b4a000, 0x0000027189b50800, 0x0000027189b51800, 0x0000027189b52800,
0x0000027189b4c800, 0x00000271890ff000, 0x00000271890fd800, 0x0000027189104800,
0x0000027189105800, 0x00000271890ff800, 0x0000027189106800, 0x0000027189100800,
0x0000027189108000, 0x0000027189108800, 0x0000027189109800, 0x0000027189107000,
0x000002718910c000, 0x000002718910a800, 0x000002718910b000, 0x00000271888d7000,
0x00000271888d6800, 0x00000271888d8000, 0x00000271888d9800, 0x00000271888dc000,
0x00000271888dd000, 0x00000271888dd800, 0x00000271888de800, 0x00000271888d9000,
0x00000271888df800, 0x00000271888e0000, 0x00000271888da800, 0x00000271888e1000,
0x00000271888db800, 0x00000271888e4800, 0x00000271888e2000, 0x00000271888e2800,
0x00000271888e3800, 0x00000271888e5000, 0x000002718b8bf800, 0x000002718b8c4000,
0x000002718b8be000, 0x000002718b8c4800, 0x000002718b8bf000, 0x000002718b8c0800,
0x000002718b8c5800, 0x000002718b8c1800, 0x000002718b8c6000, 0x000002718b8c7000,
0x000002718b8c2000, 0x000002718b8c8800, 0x000002718b8c8000, 0x000002718b8c3000,
0x000002718b8cb000, 0x000002718b8cd000, 0x000002718b8c9800, 0x000002718b8ca800,
0x000002718b8cc000, 0x000002718898d800, 0x0000027188991000, 0x000002718898f000,
0x0000027188990000, 0x000002718898b000, 0x000002718898c000, 0x0000027188991800,
0x0000027188992800, 0x000002718898d000, 0x0000027188993800, 0x0000027188994000,
0x000002718898e800, 0x0000027188996800, 0x0000027188995800, 0x0000027188997800,
0x0000027188998000, 0x0000027188999000, 0x000002718899a000, 0x0000027188995000,
0x0000027188860000, 0x0000027188860800, 0x000002718885c800, 0x000002718885d800,
0x000002718885f000, 0x0000027188861800, 0x000002718885e800, 0x000002718885c000,
0x0000027188866800, 0x0000027188864000, 0x0000027188862800, 0x0000027188867800,
0x0000027188868000, 0x0000027188865000, 0x0000027188869000, 0x0000027188863000,
0x0000027188869800, 0x000002718886a800, 0x0000027188865800, 0x000002718b8a4000,
0x000002718b89f000, 0x000002718b8a1800, 0x000002718b8a2000, 0x000002718b8a3000,
0x000002718b8a0800, 0x000002718b89e000, 0x000002718b8a4800, 0x000002718b8a5800,
0x000002718b89f800, 0x000002718b8a8000, 0x000002718b8a7000, 0x000002718b8a6000,
0x000002718b8ad000, 0x000002718b8a8800, 0x000002718b8a9800, 0x000002718b8ac000,
0x000002718b8aa800, 0x000002718b8ab000, 0x0000027188359800, 0x000002718835a800,
0x000002718835d000, 0x000002718835b800, 0x000002718835c000, 0x000002718835e000,
0x0000027188358000, 0x0000027188359000
}

Java Threads: ( => current thread )
  0x00000271e924c000 JavaThread "main" [_thread_blocked, id=17276, stack(0x000000e8e6f00000,0x000000e8e7000000)]
  0x00000271ff623800 JavaThread "Reference Handler" daemon [_thread_blocked, id=11448, stack(0x000000e8e7600000,0x000000e8e7700000)]
  0x00000271ff627000 JavaThread "Finalizer" daemon [_thread_blocked, id=9804, stack(0x000000e8e7700000,0x000000e8e7800000)]
  0x00000271ff641800 JavaThread "Signal Dispatcher" daemon [_thread_blocked, id=13960, stack(0x000000e8e7800000,0x000000e8e7900000)]
  0x00000271ff643800 JavaThread "Attach Listener" daemon [_thread_blocked, id=9860, stack(0x000000e8e7900000,0x000000e8e7a00000)]
=>0x00000271ff649800 JavaThread "C2 CompilerThread0" daemon [_thread_in_native, id=14752, stack(0x000000e8e7a00000,0x000000e8e7b00000)]
  0x00000271ff64a800 JavaThread "C1 CompilerThread0" daemon [_thread_blocked, id=13980, stack(0x000000e8e7b00000,0x000000e8e7c00000)]
  0x00000271ff654000 JavaThread "Sweeper thread" daemon [_thread_blocked, id=14620, stack(0x000000e8e7c00000,0x000000e8e7d00000)]
  0x00000271861a0800 JavaThread "Common-Cleaner" daemon [_thread_blocked, id=3420, stack(0x000000e8e7d00000,0x000000e8e7e00000)]
  0x00000271861b6800 JavaThread "Service Thread" daemon [_thread_blocked, id=13092, stack(0x000000e8e7e00000,0x000000e8e7f00000)]
  0x000002718817b800 JavaThread "Daemon health stats" [_thread_blocked, id=8420, stack(0x000000e8e8200000,0x000000e8e8300000)]
  0x00000271861c8000 JavaThread "Incoming local TCP Connector on port 64716" [_thread_in_native, id=2456, stack(0x000000e8e8400000,0x000000e8e8500000)]
  0x0000027187f8c800 JavaThread "Daemon periodic checks" [_thread_blocked, id=12848, stack(0x000000e8e8500000,0x000000e8e8600000)]
  0x0000027188a6d800 JavaThread "Daemon" [_thread_blocked, id=5208, stack(0x000000e8e8600000,0x000000e8e8700000)]
  0x0000027189018800 JavaThread "Handler for socket connection from /127.0.0.1:64716 to /127.0.0.1:64717" [_thread_in_native, id=17864, stack(0x000000e8e8700000,0x000000e8e8800000)]
  0x00000271871cf800 JavaThread "C2 CompilerThread1" daemon [_thread_in_native, id=15796, stack(0x000000e8e9100000,0x000000e8e9200000)]
  0x000002718725f000 JavaThread "Cancel handler" [_thread_blocked, id=8000, stack(0x000000e8e9200000,0x000000e8e9300000)]
  0x00000271871d0800 JavaThread "Daemon worker" [_thread_in_vm, id=5592, stack(0x000000e8e9300000,0x000000e8e9400000)]
  0x0000027188969800 JavaThread "Asynchronous log dispatcher for DefaultDaemonConnection: socket connection from /127.0.0.1:64716 to /127.0.0.1:64717" [_thread_blocked, id=16648, stack(0x000000e8e9400000,0x000000e8e9500000)]
  0x000002718818b000 JavaThread "Stdin handler" [_thread_blocked, id=5928, stack(0x000000e8e9500000,0x000000e8e9600000)]
  0x00000271881d4000 JavaThread "Thread-8" [_thread_blocked, id=14384, stack(0x000000e8e9600000,0x000000e8e9700000)]
  0x000002718821f800 JavaThread "Cache worker for file hash cache (C:\Users\User\.gradle\caches\6.7.1\fileHashes)" [_thread_blocked, id=15512, stack(0x000000e8e9700000,0x000000e8e9800000)]
  0x000002718821e000 JavaThread "File lock request listener" [_thread_in_native, id=4904, stack(0x000000e8e9800000,0x000000e8e9900000)]
  0x000002718821b800 JavaThread "Cache worker for journal cache (C:\Users\User\.gradle\caches\journal-1)" [_thread_blocked, id=13500, stack(0x000000e8e9a00000,0x000000e8e9b00000)]
  0x000002718821b000 JavaThread "Cache worker for file hash cache (C:\Users\User\AndroidStudioProjects\AtnachtaApp\.gradle\6.7.1\fileHashes)" [_thread_blocked, id=13408, stack(0x000000e8e9b00000,0x000000e8e9c00000)]
  0x000002718821a000 JavaThread "jar transforms" [_thread_blocked, id=11236, stack(0x000000e8e9c00000,0x000000e8e9d00000)]
  0x000002718821f000 JavaThread "jar transforms Thread 2" [_thread_blocked, id=13612, stack(0x000000e8e9d00000,0x000000e8e9e00000)]
  0x000002718821c800 JavaThread "jar transforms Thread 3" [_thread_blocked, id=16788, stack(0x000000e8e9e00000,0x000000e8e9f00000)]
  0x0000027188220800 JavaThread "jar transforms Thread 4" [_thread_blocked, id=6036, stack(0x000000e8e9f00000,0x000000e8ea000000)]
  0x000002718821d000 JavaThread "jar transforms Thread 5" [_thread_blocked, id=2936, stack(0x000000e8ea000000,0x000000e8ea100000)]
  0x0000027189b45000 JavaThread "jar transforms Thread 6" [_thread_blocked, id=16328, stack(0x000000e8ea100000,0x000000e8ea200000)]
  0x0000027189b47000 JavaThread "jar transforms Thread 7" [_thread_blocked, id=12500, stack(0x000000e8ea200000,0x000000e8ea300000)]
  0x0000027189b44800 JavaThread "jar transforms Thread 8" [_thread_blocked, id=6000, stack(0x000000e8ea300000,0x000000e8ea400000)]
  0x0000027189b46000 JavaThread "jar transforms Thread 9" [_thread_blocked, id=13660, stack(0x000000e8ea400000,0x000000e8ea500000)]
  0x0000027189b47800 JavaThread "jar transforms Thread 10" [_thread_blocked, id=2176, stack(0x000000e8ea500000,0x000000e8ea600000)]
  0x0000027189b48800 JavaThread "jar transforms Thread 11" [_thread_blocked, id=5576, stack(0x000000e8ea600000,0x000000e8ea700000)]
  0x0000027189b49800 JavaThread "jar transforms Thread 12" [_thread_blocked, id=14472, stack(0x000000e8ea700000,0x000000e8ea800000)]
  0x0000027189b43800 JavaThread "jar transforms Thread 13" [_thread_blocked, id=16344, stack(0x000000e8ea800000,0x000000e8ea900000)]
  0x0000027189b4b800 JavaThread "jar transforms Thread 14" [_thread_blocked, id=16140, stack(0x000000e8ea900000,0x000000e8eaa00000)]
  0x0000027189b4d800 JavaThread "jar transforms Thread 15" [_thread_blocked, id=16488, stack(0x000000e8eaa00000,0x000000e8eab00000)]
  0x0000027189b4e000 JavaThread "jar transforms Thread 16" [_thread_blocked, id=15700, stack(0x000000e8eab00000,0x000000e8eac00000)]
  0x0000027189b4b000 JavaThread "jar transforms Thread 17" [_thread_blocked, id=8960, stack(0x000000e8eac00000,0x000000e8ead00000)]
  0x0000027189b4f000 JavaThread "jar transforms Thread 18" [_thread_blocked, id=15332, stack(0x000000e8ead00000,0x000000e8eae00000)]
  0x0000027189b50000 JavaThread "jar transforms Thread 19" [_thread_blocked, id=14808, stack(0x000000e8eae00000,0x000000e8eaf00000)]
  0x0000027189b4a000 JavaThread "jar transforms Thread 20" [_thread_blocked, id=8052, stack(0x000000e8eaf00000,0x000000e8eb000000)]
  0x0000027189b50800 JavaThread "jar transforms Thread 21" [_thread_blocked, id=15860, stack(0x000000e8eb000000,0x000000e8eb100000)]
  0x0000027189b51800 JavaThread "Cache worker for checksums cache (C:\Users\User\AndroidStudioProjects\AtnachtaApp\.gradle\checksums)" [_thread_blocked, id=11280, stack(0x000000e8eb100000,0x000000e8eb200000)]
  0x0000027189b52800 JavaThread "Cache worker for cache directory md-supplier (C:\Users\User\.gradle\caches\6.7.1\md-supplier)" [_thread_blocked, id=3296, stack(0x000000e8eb200000,0x000000e8eb300000)]
  0x0000027189b4c800 JavaThread "Cache worker for cache directory md-rule (C:\Users\User\.gradle\caches\6.7.1\md-rule)" [_thread_blocked, id=18032, stack(0x000000e8eb300000,0x000000e8eb400000)]
  0x00000271890ff000 JavaThread "Cache worker for execution history cache (C:\Users\User\.gradle\caches\6.7.1\executionHistory)" [_thread_blocked, id=8588, stack(0x000000e8eb400000,0x000000e8eb500000)]
  0x00000271890fd800 JavaThread "Cache worker for file content cache (C:\Users\User\.gradle\caches\6.7.1\fileContent)" [_thread_blocked, id=15752, stack(0x000000e8eb500000,0x000000e8eb600000)]
  0x0000027189104800 JavaThread "Cache worker for Build Output Cleanup Cache (C:\Users\User\AndroidStudioProjects\AtnachtaApp\.gradle\buildOutputCleanup)" [_thread_blocked, id=9296, stack(0x000000e8eb600000,0x000000e8eb700000)]
  0x0000027189105800 JavaThread "Build operations" [_thread_blocked, id=4036, stack(0x000000e8eb700000,0x000000e8eb800000)]
  0x00000271890ff800 JavaThread "Build operations Thread 2" [_thread_blocked, id=6768, stack(0x000000e8eb800000,0x000000e8eb900000)]
  0x0000027189106800 JavaThread "Build operations Thread 3" [_thread_blocked, id=1452, stack(0x000000e8eb900000,0x000000e8eba00000)]
  0x0000027189100800 JavaThread "Build operations Thread 4" [_thread_blocked, id=1228, stack(0x000000e8eba00000,0x000000e8ebb00000)]
  0x0000027189108000 JavaThread "Build operations Thread 5" [_thread_blocked, id=6284, stack(0x000000e8ebb00000,0x000000e8ebc00000)]
  0x0000027189108800 JavaThread "Build operations Thread 6" [_thread_blocked, id=1612, stack(0x000000e8ebc00000,0x000000e8ebd00000)]
  0x0000027189109800 JavaThread "Build operations Thread 7" [_thread_blocked, id=18428, stack(0x000000e8ebd00000,0x000000e8ebe00000)]
  0x0000027189107000 JavaThread "Build operations Thread 8" [_thread_blocked, id=16956, stack(0x000000e8ebe00000,0x000000e8ebf00000)]
  0x000002718910c000 JavaThread "jar transforms Thread 22" [_thread_blocked, id=15588, stack(0x000000e8ebf00000,0x000000e8ec000000)]
  0x000002718910a800 JavaThread "jar transforms Thread 23" [_thread_blocked, id=13648, stack(0x000000e8ec000000,0x000000e8ec100000)]
  0x000002718910b000 JavaThread "jar transforms Thread 24" [_thread_blocked, id=17856, stack(0x000000e8ec100000,0x000000e8ec200000)]
  0x00000271888d7000 JavaThread "jar transforms Thread 25" [_thread_blocked, id=15876, stack(0x000000e8ec200000,0x000000e8ec300000)]
  0x00000271888d6800 JavaThread "jar transforms Thread 26" [_thread_blocked, id=3968, stack(0x000000e8ec300000,0x000000e8ec400000)]
  0x00000271888d8000 JavaThread "jar transforms Thread 27" [_thread_blocked, id=12400, stack(0x000000e8ec400000,0x000000e8ec500000)]
  0x00000271888d9800 JavaThread "jar transforms Thread 28" [_thread_blocked, id=13664, stack(0x000000e8ec500000,0x000000e8ec600000)]
  0x00000271888dc000 JavaThread "jar transforms Thread 29" [_thread_blocked, id=16144, stack(0x000000e8ec600000,0x000000e8ec700000)]
  0x00000271888dd000 JavaThread "jar transforms Thread 30" [_thread_blocked, id=10008, stack(0x000000e8ec700000,0x000000e8ec800000)]
  0x00000271888dd800 JavaThread "jar transforms Thread 31" [_thread_blocked, id=7900, stack(0x000000e8ec800000,0x000000e8ec900000)]
  0x00000271888de800 JavaThread "jar transforms Thread 32" [_thread_blocked, id=13472, stack(0x000000e8ec900000,0x000000e8eca00000)]
  0x00000271888d9000 JavaThread "jar transforms Thread 33" [_thread_blocked, id=18348, stack(0x000000e8eca00000,0x000000e8ecb00000)]
  0x00000271888df800 JavaThread "jar transforms Thread 34" [_thread_blocked, id=6656, stack(0x000000e8ecb00000,0x000000e8ecc00000)]
  0x00000271888e0000 JavaThread "jar transforms Thread 35" [_thread_blocked, id=18416, stack(0x000000e8ecc00000,0x000000e8ecd00000)]
  0x00000271888da800 JavaThread "jar transforms Thread 36" [_thread_blocked, id=11536, stack(0x000000e8ecd00000,0x000000e8ece00000)]
  0x00000271888e1000 JavaThread "jar transforms Thread 37" [_thread_blocked, id=14852, stack(0x000000e8ece00000,0x000000e8ecf00000)]
  0x00000271888db800 JavaThread "jar transforms Thread 38" [_thread_blocked, id=14508, stack(0x000000e8ecf00000,0x000000e8ed000000)]
  0x00000271888e4800 JavaThread "jar transforms Thread 39" [_thread_blocked, id=2144, stack(0x000000e8ed000000,0x000000e8ed100000)]
  0x00000271888e2000 JavaThread "jar transforms Thread 40" [_thread_blocked, id=14800, stack(0x000000e8ed100000,0x000000e8ed200000)]
  0x00000271888e2800 JavaThread "jar transforms Thread 41" [_thread_blocked, id=1572, stack(0x000000e8ed200000,0x000000e8ed300000)]
  0x00000271888e3800 JavaThread "jar transforms Thread 42" [_thread_blocked, id=7736, stack(0x000000e8ed300000,0x000000e8ed400000)]
  0x00000271888e5000 JavaThread "jar transforms Thread 43" [_thread_blocked, id=9264, stack(0x000000e8ed400000,0x000000e8ed500000)]
  0x000002718b8bf800 JavaThread "jar transforms Thread 44" [_thread_blocked, id=11408, stack(0x000000e8ed500000,0x000000e8ed600000)]
  0x000002718b8c4000 JavaThread "jar transforms Thread 45" [_thread_blocked, id=11136, stack(0x000000e8ed600000,0x000000e8ed700000)]
  0x000002718b8be000 JavaThread "jar transforms Thread 46" [_thread_blocked, id=9812, stack(0x000000e8ed700000,0x000000e8ed800000)]
  0x000002718b8c4800 JavaThread "jar transforms Thread 47" [_thread_blocked, id=14544, stack(0x000000e8ed800000,0x000000e8ed900000)]
  0x000002718b8bf000 JavaThread "jar transforms Thread 48" [_thread_blocked, id=17704, stack(0x000000e8ed900000,0x000000e8eda00000)]
  0x000002718b8c0800 JavaThread "jar transforms Thread 49" [_thread_blocked, id=18264, stack(0x000000e8eda00000,0x000000e8edb00000)]
  0x000002718b8c5800 JavaThread "jar transforms Thread 50" [_thread_blocked, id=5780, stack(0x000000e8edb00000,0x000000e8edc00000)]
  0x000002718b8c1800 JavaThread "jar transforms Thread 51" [_thread_blocked, id=13896, stack(0x000000e8edc00000,0x000000e8edd00000)]
  0x000002718b8c6000 JavaThread "jar transforms Thread 52" [_thread_blocked, id=15216, stack(0x000000e8edd00000,0x000000e8ede00000)]
  0x000002718b8c7000 JavaThread "jar transforms Thread 53" [_thread_blocked, id=1324, stack(0x000000e8ede00000,0x000000e8edf00000)]
  0x000002718b8c2000 JavaThread "jar transforms Thread 54" [_thread_blocked, id=10752, stack(0x000000e8edf00000,0x000000e8ee000000)]
  0x000002718b8c8800 JavaThread "jar transforms Thread 55" [_thread_blocked, id=17136, stack(0x000000e8ee000000,0x000000e8ee100000)]
  0x000002718b8c8000 JavaThread "jar transforms Thread 56" [_thread_blocked, id=16524, stack(0x000000e8ee100000,0x000000e8ee200000)]
  0x000002718b8c3000 JavaThread "jar transforms Thread 57" [_thread_blocked, id=5212, stack(0x000000e8ee200000,0x000000e8ee300000)]
  0x000002718b8cb000 JavaThread "jar transforms Thread 58" [_thread_blocked, id=14520, stack(0x000000e8ee300000,0x000000e8ee400000)]
  0x000002718b8cd000 JavaThread "jar transforms Thread 59" [_thread_blocked, id=13228, stack(0x000000e8ee400000,0x000000e8ee500000)]
  0x000002718b8c9800 JavaThread "jar transforms Thread 60" [_thread_blocked, id=13264, stack(0x000000e8ee500000,0x000000e8ee600000)]
  0x000002718b8ca800 JavaThread "jar transforms Thread 61" [_thread_blocked, id=1812, stack(0x000000e8ee600000,0x000000e8ee700000)]
  0x000002718b8cc000 JavaThread "jar transforms Thread 62" [_thread_blocked, id=14880, stack(0x000000e8ee700000,0x000000e8ee800000)]
  0x000002718898d800 JavaThread "jar transforms Thread 63" [_thread_blocked, id=13392, stack(0x000000e8ee800000,0x000000e8ee900000)]
  0x0000027188991000 JavaThread "jar transforms Thread 64" [_thread_blocked, id=6120, stack(0x000000e8ee900000,0x000000e8eea00000)]
  0x000002718898f000 JavaThread "jar transforms Thread 65" [_thread_blocked, id=736, stack(0x000000e8eea00000,0x000000e8eeb00000)]
  0x0000027188990000 JavaThread "jar transforms Thread 66" [_thread_blocked, id=7588, stack(0x000000e8eeb00000,0x000000e8eec00000)]
  0x000002718898b000 JavaThread "jar transforms Thread 67" [_thread_blocked, id=14024, stack(0x000000e8eec00000,0x000000e8eed00000)]
  0x000002718898c000 JavaThread "jar transforms Thread 68" [_thread_blocked, id=12804, stack(0x000000e8eed00000,0x000000e8eee00000)]
  0x0000027188991800 JavaThread "jar transforms Thread 69" [_thread_blocked, id=17732, stack(0x000000e8eee00000,0x000000e8eef00000)]
  0x0000027188992800 JavaThread "jar transforms Thread 70" [_thread_blocked, id=7664, stack(0x000000e8eef00000,0x000000e8ef000000)]
  0x000002718898d000 JavaThread "jar transforms Thread 71" [_thread_blocked, id=7640, stack(0x000000e8ef000000,0x000000e8ef100000)]
  0x0000027188993800 JavaThread "jar transforms Thread 72" [_thread_blocked, id=2692, stack(0x000000e8ef100000,0x000000e8ef200000)]
  0x0000027188994000 JavaThread "jar transforms Thread 73" [_thread_blocked, id=9616, stack(0x000000e8ef200000,0x000000e8ef300000)]
  0x000002718898e800 JavaThread "jar transforms Thread 74" [_thread_blocked, id=7668, stack(0x000000e8ef300000,0x000000e8ef400000)]
  0x0000027188996800 JavaThread "jar transforms Thread 75" [_thread_blocked, id=17836, stack(0x000000e8ef400000,0x000000e8ef500000)]
  0x0000027188995800 JavaThread "jar transforms Thread 76" [_thread_blocked, id=10776, stack(0x000000e8ef500000,0x000000e8ef600000)]
  0x0000027188997800 JavaThread "jar transforms Thread 77" [_thread_blocked, id=15968, stack(0x000000e8ef600000,0x000000e8ef700000)]
  0x0000027188998000 JavaThread "jar transforms Thread 78" [_thread_blocked, id=10588, stack(0x000000e8ef700000,0x000000e8ef800000)]
  0x0000027188999000 JavaThread "jar transforms Thread 79" [_thread_blocked, id=13756, stack(0x000000e8ef800000,0x000000e8ef900000)]
  0x000002718899a000 JavaThread "jar transforms Thread 80" [_thread_blocked, id=17740, stack(0x000000e8ef900000,0x000000e8efa00000)]
  0x0000027188995000 JavaThread "jar transforms Thread 81" [_thread_blocked, id=14320, stack(0x000000e8efa00000,0x000000e8efb00000)]
  0x0000027188860000 JavaThread "jar transforms Thread 82" [_thread_blocked, id=5464, stack(0x000000e8efb00000,0x000000e8efc00000)]
  0x0000027188860800 JavaThread "jar transforms Thread 83" [_thread_blocked, id=16944, stack(0x000000e8efc00000,0x000000e8efd00000)]
  0x000002718885c800 JavaThread "jar transforms Thread 84" [_thread_blocked, id=17940, stack(0x000000e8efd00000,0x000000e8efe00000)]
  0x000002718885d800 JavaThread "jar transforms Thread 85" [_thread_blocked, id=14232, stack(0x000000e8efe00000,0x000000e8eff00000)]
  0x000002718885f000 JavaThread "jar transforms Thread 86" [_thread_blocked, id=544, stack(0x000000e8eff00000,0x000000e8f0000000)]
  0x0000027188861800 JavaThread "jar transforms Thread 87" [_thread_blocked, id=11228, stack(0x000000e8f0000000,0x000000e8f0100000)]
  0x000002718885e800 JavaThread "jar transforms Thread 88" [_thread_blocked, id=12392, stack(0x000000e8f0100000,0x000000e8f0200000)]
  0x000002718885c000 JavaThread "jar transforms Thread 89" [_thread_blocked, id=9500, stack(0x000000e8f0200000,0x000000e8f0300000)]
  0x0000027188866800 JavaThread "jar transforms Thread 90" [_thread_blocked, id=14360, stack(0x000000e8f0300000,0x000000e8f0400000)]
  0x0000027188864000 JavaThread "jar transforms Thread 91" [_thread_blocked, id=4688, stack(0x000000e8f0400000,0x000000e8f0500000)]
  0x0000027188862800 JavaThread "jar transforms Thread 92" [_thread_blocked, id=2184, stack(0x000000e8f0500000,0x000000e8f0600000)]
  0x0000027188867800 JavaThread "jar transforms Thread 93" [_thread_blocked, id=9048, stack(0x000000e8f0600000,0x000000e8f0700000)]
  0x0000027188868000 JavaThread "jar transforms Thread 94" [_thread_blocked, id=6184, stack(0x000000e8f0700000,0x000000e8f0800000)]
  0x0000027188865000 JavaThread "jar transforms Thread 95" [_thread_blocked, id=14496, stack(0x000000e8f0800000,0x000000e8f0900000)]
  0x0000027188869000 JavaThread "jar transforms Thread 96" [_thread_blocked, id=14780, stack(0x000000e8f0900000,0x000000e8f0a00000)]
  0x0000027188863000 JavaThread "jar transforms Thread 97" [_thread_blocked, id=5852, stack(0x000000e8f0a00000,0x000000e8f0b00000)]
  0x0000027188869800 JavaThread "jar transforms Thread 98" [_thread_blocked, id=14704, stack(0x000000e8f0b00000,0x000000e8f0c00000)]
  0x000002718886a800 JavaThread "jar transforms Thread 99" [_thread_blocked, id=5728, stack(0x000000e8f0c00000,0x000000e8f0d00000)]
  0x0000027188865800 JavaThread "jar transforms Thread 100" [_thread_blocked, id=15644, stack(0x000000e8f0d00000,0x000000e8f0e00000)]
  0x000002718b8a4000 JavaThread "jar transforms Thread 101" [_thread_blocked, id=5524, stack(0x000000e8f0e00000,0x000000e8f0f00000)]
  0x000002718b89f000 JavaThread "jar transforms Thread 102" [_thread_blocked, id=16888, stack(0x000000e8f0f00000,0x000000e8f1000000)]
  0x000002718b8a1800 JavaThread "jar transforms Thread 103" [_thread_blocked, id=17220, stack(0x000000e8f1000000,0x000000e8f1100000)]
  0x000002718b8a2000 JavaThread "jar transforms Thread 104" [_thread_blocked, id=17876, stack(0x000000e8f1100000,0x000000e8f1200000)]
  0x000002718b8a3000 JavaThread "jar transforms Thread 105" [_thread_blocked, id=7312, stack(0x000000e8f1200000,0x000000e8f1300000)]
  0x000002718b8a0800 JavaThread "jar transforms Thread 106" [_thread_blocked, id=8528, stack(0x000000e8f1300000,0x000000e8f1400000)]
  0x000002718b89e000 JavaThread "jar transforms Thread 107" [_thread_blocked, id=10188, stack(0x000000e8f1400000,0x000000e8f1500000)]
  0x000002718b8a4800 JavaThread "jar transforms Thread 108" [_thread_blocked, id=376, stack(0x000000e8f1500000,0x000000e8f1600000)]
  0x000002718b8a5800 JavaThread "jar transforms Thread 109" [_thread_blocked, id=9140, stack(0x000000e8f1600000,0x000000e8f1700000)]
  0x000002718b89f800 JavaThread "jar transforms Thread 110" [_thread_blocked, id=17092, stack(0x000000e8f1700000,0x000000e8f1800000)]
  0x000002718b8a8000 JavaThread "jar transforms Thread 111" [_thread_blocked, id=4332, stack(0x000000e8f1800000,0x000000e8f1900000)]
  0x000002718b8a7000 JavaThread "jar transforms Thread 112" [_thread_blocked, id=6140, stack(0x000000e8f1900000,0x000000e8f1a00000)]
  0x000002718b8a6000 JavaThread "jar transforms Thread 113" [_thread_blocked, id=17620, stack(0x000000e8f1a00000,0x000000e8f1b00000)]
  0x000002718b8ad000 JavaThread "jar transforms Thread 114" [_thread_blocked, id=13592, stack(0x000000e8f1b00000,0x000000e8f1c00000)]
  0x000002718b8a8800 JavaThread "jar transforms Thread 115" [_thread_blocked, id=15920, stack(0x000000e8f1c00000,0x000000e8f1d00000)]
  0x000002718b8a9800 JavaThread "jar transforms Thread 116" [_thread_blocked, id=15688, stack(0x000000e8f1d00000,0x000000e8f1e00000)]
  0x000002718b8ac000 JavaThread "jar transforms Thread 117" [_thread_blocked, id=6108, stack(0x000000e8f1e00000,0x000000e8f1f00000)]
  0x000002718b8aa800 JavaThread "jar transforms Thread 118" [_thread_blocked, id=3664, stack(0x000000e8f1f00000,0x000000e8f2000000)]
  0x000002718b8ab000 JavaThread "jar transforms Thread 119" [_thread_blocked, id=2152, stack(0x000000e8f2000000,0x000000e8f2100000)]
  0x0000027188359800 JavaThread "jar transforms Thread 120" [_thread_blocked, id=16652, stack(0x000000e8f2100000,0x000000e8f2200000)]
  0x000002718835a800 JavaThread "jar transforms Thread 121" [_thread_blocked, id=13064, stack(0x000000e8f2200000,0x000000e8f2300000)]
  0x000002718835d000 JavaThread "jar transforms Thread 122" [_thread_blocked, id=16716, stack(0x000000e8f2300000,0x000000e8f2400000)]
  0x000002718835b800 JavaThread "jar transforms Thread 123" [_thread_blocked, id=16468, stack(0x000000e8f2400000,0x000000e8f2500000)]
  0x000002718835c000 JavaThread "jar transforms Thread 124" [_thread_blocked, id=14208, stack(0x000000e8f2500000,0x000000e8f2600000)]
  0x000002718835e000 JavaThread "jar transforms Thread 125" [_thread_blocked, id=2376, stack(0x000000e8f2600000,0x000000e8f2700000)]
  0x0000027188358000 JavaThread "Memory manager" [_thread_blocked, id=16760, stack(0x000000e8f2700000,0x000000e8f2800000)]
  0x0000027188359000 JavaThread "pool-3-thread-1" [_thread_blocked, id=12840, stack(0x000000e8f2800000,0x000000e8f2900000)]

Other Threads:
  0x00000271ff621000 VMThread "VM Thread" [stack: 0x000000e8e7500000,0x000000e8e7600000] [id=8988]
  0x00000271861ca000 WatcherThread [stack: 0x000000e8e7f00000,0x000000e8e8000000] [id=9720]
  0x00000271eb350800 GCTaskThread "GC Thread#0" [stack: 0x000000e8e7000000,0x000000e8e7100000] [id=2700]
  0x0000027186def800 GCTaskThread "GC Thread#1" [stack: 0x000000e8e8100000,0x000000e8e8200000] [id=10960]
  0x0000027187148000 GCTaskThread "GC Thread#2" [stack: 0x000000e8e8800000,0x000000e8e8900000] [id=15800]
  0x0000027187148800 GCTaskThread "GC Thread#3" [stack: 0x000000e8e8900000,0x000000e8e8a00000] [id=13056]
  0x0000027188169000 GCTaskThread "GC Thread#4" [stack: 0x000000e8e8a00000,0x000000e8e8b00000] [id=15208]
  0x000002718816a000 GCTaskThread "GC Thread#5" [stack: 0x000000e8e8b00000,0x000000e8e8c00000] [id=9940]
  0x0000027187815000 GCTaskThread "GC Thread#6" [stack: 0x000000e8e8c00000,0x000000e8e8d00000] [id=17104]
  0x0000027187816000 GCTaskThread "GC Thread#7" [stack: 0x000000e8e8d00000,0x000000e8e8e00000] [id=13888]
  0x00000271eb382800 ConcurrentGCThread "G1 Main Marker" [stack: 0x000000e8e7100000,0x000000e8e7200000] [id=8556]
  0x00000271eb384800 ConcurrentGCThread "G1 Conc#0" [stack: 0x000000e8e7200000,0x000000e8e7300000] [id=18260]
  0x0000027186ea6000 ConcurrentGCThread "G1 Conc#1" [stack: 0x000000e8e9900000,0x000000e8e9a00000] [id=10060]
  0x00000271eb40c800 ConcurrentGCThread "G1 Refine#0" [stack: 0x000000e8e7300000,0x000000e8e7400000] [id=17936]
  0x0000027188d9e800 ConcurrentGCThread "G1 Refine#1" [stack: 0x000000e8e8e00000,0x000000e8e8f00000] [id=6292]
  0x0000027187faa000 ConcurrentGCThread "G1 Refine#2" [stack: 0x000000e8e8f00000,0x000000e8e9000000] [id=11196]
  0x00000271872a1000 ConcurrentGCThread "G1 Refine#3" [stack: 0x000000e8e9000000,0x000000e8e9100000] [id=13824]
  0x00000271eb40d800 ConcurrentGCThread "G1 Young RemSet Sampling" [stack: 0x000000e8e7400000,0x000000e8e7500000] [id=16816]

Threads with active compile tasks:
C2 CompilerThread0  12307 7501       4       org.gradle.internal.reflect.MutableClassDetails::property (41 bytes)
C1 CompilerThread0  12307 7548       3       java.util.Locale::getUnicodeLocaleType (54 bytes)
C2 CompilerThread1  12308 7515       4       org.gradle.internal.reflect.MethodSet::add (50 bytes)

VM state:not at safepoint (normal execution)

VM Mutex/Monitor currently owned by a thread:  ([mutex/lock_event])
[0x00000271eb33a630] CodeCache_lock - owner thread: 0x0000000000000000

Heap address: 0x0000000080000000, size: 2048 MB, Compressed Oops mode: 32-bit
Narrow klass base: 0x0000000000000000, Narrow klass shift: 3
Compressed class space size: 1073741824 Address: 0x0000000100000000

Heap:
 garbage-first heap   total 172032K, used 118899K [0x0000000080000000, 0x0000000100000000)
  region size 1024K, 41 young (41984K), 7 survivors (7168K)
 Metaspace       used 82002K, capacity 83983K, committed 84224K, reserved 1122304K
  class space    used 10520K, capacity 11218K, committed 11264K, reserved 1048576K
Heap Regions: E=young(eden), S=young(survivor), O=old, HS=humongous(starts), HC=humongous(continues), CS=collection set, F=free, A=archive, TAMS=top-at-mark-start (previous, next)
|   0|0x0000000080000000, 0x0000000080100000, 0x0000000080100000|100%| O|  |TAMS 0x0000000080100000, 0x0000000080000000| Untracked 
|   1|0x0000000080100000, 0x0000000080200000, 0x0000000080200000|100%| O|  |TAMS 0x0000000080200000, 0x0000000080100000| Untracked 
|   2|0x0000000080200000, 0x0000000080300000, 0x0000000080300000|100%| O|  |TAMS 0x0000000080300000, 0x0000000080200000| Untracked 
|   3|0x0000000080300000, 0x0000000080400000, 0x0000000080400000|100%|HS|  |TAMS 0x0000000080400000, 0x0000000080300000| Complete 
|   4|0x0000000080400000, 0x0000000080500000, 0x0000000080500000|100%|HC|  |TAMS 0x0000000080500000, 0x0000000080400000| Complete 
|   5|0x0000000080500000, 0x0000000080600000, 0x0000000080600000|100%|HC|  |TAMS 0x0000000080600000, 0x0000000080500000| Complete 
|   6|0x0000000080600000, 0x0000000080700000, 0x0000000080700000|100%| O|  |TAMS 0x0000000080700000, 0x0000000080600000| Untracked 
|   7|0x0000000080700000, 0x0000000080800000, 0x0000000080800000|100%| O|  |TAMS 0x0000000080800000, 0x0000000080700000| Untracked 
|   8|0x0000000080800000, 0x0000000080900000, 0x0000000080900000|100%| O|  |TAMS 0x0000000080900000, 0x0000000080800000| Untracked 
|   9|0x0000000080900000, 0x0000000080a00000, 0x0000000080a00000|100%| O|  |TAMS 0x0000000080a00000, 0x0000000080900000| Untracked 
|  10|0x0000000080a00000, 0x0000000080b00000, 0x0000000080b00000|100%| O|  |TAMS 0x0000000080b00000, 0x0000000080a00000| Untracked 
|  11|0x0000000080b00000, 0x0000000080c00000, 0x0000000080c00000|100%| O|  |TAMS 0x0000000080c00000, 0x0000000080b00000| Untracked 
|  12|0x0000000080c00000, 0x0000000080d00000, 0x0000000080d00000|100%| O|  |TAMS 0x0000000080d00000, 0x0000000080c00000| Untracked 
|  13|0x0000000080d00000, 0x0000000080e00000, 0x0000000080e00000|100%| O|  |TAMS 0x0000000080e00000, 0x0000000080d00000| Untracked 
|  14|0x0000000080e00000, 0x0000000080f00000, 0x0000000080f00000|100%| O|  |TAMS 0x0000000080f00000, 0x0000000080e00000| Untracked 
|  15|0x0000000080f00000, 0x0000000081000000, 0x0000000081000000|100%|HS|  |TAMS 0x0000000081000000, 0x0000000080f00000| Complete 
|  16|0x0000000081000000, 0x0000000081100000, 0x0000000081100000|100%|HC|  |TAMS 0x0000000081100000, 0x0000000081000000| Complete 
|  17|0x0000000081100000, 0x0000000081200000, 0x0000000081200000|100%|HS|  |TAMS 0x0000000081200000, 0x0000000081100000| Complete 
|  18|0x0000000081200000, 0x0000000081300000, 0x0000000081300000|100%|HC|  |TAMS 0x0000000081300000, 0x0000000081200000| Complete 
|  19|0x0000000081300000, 0x0000000081400000, 0x0000000081400000|100%|HC|  |TAMS 0x0000000081400000, 0x0000000081300000| Complete 
|  20|0x0000000081400000, 0x0000000081500000, 0x0000000081500000|100%|HS|  |TAMS 0x0000000081500000, 0x0000000081400000| Complete 
|  21|0x0000000081500000, 0x0000000081600000, 0x0000000081600000|100%|HC|  |TAMS 0x0000000081600000, 0x0000000081500000| Complete 
|  22|0x0000000081600000, 0x0000000081700000, 0x0000000081700000|100%|HC|  |TAMS 0x0000000081700000, 0x0000000081600000| Complete 
|  23|0x0000000081700000, 0x0000000081800000, 0x0000000081800000|100%|HC|  |TAMS 0x0000000081800000, 0x0000000081700000| Complete 
|  24|0x0000000081800000, 0x0000000081900000, 0x0000000081900000|100%| O|  |TAMS 0x0000000081900000, 0x0000000081800000| Untracked 
|  25|0x0000000081900000, 0x0000000081a00000, 0x0000000081a00000|100%| O|  |TAMS 0x0000000081a00000, 0x0000000081900000| Untracked 
|  26|0x0000000081a00000, 0x0000000081b00000, 0x0000000081b00000|100%| O|  |TAMS 0x0000000081b00000, 0x0000000081a00000| Untracked 
|  27|0x0000000081b00000, 0x0000000081c00000, 0x0000000081c00000|100%| O|  |TAMS 0x0000000081c00000, 0x0000000081b00000| Untracked 
|  28|0x0000000081c00000, 0x0000000081d00000, 0x0000000081d00000|100%| O|  |TAMS 0x0000000081d00000, 0x0000000081c00000| Untracked 
|  29|0x0000000081d00000, 0x0000000081e00000, 0x0000000081e00000|100%| O|  |TAMS 0x0000000081e00000, 0x0000000081d00000| Untracked 
|  30|0x0000000081e00000, 0x0000000081f00000, 0x0000000081f00000|100%| O|  |TAMS 0x0000000081f00000, 0x0000000081e00000| Untracked 
|  31|0x0000000081f00000, 0x0000000082000000, 0x0000000082000000|100%|HS|  |TAMS 0x0000000082000000, 0x0000000081f00000| Complete 
|  32|0x0000000082000000, 0x0000000082100000, 0x0000000082100000|100%|HC|  |TAMS 0x0000000082100000, 0x0000000082000000| Complete 
|  33|0x0000000082100000, 0x0000000082200000, 0x0000000082200000|100%|HC|  |TAMS 0x0000000082200000, 0x0000000082100000| Complete 
|  34|0x0000000082200000, 0x0000000082300000, 0x0000000082300000|100%| O|  |TAMS 0x0000000082300000, 0x0000000082200000| Untracked 
|  35|0x0000000082300000, 0x0000000082400000, 0x0000000082400000|100%| O|  |TAMS 0x0000000082400000, 0x0000000082300000| Untracked 
|  36|0x0000000082400000, 0x0000000082500000, 0x0000000082500000|100%|HS|  |TAMS 0x0000000082500000, 0x0000000082400000| Complete 
|  37|0x0000000082500000, 0x0000000082600000, 0x0000000082600000|100%|HC|  |TAMS 0x0000000082600000, 0x0000000082500000| Complete 
|  38|0x0000000082600000, 0x0000000082700000, 0x0000000082700000|100%|HC|  |TAMS 0x0000000082700000, 0x0000000082600000| Complete 
|  39|0x0000000082700000, 0x0000000082800000, 0x0000000082800000|100%|HC|  |TAMS 0x0000000082800000, 0x0000000082700000| Complete 
|  40|0x0000000082800000, 0x0000000082900000, 0x0000000082900000|100%| O|  |TAMS 0x0000000082900000, 0x0000000082800000| Untracked 
|  41|0x0000000082900000, 0x0000000082a00000, 0x0000000082a00000|100%| O|  |TAMS 0x0000000082a00000, 0x0000000082900000| Untracked 
|  42|0x0000000082a00000, 0x0000000082b00000, 0x0000000082b00000|100%| O|  |TAMS 0x0000000082b00000, 0x0000000082a00000| Untracked 
|  43|0x0000000082b00000, 0x0000000082c00000, 0x0000000082c00000|100%| O|  |TAMS 0x0000000082c00000, 0x0000000082b00000| Untracked 
|  44|0x0000000082c00000, 0x0000000082d00000, 0x0000000082d00000|100%| O|  |TAMS 0x0000000082d00000, 0x0000000082c00000| Untracked 
|  45|0x0000000082d00000, 0x0000000082e00000, 0x0000000082e00000|100%| O|  |TAMS 0x0000000082e00000, 0x0000000082d00000| Untracked 
|  46|0x0000000082e00000, 0x0000000082f00000, 0x0000000082f00000|100%| O|  |TAMS 0x0000000082f00000, 0x0000000082e00000| Untracked 
|  47|0x0000000082f00000, 0x0000000083000000, 0x0000000083000000|100%| O|  |TAMS 0x0000000083000000, 0x0000000082f00000| Untracked 
|  48|0x0000000083000000, 0x0000000083100000, 0x0000000083100000|100%| O|  |TAMS 0x0000000083100000, 0x0000000083000000| Untracked 
|  49|0x0000000083100000, 0x0000000083200000, 0x0000000083200000|100%|HS|  |TAMS 0x0000000083200000, 0x0000000083100000| Complete 
|  50|0x0000000083200000, 0x0000000083300000, 0x0000000083300000|100%| O|  |TAMS 0x0000000083300000, 0x0000000083200000| Untracked 
|  51|0x0000000083300000, 0x0000000083400000, 0x0000000083400000|100%| O|  |TAMS 0x0000000083400000, 0x0000000083300000| Untracked 
|  52|0x0000000083400000, 0x0000000083500000, 0x0000000083500000|100%|HS|  |TAMS 0x0000000083500000, 0x0000000083400000| Complete 
|  53|0x0000000083500000, 0x0000000083600000, 0x0000000083600000|100%|HC|  |TAMS 0x0000000083600000, 0x0000000083500000| Complete 
|  54|0x0000000083600000, 0x0000000083700000, 0x0000000083700000|100%|HC|  |TAMS 0x0000000083700000, 0x0000000083600000| Complete 
|  55|0x0000000083700000, 0x0000000083800000, 0x0000000083800000|100%| O|  |TAMS 0x0000000083800000, 0x0000000083700000| Untracked 
|  56|0x0000000083800000, 0x0000000083900000, 0x0000000083900000|100%| O|  |TAMS 0x0000000083900000, 0x0000000083800000| Untracked 
|  57|0x0000000083900000, 0x0000000083a00000, 0x0000000083a00000|100%| O|  |TAMS 0x0000000083a00000, 0x0000000083900000| Untracked 
|  58|0x0000000083a00000, 0x0000000083b00000, 0x0000000083b00000|100%| O|  |TAMS 0x0000000083b00000, 0x0000000083a00000| Untracked 
|  59|0x0000000083b00000, 0x0000000083c00000, 0x0000000083c00000|100%| O|  |TAMS 0x0000000083c00000, 0x0000000083b00000| Untracked 
|  60|0x0000000083c00000, 0x0000000083d00000, 0x0000000083d00000|100%|HS|  |TAMS 0x0000000083d00000, 0x0000000083c00000| Complete 
|  61|0x0000000083d00000, 0x0000000083e00000, 0x0000000083e00000|100%|HC|  |TAMS 0x0000000083e00000, 0x0000000083d00000| Complete 
|  62|0x0000000083e00000, 0x0000000083f00000, 0x0000000083f00000|100%| O|  |TAMS 0x0000000083f00000, 0x0000000083e00000| Untracked 
|  63|0x0000000083f00000, 0x0000000084000000, 0x0000000084000000|100%| O|  |TAMS 0x0000000084000000, 0x0000000083f00000| Untracked 
|  64|0x0000000084000000, 0x0000000084100000, 0x0000000084100000|100%| O|  |TAMS 0x0000000084100000, 0x0000000084000000| Untracked 
|  65|0x0000000084100000, 0x0000000084200000, 0x0000000084200000|100%| O|  |TAMS 0x0000000084200000, 0x0000000084100000| Untracked 
|  66|0x0000000084200000, 0x0000000084300000, 0x0000000084300000|100%| O|  |TAMS 0x0000000084300000, 0x0000000084200000| Untracked 
|  67|0x0000000084300000, 0x0000000084400000, 0x0000000084400000|100%| O|  |TAMS 0x0000000084400000, 0x0000000084300000| Untracked 
|  68|0x0000000084400000, 0x0000000084500000, 0x0000000084500000|100%| O|  |TAMS 0x0000000084500000, 0x0000000084400000| Untracked 
|  69|0x0000000084500000, 0x0000000084600000, 0x0000000084600000|100%| O|  |TAMS 0x0000000084600000, 0x0000000084500000| Untracked 
|  70|0x0000000084600000, 0x0000000084700000, 0x0000000084700000|100%| O|  |TAMS 0x0000000084700000, 0x0000000084600000| Untracked 
|  71|0x0000000084700000, 0x0000000084800000, 0x0000000084800000|100%| O|  |TAMS 0x0000000084800000, 0x0000000084700000| Untracked 
|  72|0x0000000084800000, 0x0000000084900000, 0x0000000084900000|100%| O|  |TAMS 0x0000000084900000, 0x0000000084800000| Untracked 
|  73|0x0000000084900000, 0x0000000084a00000, 0x0000000084a00000|100%| O|  |TAMS 0x0000000084a00000, 0x0000000084900000| Untracked 
|  74|0x0000000084a00000, 0x0000000084b00000, 0x0000000084b00000|100%| O|  |TAMS 0x0000000084b00000, 0x0000000084a00000| Untracked 
|  75|0x0000000084b00000, 0x0000000084c00000, 0x0000000084c00000|100%| O|  |TAMS 0x0000000084c00000, 0x0000000084b00000| Untracked 
|  76|0x0000000084c00000, 0x0000000084d00000, 0x0000000084d00000|100%| O|  |TAMS 0x0000000084c12c00, 0x0000000084c00000| Untracked 
|  77|0x0000000084d00000, 0x0000000084de7600, 0x0000000084e00000| 90%| O|  |TAMS 0x0000000084d00000, 0x0000000084d00000| Untracked 
|  78|0x0000000084e00000, 0x0000000084e00000, 0x0000000084f00000|  0%| F|  |TAMS 0x0000000084e00000, 0x0000000084e00000| Untracked 
|  79|0x0000000084f00000, 0x0000000084f00000, 0x0000000085000000|  0%| F|  |TAMS 0x0000000084f00000, 0x0000000084f00000| Untracked 
|  80|0x0000000085000000, 0x0000000085000000, 0x0000000085100000|  0%| F|  |TAMS 0x0000000085000000, 0x0000000085000000| Untracked 
|  81|0x0000000085100000, 0x0000000085100000, 0x0000000085200000|  0%| F|  |TAMS 0x0000000085100000, 0x0000000085100000| Untracked 
|  82|0x0000000085200000, 0x0000000085200000, 0x0000000085300000|  0%| F|  |TAMS 0x0000000085200000, 0x0000000085200000| Untracked 
|  83|0x0000000085300000, 0x0000000085300000, 0x0000000085400000|  0%| F|  |TAMS 0x0000000085300000, 0x0000000085300000| Untracked 
|  84|0x0000000085400000, 0x0000000085400000, 0x0000000085500000|  0%| F|  |TAMS 0x0000000085400000, 0x0000000085400000| Untracked 
|  85|0x0000000085500000, 0x0000000085500000, 0x0000000085600000|  0%| F|  |TAMS 0x0000000085500000, 0x0000000085500000| Untracked 
|  86|0x0000000085600000, 0x0000000085600000, 0x0000000085700000|  0%| F|  |TAMS 0x0000000085600000, 0x0000000085600000| Untracked 
|  87|0x0000000085700000, 0x0000000085700000, 0x0000000085800000|  0%| F|  |TAMS 0x0000000085700000, 0x0000000085700000| Untracked 
|  88|0x0000000085800000, 0x0000000085800000, 0x0000000085900000|  0%| F|  |TAMS 0x0000000085800000, 0x0000000085800000| Untracked 
|  89|0x0000000085900000, 0x0000000085900000, 0x0000000085a00000|  0%| F|  |TAMS 0x0000000085900000, 0x0000000085900000| Untracked 
|  90|0x0000000085a00000, 0x0000000085a00000, 0x0000000085b00000|  0%| F|  |TAMS 0x0000000085a00000, 0x0000000085a00000| Untracked 
|  91|0x0000000085b00000, 0x0000000085b00000, 0x0000000085c00000|  0%| F|  |TAMS 0x0000000085b00000, 0x0000000085b00000| Untracked 
|  92|0x0000000085c00000, 0x0000000085c00000, 0x0000000085d00000|  0%| F|  |TAMS 0x0000000085c00000, 0x0000000085c00000| Untracked 
|  93|0x0000000085d00000, 0x0000000085d00000, 0x0000000085e00000|  0%| F|  |TAMS 0x0000000085d00000, 0x0000000085d00000| Untracked 
|  94|0x0000000085e00000, 0x0000000085e00000, 0x0000000085f00000|  0%| F|  |TAMS 0x0000000085e00000, 0x0000000085e00000| Untracked 
|  95|0x0000000085f00000, 0x0000000085f00000, 0x0000000086000000|  0%| F|  |TAMS 0x0000000085f00000, 0x0000000085f00000| Untracked 
|  96|0x0000000086000000, 0x0000000086000000, 0x0000000086100000|  0%| F|  |TAMS 0x0000000086000000, 0x0000000086000000| Untracked 
|  97|0x0000000086100000, 0x0000000086100000, 0x0000000086200000|  0%| F|  |TAMS 0x0000000086100000, 0x0000000086100000| Untracked 
|  98|0x0000000086200000, 0x0000000086200000, 0x0000000086300000|  0%| F|  |TAMS 0x0000000086200000, 0x0000000086200000| Untracked 
|  99|0x0000000086300000, 0x0000000086300000, 0x0000000086400000|  0%| F|  |TAMS 0x0000000086300000, 0x0000000086300000| Untracked 
| 100|0x0000000086400000, 0x0000000086400000, 0x0000000086500000|  0%| F|  |TAMS 0x0000000086400000, 0x0000000086400000| Untracked 
| 101|0x0000000086500000, 0x0000000086500000, 0x0000000086600000|  0%| F|  |TAMS 0x0000000086500000, 0x0000000086500000| Untracked 
| 102|0x0000000086600000, 0x0000000086600000, 0x0000000086700000|  0%| F|  |TAMS 0x0000000086600000, 0x0000000086600000| Untracked 
| 103|0x0000000086700000, 0x0000000086700000, 0x0000000086800000|  0%| F|  |TAMS 0x0000000086700000, 0x0000000086700000| Untracked 
| 104|0x0000000086800000, 0x0000000086800000, 0x0000000086900000|  0%| F|  |TAMS 0x0000000086800000, 0x0000000086800000| Untracked 
| 105|0x0000000086900000, 0x0000000086900000, 0x0000000086a00000|  0%| F|  |TAMS 0x0000000086900000, 0x0000000086900000| Untracked 
| 106|0x0000000086a00000, 0x0000000086a00000, 0x0000000086b00000|  0%| F|  |TAMS 0x0000000086a00000, 0x0000000086a00000| Untracked 
| 107|0x0000000086b00000, 0x0000000086b00000, 0x0000000086c00000|  0%| F|  |TAMS 0x0000000086b00000, 0x0000000086b00000| Untracked 
| 108|0x0000000086c00000, 0x0000000086c00000, 0x0000000086d00000|  0%| F|  |TAMS 0x0000000086c00000, 0x0000000086c00000| Untracked 
| 109|0x0000000086d00000, 0x0000000086d00000, 0x0000000086e00000|  0%| F|  |TAMS 0x0000000086d00000, 0x0000000086d00000| Untracked 
| 110|0x0000000086e00000, 0x0000000086e00000, 0x0000000086f00000|  0%| F|  |TAMS 0x0000000086e00000, 0x0000000086e00000| Untracked 
| 111|0x0000000086f00000, 0x0000000086f00000, 0x0000000087000000|  0%| F|  |TAMS 0x0000000086f00000, 0x0000000086f00000| Untracked 
| 112|0x0000000087000000, 0x0000000087035860, 0x0000000087100000| 20%| S|CS|TAMS 0x0000000087000000, 0x0000000087000000| Complete 
| 113|0x0000000087100000, 0x0000000087200000, 0x0000000087200000|100%| S|CS|TAMS 0x0000000087100000, 0x0000000087100000| Complete 
| 114|0x0000000087200000, 0x0000000087300000, 0x0000000087300000|100%| S|CS|TAMS 0x0000000087200000, 0x0000000087200000| Complete 
| 115|0x0000000087300000, 0x0000000087400000, 0x0000000087400000|100%| S|CS|TAMS 0x0000000087300000, 0x0000000087300000| Complete 
| 116|0x0000000087400000, 0x0000000087500000, 0x0000000087500000|100%| S|CS|TAMS 0x0000000087400000, 0x0000000087400000| Complete 
| 117|0x0000000087500000, 0x0000000087600000, 0x0000000087600000|100%| S|CS|TAMS 0x0000000087500000, 0x0000000087500000| Complete 
| 118|0x0000000087600000, 0x0000000087700000, 0x0000000087700000|100%| S|CS|TAMS 0x0000000087600000, 0x0000000087600000| Complete 
| 119|0x0000000087700000, 0x0000000087700000, 0x0000000087800000|  0%| F|  |TAMS 0x0000000087700000, 0x0000000087700000| Untracked 
| 120|0x0000000087800000, 0x0000000087800000, 0x0000000087900000|  0%| F|  |TAMS 0x0000000087800000, 0x0000000087800000| Untracked 
| 121|0x0000000087900000, 0x0000000087900000, 0x0000000087a00000|  0%| F|  |TAMS 0x0000000087900000, 0x0000000087900000| Untracked 
| 122|0x0000000087a00000, 0x0000000087a00000, 0x0000000087b00000|  0%| F|  |TAMS 0x0000000087a00000, 0x0000000087a00000| Untracked 
| 123|0x0000000087b00000, 0x0000000087b00000, 0x0000000087c00000|  0%| F|  |TAMS 0x0000000087b00000, 0x0000000087b00000| Untracked 
| 124|0x0000000087c00000, 0x0000000087c00000, 0x0000000087d00000|  0%| F|  |TAMS 0x0000000087c00000, 0x0000000087c00000| Untracked 
| 125|0x0000000087d00000, 0x0000000087d00000, 0x0000000087e00000|  0%| F|  |TAMS 0x0000000087d00000, 0x0000000087d00000| Untracked 
| 126|0x0000000087e00000, 0x0000000087e00000, 0x0000000087f00000|  0%| F|  |TAMS 0x0000000087e00000, 0x0000000087e00000| Untracked 
| 127|0x0000000087f00000, 0x0000000087f00000, 0x0000000088000000|  0%| F|  |TAMS 0x0000000087f00000, 0x0000000087f00000| Untracked 
| 128|0x0000000088000000, 0x0000000088000000, 0x0000000088100000|  0%| F|  |TAMS 0x0000000088000000, 0x0000000088000000| Untracked 
| 129|0x0000000088100000, 0x0000000088100000, 0x0000000088200000|  0%| F|  |TAMS 0x0000000088100000, 0x0000000088100000| Untracked 
| 130|0x0000000088200000, 0x0000000088200000, 0x0000000088300000|  0%| F|  |TAMS 0x0000000088200000, 0x0000000088200000| Untracked 
| 131|0x0000000088300000, 0x0000000088300000, 0x0000000088400000|  0%| F|  |TAMS 0x0000000088300000, 0x0000000088300000| Untracked 
| 132|0x0000000088400000, 0x0000000088400000, 0x0000000088500000|  0%| F|  |TAMS 0x0000000088400000, 0x0000000088400000| Untracked 
| 133|0x0000000088500000, 0x0000000088500000, 0x0000000088600000|  0%| F|  |TAMS 0x0000000088500000, 0x0000000088500000| Untracked 
| 134|0x0000000088600000, 0x0000000088680800, 0x0000000088700000| 50%| E|  |TAMS 0x0000000088600000, 0x0000000088600000| Complete 
| 135|0x0000000088700000, 0x0000000088800000, 0x0000000088800000|100%| E|CS|TAMS 0x0000000088700000, 0x0000000088700000| Complete 
| 136|0x0000000088800000, 0x0000000088900000, 0x0000000088900000|100%| E|CS|TAMS 0x0000000088800000, 0x0000000088800000| Complete 
| 137|0x0000000088900000, 0x0000000088a00000, 0x0000000088a00000|100%| E|CS|TAMS 0x0000000088900000, 0x0000000088900000| Complete 
| 138|0x0000000088a00000, 0x0000000088b00000, 0x0000000088b00000|100%| E|CS|TAMS 0x0000000088a00000, 0x0000000088a00000| Complete 
| 139|0x0000000088b00000, 0x0000000088c00000, 0x0000000088c00000|100%| E|CS|TAMS 0x0000000088b00000, 0x0000000088b00000| Complete 
| 140|0x0000000088c00000, 0x0000000088d00000, 0x0000000088d00000|100%| E|CS|TAMS 0x0000000088c00000, 0x0000000088c00000| Complete 
| 141|0x0000000088d00000, 0x0000000088e00000, 0x0000000088e00000|100%| E|CS|TAMS 0x0000000088d00000, 0x0000000088d00000| Complete 
| 142|0x0000000088e00000, 0x0000000088f00000, 0x0000000088f00000|100%| E|CS|TAMS 0x0000000088e00000, 0x0000000088e00000| Complete 
| 143|0x0000000088f00000, 0x0000000089000000, 0x0000000089000000|100%| E|CS|TAMS 0x0000000088f00000, 0x0000000088f00000| Complete 
| 144|0x0000000089000000, 0x0000000089100000, 0x0000000089100000|100%| E|CS|TAMS 0x0000000089000000, 0x0000000089000000| Complete 
| 145|0x0000000089100000, 0x0000000089200000, 0x0000000089200000|100%| E|CS|TAMS 0x0000000089100000, 0x0000000089100000| Complete 
| 146|0x0000000089200000, 0x0000000089300000, 0x0000000089300000|100%| E|CS|TAMS 0x0000000089200000, 0x0000000089200000| Complete 
| 147|0x0000000089300000, 0x0000000089400000, 0x0000000089400000|100%| E|CS|TAMS 0x0000000089300000, 0x0000000089300000| Complete 
| 148|0x0000000089400000, 0x0000000089500000, 0x0000000089500000|100%| E|CS|TAMS 0x0000000089400000, 0x0000000089400000| Complete 
| 149|0x0000000089500000, 0x0000000089600000, 0x0000000089600000|100%| E|CS|TAMS 0x0000000089500000, 0x0000000089500000| Complete 
| 150|0x0000000089600000, 0x0000000089700000, 0x0000000089700000|100%| E|CS|TAMS 0x0000000089600000, 0x0000000089600000| Complete 
| 151|0x0000000089700000, 0x0000000089800000, 0x0000000089800000|100%| E|CS|TAMS 0x0000000089700000, 0x0000000089700000| Complete 
| 152|0x0000000089800000, 0x0000000089900000, 0x0000000089900000|100%| E|CS|TAMS 0x0000000089800000, 0x0000000089800000| Complete 
| 153|0x0000000089900000, 0x0000000089a00000, 0x0000000089a00000|100%| E|CS|TAMS 0x0000000089900000, 0x0000000089900000| Complete 
| 154|0x0000000089a00000, 0x0000000089b00000, 0x0000000089b00000|100%| E|CS|TAMS 0x0000000089a00000, 0x0000000089a00000| Complete 
| 155|0x0000000089b00000, 0x0000000089c00000, 0x0000000089c00000|100%| E|CS|TAMS 0x0000000089b00000, 0x0000000089b00000| Complete 
| 156|0x0000000089c00000, 0x0000000089d00000, 0x0000000089d00000|100%| E|  |TAMS 0x0000000089c00000, 0x0000000089c00000| Complete 
| 157|0x0000000089d00000, 0x0000000089e00000, 0x0000000089e00000|100%| E|CS|TAMS 0x0000000089d00000, 0x0000000089d00000| Complete 
| 158|0x0000000089e00000, 0x0000000089f00000, 0x0000000089f00000|100%| E|CS|TAMS 0x0000000089e00000, 0x0000000089e00000| Complete 
| 159|0x0000000089f00000, 0x000000008a000000, 0x000000008a000000|100%| E|CS|TAMS 0x0000000089f00000, 0x0000000089f00000| Complete 
| 160|0x000000008a000000, 0x000000008a100000, 0x000000008a100000|100%| E|CS|TAMS 0x000000008a000000, 0x000000008a000000| Complete 
| 161|0x000000008a100000, 0x000000008a200000, 0x000000008a200000|100%| E|CS|TAMS 0x000000008a100000, 0x000000008a100000| Complete 
| 162|0x000000008a200000, 0x000000008a300000, 0x000000008a300000|100%| E|CS|TAMS 0x000000008a200000, 0x000000008a200000| Complete 
| 163|0x000000008a300000, 0x000000008a400000, 0x000000008a400000|100%| E|CS|TAMS 0x000000008a300000, 0x000000008a300000| Complete 
| 164|0x000000008a400000, 0x000000008a500000, 0x000000008a500000|100%| E|CS|TAMS 0x000000008a400000, 0x000000008a400000| Complete 
| 165|0x000000008a500000, 0x000000008a600000, 0x000000008a600000|100%| E|CS|TAMS 0x000000008a500000, 0x000000008a500000| Complete 
| 166|0x000000008a600000, 0x000000008a700000, 0x000000008a700000|100%| E|CS|TAMS 0x000000008a600000, 0x000000008a600000| Complete 
| 167|0x000000008a700000, 0x000000008a800000, 0x000000008a800000|100%| E|CS|TAMS 0x000000008a700000, 0x000000008a700000| Complete 

Card table byte_map: [0x00000271fe3f0000,0x00000271fe7f0000] _byte_map_base: 0x00000271fdff0000

Marking Bits (Prev, Next): (CMBitMap*) 0x00000271eb3787f0, (CMBitMap*) 0x00000271eb3787b8
 Prev Bits: [0x0000027182000000, 0x0000027184000000)
 Next Bits: [0x0000027180000000, 0x0000027182000000)

Polling page: 0x00000271e92a0000

Metaspace:

Usage:
  Non-class:     71.12 MB capacity,    69.84 MB ( 98%) used,     1.11 MB (  2%) free+waste,   180.25 KB ( <1%) overhead. 
      Class:     10.96 MB capacity,    10.28 MB ( 94%) used,   611.73 KB (  5%) free+waste,    84.25 KB ( <1%) overhead. 
       Both:     82.08 MB capacity,    80.11 MB ( 98%) used,     1.71 MB (  2%) free+waste,   264.50 KB ( <1%) overhead. 

Virtual space:
  Non-class space:       72.00 MB reserved,      71.25 MB ( 99%) committed 
      Class space:        1.00 GB reserved,      11.00 MB (  1%) committed 
             Both:        1.07 GB reserved,      82.25 MB (  8%) committed 

Chunk freelists:
   Non-Class:  3.00 KB
       Class:  14.00 KB
        Both:  17.00 KB

MaxMetaspaceSize: 17179869184.00 GB
CompressedClassSpaceSize: 1.00 GB

CodeHeap 'non-profiled nmethods': size=120000Kb used=4690Kb max_used=4690Kb free=115309Kb
 bounds [0x00000271f6780000, 0x00000271f6c20000, 0x00000271fdcb0000]
CodeHeap 'profiled nmethods': size=120000Kb used=16203Kb max_used=16203Kb free=103796Kb
 bounds [0x00000271ef250000, 0x00000271f0230000, 0x00000271f6780000]
CodeHeap 'non-nmethods': size=5760Kb used=2271Kb max_used=2327Kb free=3488Kb
 bounds [0x00000271eecb0000, 0x00000271eef20000, 0x00000271ef250000]
 total_blobs=8151 nmethods=7280 adapters=782
 compilation: enabled
              stopped_count=0, restarted_count=0
 full_count=0

Compilation events (20 events):
Event: 12.256 Thread 0x00000271871cf800 nmethod 7496 0x00000271f6c0ff90 code [0x00000271f6c102a0, 0x00000271f6c12888]
Event: 12.256 Thread 0x00000271871cf800 7515       4       org.gradle.internal.reflect.MethodSet::add (50 bytes)
Event: 12.257 Thread 0x00000271ff64a800 7522       3       org.gradle.api.DefaultTask::getProject (5 bytes)
Event: 12.258 Thread 0x00000271ff64a800 nmethod 7522 0x00000271f0209e90 code [0x00000271f020a120, 0x00000271f020acf8]
Event: 12.258 Thread 0x00000271ff64a800 7523       3       org.gradle.api.internal.AbstractTask::getProject (9 bytes)
Event: 12.259 Thread 0x00000271ff64a800 nmethod 7523 0x00000271f020b110 code [0x00000271f020b3a0, 0x00000271f020bf18]
Event: 12.260 Thread 0x00000271ff64a800 7524       3       java.lang.invoke.MethodHandles$Lookup::<init> (12 bytes)
Event: 12.260 Thread 0x00000271ff64a800 nmethod 7524 0x00000271f020c310 code [0x00000271f020c4e0, 0x00000271f020c728]
Event: 12.260 Thread 0x00000271ff64a800 7525       3       org.gradle.api.internal.file.CompositeFileCollection::<init> (5 bytes)
Event: 12.261 Thread 0x00000271ff64a800 nmethod 7525 0x00000271f020c810 code [0x00000271f020c9e0, 0x00000271f020cc58]
Event: 12.262 Thread 0x00000271ff64a800 7526       1       org.gradle.api.internal.project.DefaultProject::getDepth (5 bytes)
Event: 12.262 Thread 0x00000271ff64a800 nmethod 7526 0x00000271f6c13b90 code [0x00000271f6c13d40, 0x00000271f6c13df8]
Event: 12.267 Thread 0x00000271ff64a800 7527       3       jdk.internal.misc.Unsafe::objectFieldOffset (18 bytes)
Event: 12.267 Thread 0x00000271ff64a800 nmethod 7527 0x00000271f020cd90 code [0x00000271f020cf60, 0x00000271f020d178]
Event: 12.267 Thread 0x00000271ff64a800 7529       3       java.io.ObjectStreamClass$3::compare (13 bytes)
Event: 12.267 Thread 0x00000271ff64a800 nmethod 7529 0x00000271f020d290 code [0x00000271f020d460, 0x00000271f020d7e8]
Event: 12.267 Thread 0x00000271ff64a800 7530       3       java.io.ObjectStreamClass$3::compare (12 bytes)
Event: 12.268 Thread 0x00000271ff64a800 nmethod 7530 0x00000271f020d990 code [0x00000271f020db40, 0x00000271f020dc88]
Event: 12.268 Thread 0x00000271ff64a800 7531       3       java.lang.reflect.Method::equals (69 bytes)
Event: 12.268 Thread 0x00000271ff64a800 nmethod 7531 0x00000271f020dd90 code [0x00000271f020df80, 0x00000271f020e628]

GC Heap History (20 events):
Event: 7.317 GC heap before
{Heap before GC invocations=18 (full 0):
 garbage-first heap   total 118784K, used 62968K [0x0000000080000000, 0x0000000100000000)
  region size 1024K, 9 young (9216K), 5 survivors (5120K)
 Metaspace       used 50602K, capacity 52045K, committed 52224K, reserved 1095680K
  class space    used 6365K, capacity 6817K, committed 6912K, reserved 1048576K
}
Event: 7.324 GC heap after
{Heap after GC invocations=19 (full 0):
 garbage-first heap   total 118784K, used 63034K [0x0000000080000000, 0x0000000100000000)
  region size 1024K, 3 young (3072K), 3 survivors (3072K)
 Metaspace       used 50602K, capacity 52045K, committed 52224K, reserved 1095680K
  class space    used 6365K, capacity 6817K, committed 6912K, reserved 1048576K
}
Event: 7.623 GC heap before
{Heap before GC invocations=20 (full 0):
 garbage-first heap   total 118784K, used 84538K [0x0000000080000000, 0x0000000100000000)
  region size 1024K, 22 young (22528K), 3 survivors (3072K)
 Metaspace       used 52310K, capacity 53905K, committed 54016K, reserved 1095680K
  class space    used 6580K, capacity 7073K, committed 7168K, reserved 1048576K
}
Event: 7.626 GC heap after
{Heap after GC invocations=21 (full 0):
 garbage-first heap   total 143360K, used 67693K [0x0000000080000000, 0x0000000100000000)
  region size 1024K, 3 young (3072K), 3 survivors (3072K)
 Metaspace       used 52310K, capacity 53905K, committed 54016K, reserved 1095680K
  class space    used 6580K, capacity 7073K, committed 7168K, reserved 1048576K
}
Event: 8.155 GC heap before
{Heap before GC invocations=21 (full 0):
 garbage-first heap   total 143360K, used 98413K [0x0000000080000000, 0x0000000100000000)
  region size 1024K, 33 young (33792K), 3 survivors (3072K)
 Metaspace       used 56767K, capacity 58338K, committed 58368K, reserved 1099776K
  class space    used 7120K, capacity 7659K, committed 7680K, reserved 1048576K
}
Event: 8.160 GC heap after
{Heap after GC invocations=22 (full 0):
 garbage-first heap   total 143360K, used 68851K [0x0000000080000000, 0x0000000100000000)
  region size 1024K, 4 young (4096K), 4 survivors (4096K)
 Metaspace       used 56767K, capacity 58338K, committed 58368K, reserved 1099776K
  class space    used 7120K, capacity 7659K, committed 7680K, reserved 1048576K
}
Event: 8.776 GC heap before
{Heap before GC invocations=23 (full 0):
 garbage-first heap   total 143360K, used 100595K [0x0000000080000000, 0x0000000100000000)
  region size 1024K, 36 young (36864K), 4 survivors (4096K)
 Metaspace       used 61356K, capacity 62999K, committed 63104K, reserved 1103872K
  class space    used 7694K, capacity 8248K, committed 8320K, reserved 1048576K
}
Event: 8.782 GC heap after
{Heap after GC invocations=24 (full 0):
 garbage-first heap   total 143360K, used 71370K [0x0000000080000000, 0x0000000100000000)
  region size 1024K, 4 young (4096K), 4 survivors (4096K)
 Metaspace       used 61356K, capacity 62999K, committed 63104K, reserved 1103872K
  class space    used 7694K, capacity 8248K, committed 8320K, reserved 1048576K
}
Event: 9.132 GC heap before
{Heap before GC invocations=24 (full 0):
 garbage-first heap   total 143360K, used 95946K [0x0000000080000000, 0x0000000100000000)
  region size 1024K, 29 young (29696K), 4 survivors (4096K)
 Metaspace       used 63631K, capacity 65281K, committed 65408K, reserved 1105920K
  class space    used 7972K, capacity 8554K, committed 8576K, reserved 1048576K
}
Event: 9.137 GC heap after
{Heap after GC invocations=25 (full 0):
 garbage-first heap   total 143360K, used 73163K [0x0000000080000000, 0x0000000100000000)
  region size 1024K, 3 young (3072K), 3 survivors (3072K)
 Metaspace       used 63631K, capacity 65281K, committed 65408K, reserved 1105920K
  class space    used 7972K, capacity 8554K, committed 8576K, reserved 1048576K
}
Event: 9.660 GC heap before
{Heap before GC invocations=26 (full 0):
 garbage-first heap   total 143360K, used 106955K [0x0000000080000000, 0x0000000100000000)
  region size 1024K, 35 young (35840K), 3 survivors (3072K)
 Metaspace       used 66482K, capacity 68250K, committed 68352K, reserved 1107968K
  class space    used 8315K, capacity 8874K, committed 8960K, reserved 1048576K
}
Event: 9.664 GC heap after
{Heap after GC invocations=27 (full 0):
 garbage-first heap   total 143360K, used 74564K [0x0000000080000000, 0x0000000100000000)
  region size 1024K, 4 young (4096K), 4 survivors (4096K)
 Metaspace       used 66482K, capacity 68250K, committed 68352K, reserved 1107968K
  class space    used 8315K, capacity 8874K, committed 8960K, reserved 1048576K
}
Event: 9.943 GC heap before
{Heap before GC invocations=27 (full 0):
 garbage-first heap   total 143360K, used 108356K [0x0000000080000000, 0x0000000100000000)
  region size 1024K, 37 young (37888K), 4 survivors (4096K)
 Metaspace       used 67375K, capacity 69206K, committed 69504K, reserved 1110016K
  class space    used 8423K, capacity 9021K, committed 9088K, reserved 1048576K
}
Event: 9.952 GC heap after
{Heap after GC invocations=28 (full 0):
 garbage-first heap   total 143360K, used 77839K [0x0000000080000000, 0x0000000100000000)
  region size 1024K, 5 young (5120K), 5 survivors (5120K)
 Metaspace       used 67375K, capacity 69206K, committed 69504K, reserved 1110016K
  class space    used 8423K, capacity 9021K, committed 9088K, reserved 1048576K
}
Event: 10.534 GC heap before
{Heap before GC invocations=29 (full 0):
 garbage-first heap   total 143360K, used 110607K [0x0000000080000000, 0x0000000100000000)
  region size 1024K, 37 young (37888K), 5 survivors (5120K)
 Metaspace       used 71554K, capacity 73450K, committed 73600K, reserved 1114112K
  class space    used 9152K, capacity 9772K, committed 9856K, reserved 1048576K
}
Event: 10.542 GC heap after
{Heap after GC invocations=30 (full 0):
 garbage-first heap   total 172032K, used 80061K [0x0000000080000000, 0x0000000100000000)
  region size 1024K, 3 young (3072K), 3 survivors (3072K)
 Metaspace       used 71554K, capacity 73450K, committed 73600K, reserved 1114112K
  class space    used 9152K, capacity 9772K, committed 9856K, reserved 1048576K
}
Event: 11.073 GC heap before
{Heap before GC invocations=30 (full 0):
 garbage-first heap   total 172032K, used 123069K [0x0000000080000000, 0x0000000100000000)
  region size 1024K, 45 young (46080K), 3 survivors (3072K)
 Metaspace       used 74161K, capacity 75992K, committed 76288K, reserved 1116160K
  class space    used 9537K, capacity 10144K, committed 10240K, reserved 1048576K
}
Event: 11.083 GC heap after
{Heap after GC invocations=31 (full 0):
 garbage-first heap   total 172032K, used 83142K [0x0000000080000000, 0x0000000100000000)
  region size 1024K, 6 young (6144K), 6 survivors (6144K)
 Metaspace       used 74161K, capacity 75992K, committed 76288K, reserved 1116160K
  class space    used 9537K, capacity 10144K, committed 10240K, reserved 1048576K
}
Event: 11.757 GC heap before
{Heap before GC invocations=32 (full 0):
 garbage-first heap   total 172032K, used 127174K [0x0000000080000000, 0x0000000100000000)
  region size 1024K, 49 young (50176K), 6 survivors (6144K)
 Metaspace       used 78065K, capacity 79902K, committed 80128K, reserved 1118208K
  class space    used 10042K, capacity 10636K, committed 10752K, reserved 1048576K
}
Event: 11.764 GC heap after
{Heap after GC invocations=33 (full 0):
 garbage-first heap   total 172032K, used 86131K [0x0000000080000000, 0x0000000100000000)
  region size 1024K, 7 young (7168K), 7 survivors (7168K)
 Metaspace       used 78065K, capacity 79902K, committed 80128K, reserved 1118208K
  class space    used 10042K, capacity 10636K, committed 10752K, reserved 1048576K
}

Deoptimization events (20 events):
Event: 11.919 Thread 0x00000271871d0800 DEOPT PACKING pc=0x00000271f6859220 sp=0x000000e8e93faa70
Event: 11.919 Thread 0x00000271871d0800 DEOPT UNPACKING pc=0x00000271eecd74af sp=0x000000e8e93fa9e0 mode 2
Event: 11.920 Thread 0x00000271871d0800 Uncommon trap: trap_request=0xffffffde fr.pc=0x00000271f6955f54 relative=0x0000000000000514
Event: 11.920 Thread 0x00000271871d0800 Uncommon trap: reason=class_check action=maybe_recompile pc=0x00000271f6955f54 method=java.lang.Throwable.<init>(Ljava/lang/String;Ljava/lang/Throwable;)V @ 24 c2
Event: 11.920 Thread 0x00000271871d0800 DEOPT PACKING pc=0x00000271f6955f54 sp=0x000000e8e93faa80
Event: 11.920 Thread 0x00000271871d0800 DEOPT UNPACKING pc=0x00000271eecd74af sp=0x000000e8e93faa48 mode 2
Event: 12.070 Thread 0x0000027188365000 Uncommon trap: trap_request=0xffffff4d fr.pc=0x00000271f6a36f80 relative=0x0000000000000400
Event: 12.070 Thread 0x0000027188365000 Uncommon trap: reason=unstable_if action=reinterpret pc=0x00000271f6a36f80 method=java.util.concurrent.locks.AbstractQueuedSynchronizer.acquire(I)V @ 20 c2
Event: 12.070 Thread 0x0000027188365000 DEOPT PACKING pc=0x00000271f6a36f80 sp=0x000000e8f2bfecd0
Event: 12.070 Thread 0x0000027188365000 DEOPT UNPACKING pc=0x00000271eecd74af sp=0x000000e8f2bfec68 mode 2
Event: 12.076 Thread 0x00000271871d0800 Uncommon trap: trap_request=0xffffffbe fr.pc=0x00000271f6b17230 relative=0x0000000000000c90
Event: 12.076 Thread 0x00000271871d0800 Uncommon trap: reason=profile_predicate action=maybe_recompile pc=0x00000271f6b17230 method=java.util.regex.Pattern$BnM.optimize(Ljava/util/regex/Pattern$Node;)Ljava/util/regex/Pattern$Node; @ 67 c2
Event: 12.076 Thread 0x00000271871d0800 DEOPT PACKING pc=0x00000271f6b17230 sp=0x000000e8e93fa210
Event: 12.076 Thread 0x00000271871d0800 DEOPT UNPACKING pc=0x00000271eecd74af sp=0x000000e8e93fa168 mode 2
Event: 12.090 Thread 0x00000271871d0800 DEOPT PACKING pc=0x00000271ef54c049 sp=0x000000e8e93f84c0
Event: 12.090 Thread 0x00000271871d0800 DEOPT UNPACKING pc=0x00000271eecd72ce sp=0x000000e8e93f7938 mode 0
Event: 12.212 Thread 0x00000271871d0800 DEOPT PACKING pc=0x00000271efe5e56c sp=0x000000e8e93f8bc0
Event: 12.212 Thread 0x00000271871d0800 DEOPT UNPACKING pc=0x00000271eecd72ce sp=0x000000e8e93f8188 mode 0
Event: 12.250 Thread 0x00000271871d0800 DEOPT PACKING pc=0x00000271efe94d27 sp=0x000000e8e93f89a0
Event: 12.250 Thread 0x00000271871d0800 DEOPT UNPACKING pc=0x00000271eecd72ce sp=0x000000e8e93f7e50 mode 0

Classes redefined (0 events):
No events

Internal exceptions (20 events):
Event: 11.467 Thread 0x00000271871d0800 Exception <a 'java/lang/ClassNotFoundException'{0x0000000088f28280}: org/gradle/api/internal/artifacts/configurations/DefaultConfiguration$ConfigurationResolvableDependencies_DecoratedCustomizer> (0x0000000088f28280) thrown at [./src/hotspot/share/classfile/systemDictionary.cpp, line 231]
Event: 11.605 Thread 0x00000271871d0800 Exception <a 'java/lang/ClassNotFoundException'{0x000000008898e9d0}: org/jetbrains/plugins/gradle/model/web/WebConfigurationBeanInfo> (0x000000008898e9d0) thrown at [./src/hotspot/share/classfile/systemDictionary.cpp, line 231]
Event: 11.605 Thread 0x00000271871d0800 Exception <a 'java/lang/ClassNotFoundException'{0x000000008899d1f0}: org/jetbrains/plugins/gradle/model/web/WebConfigurationCustomizer> (0x000000008899d1f0) thrown at [./src/hotspot/share/classfile/systemDictionary.cpp, line 231]
Event: 11.606 Thread 0x00000271871d0800 Exception <a 'java/lang/SecurityException'{0x00000000889adbc8}> (0x00000000889adbc8) thrown at [./src/hotspot/share/prims/jvm.cpp, line 1301]
Event: 11.607 Thread 0x00000271871d0800 Exception <a 'java/lang/ClassNotFoundException'{0x00000000889c26f0}: java/lang/ClassBeanInfo> (0x00000000889c26f0) thrown at [./src/hotspot/share/classfile/systemDictionary.cpp, line 231]
Event: 11.607 Thread 0x00000271871d0800 Exception <a 'java/lang/ClassNotFoundException'{0x00000000889c99f0}: java/lang/ClassCustomizer> (0x00000000889c99f0) thrown at [./src/hotspot/share/classfile/systemDictionary.cpp, line 231]
Event: 11.611 Thread 0x00000271871d0800 Exception <a 'java/lang/ClassNotFoundException'{0x000000008883e900}: org/jetbrains/plugins/gradle/model/scala/ScalaModelBeanInfo> (0x000000008883e900) thrown at [./src/hotspot/share/classfile/systemDictionary.cpp, line 231]
Event: 11.611 Thread 0x00000271871d0800 Exception <a 'java/lang/ClassNotFoundException'{0x000000008884d058}: org/jetbrains/plugins/gradle/model/scala/ScalaModelCustomizer> (0x000000008884d058) thrown at [./src/hotspot/share/classfile/systemDictionary.cpp, line 231]
Event: 11.727 Thread 0x00000271871d0800 Exception <a 'java/lang/NoSuchMethodError'{0x0000000087f93348}: 'java.lang.Object java.lang.invoke.Invokers$Holder.linkToTargetMethod(java.lang.Object, java.lang.Object, java.lang.Object, java.lang.Object, java.lang.Object, java.lang.Object, java.lang.Object)'> (0x0000000087f93348) thrown at [./src/hotspot/share/interpreter/linkResolver.cpp, line 773]
Event: 11.862 Thread 0x00000271881d4000 Exception <a 'java/lang/NoSuchMethodError'{0x000000008a289898}: <clinit>> (0x000000008a289898) thrown at [./src/hotspot/share/prims/jni.cpp, line 1362]
Event: 11.865 Thread 0x00000271881d4000 Exception <a 'java/lang/NoSuchMethodError'{0x000000008a29dc28}: <clinit>> (0x000000008a29dc28) thrown at [./src/hotspot/share/prims/jni.cpp, line 1362]
Event: 11.866 Thread 0x00000271881d4000 Exception <a 'java/lang/NoSuchMethodError'{0x000000008a2aa830}: <clinit>> (0x000000008a2aa830) thrown at [./src/hotspot/share/prims/jni.cpp, line 1362]
Event: 11.870 Thread 0x00000271881d4000 Exception <a 'java/lang/NoSuchMethodError'{0x000000008a2b4d68}: <clinit>> (0x000000008a2b4d68) thrown at [./src/hotspot/share/prims/jni.cpp, line 1362]
Event: 11.982 Thread 0x00000271871d0800 Exception <a 'java/lang/NoSuchMethodError'{0x0000000089d78808}: <clinit>> (0x0000000089d78808) thrown at [./src/hotspot/share/prims/jni.cpp, line 1362]
Event: 12.051 Thread 0x00000271871d0800 Exception <a 'sun/nio/fs/WindowsException'{0x0000000089a68da8}> (0x0000000089a68da8) thrown at [./src/hotspot/share/prims/jni.cpp, line 615]
Event: 12.080 Thread 0x00000271871d0800 Exception <a 'java/lang/ClassNotFoundException'{0x0000000089896d50}: org/codehaus/groovy/runtime/NullObjectBeanInfo> (0x0000000089896d50) thrown at [./src/hotspot/share/classfile/systemDictionary.cpp, line 231]
Event: 12.080 Thread 0x00000271871d0800 Exception <a 'java/lang/ClassNotFoundException'{0x00000000898a56e0}: org/codehaus/groovy/runtime/NullObjectCustomizer> (0x00000000898a56e0) thrown at [./src/hotspot/share/classfile/systemDictionary.cpp, line 231]
Event: 12.090 Thread 0x00000271871d0800 Exception <a 'java/lang/NoSuchMethodError'{0x0000000089744e10}: <clinit>> (0x0000000089744e10) thrown at [./src/hotspot/share/prims/jni.cpp, line 1362]
Event: 12.176 Thread 0x00000271871d0800 Exception <a 'java/lang/NoSuchMethodError'{0x000000008920f808}: <clinit>> (0x000000008920f808) thrown at [./src/hotspot/share/prims/jni.cpp, line 1362]
Event: 12.267 Thread 0x00000271871d0800 Exception <a 'java/lang/NoSuchMethodError'{0x00000000889945b0}: <clinit>> (0x00000000889945b0) thrown at [./src/hotspot/share/prims/jni.cpp, line 1362]

Events (20 events):
Event: 12.247 loading class org/gradle/plugins/ide/idea/IdeaPlugin
Event: 12.247 loading class org/gradle/plugins/ide/idea/IdeaPlugin done
Event: 12.248 loading class org/gradle/plugins/ide/internal/generator/generator/Generator
Event: 12.248 loading class org/gradle/plugins/ide/internal/generator/generator/Generator done
Event: 12.252 loading class org/gradle/plugins/ide/api/XmlGeneratorTask$1
Event: 12.252 loading class org/gradle/plugins/ide/api/XmlGeneratorTask$1 done
Event: 12.252 loading class org/gradle/plugins/ide/internal/generator/generator/PersistableConfigurationObjectGenerator
Event: 12.252 loading class org/gradle/plugins/ide/internal/generator/generator/PersistableConfigurationObjectGenerator done
Event: 12.257 loading class org/gradle/plugins/ide/internal/IdePlugin$9$1
Event: 12.257 loading class org/gradle/plugins/ide/internal/IdePlugin$9$1 done
Event: 12.262 loading class org/gradle/api/internal/tasks/DefaultTaskContainer$5
Event: 12.262 loading class org/gradle/api/internal/tasks/DefaultTaskContainer$5 done
Event: 12.262 loading class org/jetbrains/kotlin/gradle/KotlinGradleModelImpl
Event: 12.262 loading class org/jetbrains/kotlin/gradle/KotlinGradleModelImpl done
Event: 12.264 loading class org/jetbrains/kotlin/gradle/ArgsInfo
Event: 12.264 loading class org/jetbrains/kotlin/gradle/ArgsInfo done
Event: 12.264 loading class org/jetbrains/kotlin/gradle/KotlinTaskProperties
Event: 12.264 loading class org/jetbrains/kotlin/gradle/KotlinTaskProperties done
Event: 12.268 loading class org/jetbrains/kotlin/android/synthetic/idea/AndroidExtensionsGradleModelImpl
Event: 12.268 loading class org/jetbrains/kotlin/android/synthetic/idea/AndroidExtensionsGradleModelImpl done


Dynamic libraries:
0x00007ff7d24e0000 - 0x00007ff7d24ea000 	C:\Program Files\Android\Android Studio\jre\bin\java.exe
0x00007ff835130000 - 0x00007ff835325000 	C:\Windows\SYSTEM32\ntdll.dll
0x00007ff833600000 - 0x00007ff8336bd000 	C:\Windows\System32\KERNEL32.DLL
0x00007ff8328a0000 - 0x00007ff832b68000 	C:\Windows\System32\KERNELBASE.dll
0x00007ff82fc60000 - 0x00007ff82fcf0000 	C:\Windows\SYSTEM32\apphelp.dll
0x00007ff832ca0000 - 0x00007ff832da0000 	C:\Windows\System32\ucrtbase.dll
0x00007ff828970000 - 0x00007ff828989000 	C:\Program Files\Android\Android Studio\jre\bin\jli.dll
0x00007ff824620000 - 0x00007ff824637000 	C:\Program Files\Android\Android Studio\jre\bin\VCRUNTIME140.dll
0x00007ff81d6a0000 - 0x00007ff81d93a000 	C:\Windows\WinSxS\amd64_microsoft.windows.common-controls_6595b64144ccf1df_6.0.19041.1052_none_60b8f8fd71f5e8cb\COMCTL32.dll
0x00007ff833200000 - 0x00007ff8333a0000 	C:\Windows\System32\USER32.dll
0x00007ff832b70000 - 0x00007ff832b92000 	C:\Windows\System32\win32u.dll
0x00007ff8341a0000 - 0x00007ff83423e000 	C:\Windows\System32\msvcrt.dll
0x00007ff8338d0000 - 0x00007ff8338fa000 	C:\Windows\System32\GDI32.dll
0x00007ff832da0000 - 0x00007ff832eab000 	C:\Windows\System32\gdi32full.dll
0x00007ff832c00000 - 0x00007ff832c9d000 	C:\Windows\System32\msvcp_win.dll
0x00007ff8350c0000 - 0x00007ff8350f0000 	C:\Windows\System32\IMM32.DLL
0x00007ff811280000 - 0x00007ff81131d000 	C:\Program Files\Android\Android Studio\jre\bin\msvcp140.dll
0x00007ff8046f0000 - 0x00007ff8051ac000 	C:\Program Files\Android\Android Studio\jre\bin\server\jvm.dll
0x00007ff833550000 - 0x00007ff8335fc000 	C:\Windows\System32\ADVAPI32.dll
0x00007ff8344a0000 - 0x00007ff83453b000 	C:\Windows\System32\sechost.dll
0x00007ff834240000 - 0x00007ff83436b000 	C:\Windows\System32\RPCRT4.dll
0x00007ff833470000 - 0x00007ff833478000 	C:\Windows\System32\PSAPI.DLL
0x00007ff81e620000 - 0x00007ff81e629000 	C:\Windows\SYSTEM32\WSOCK32.dll
0x00007ff827400000 - 0x00007ff827427000 	C:\Windows\SYSTEM32\WINMM.dll
0x00007ff824230000 - 0x00007ff82423a000 	C:\Windows\SYSTEM32\VERSION.dll
0x00007ff8345f0000 - 0x00007ff83465b000 	C:\Windows\System32\WS2_32.dll
0x00007ff831140000 - 0x00007ff831152000 	C:\Windows\SYSTEM32\kernel.appcore.dll
0x00007ff828660000 - 0x00007ff828671000 	C:\Program Files\Android\Android Studio\jre\bin\verify.dll
0x00007ff830450000 - 0x00007ff830634000 	C:\Windows\SYSTEM32\DBGHELP.DLL
0x00007ff829110000 - 0x00007ff82913c000 	C:\Windows\SYSTEM32\dbgcore.DLL
0x00007ff832f00000 - 0x00007ff832f83000 	C:\Windows\System32\bcryptPrimitives.dll
0x00007ff8247f0000 - 0x00007ff824819000 	C:\Program Files\Android\Android Studio\jre\bin\java.dll
0x00007ff82d440000 - 0x00007ff82d44b000 	C:\Program Files\Android\Android Studio\jre\bin\jimage.dll
0x00007ff826520000 - 0x00007ff826538000 	C:\Program Files\Android\Android Studio\jre\bin\zip.dll
0x00007ff833a60000 - 0x00007ff83419f000 	C:\Windows\System32\SHELL32.dll
0x00007ff8309a0000 - 0x00007ff831130000 	C:\Windows\SYSTEM32\windows.storage.dll
0x00007ff834660000 - 0x00007ff8349b5000 	C:\Windows\System32\combase.dll
0x00007ff832210000 - 0x00007ff83223c000 	C:\Windows\SYSTEM32\Wldp.dll
0x00007ff8333c0000 - 0x00007ff83346e000 	C:\Windows\System32\SHCORE.dll
0x00007ff8349c0000 - 0x00007ff834a15000 	C:\Windows\System32\shlwapi.dll
0x00007ff8327b0000 - 0x00007ff8327cf000 	C:\Windows\SYSTEM32\profapi.dll
0x00007ff818600000 - 0x00007ff81861a000 	C:\Program Files\Android\Android Studio\jre\bin\net.dll
0x00007ff827cb0000 - 0x00007ff827dbb000 	C:\Windows\SYSTEM32\WINHTTP.dll
0x00007ff831f80000 - 0x00007ff831fea000 	C:\Windows\system32\mswsock.dll
0x00007ff818420000 - 0x00007ff818434000 	C:\Program Files\Android\Android Studio\jre\bin\nio.dll
0x00007ff82bc20000 - 0x00007ff82bc47000 	C:\Users\User\.gradle\native\fdc75f09e3144964f2cf3f50f0aa648679c211496f362492102eb8c894070792\windows-amd64\native-platform.dll
0x00007ff807a50000 - 0x00007ff807be6000 	C:\Users\User\.gradle\native\12488b8bf47d2d4c9fbf2f6322a914ad602e24e48041cd04a747c6da556b65c4\windows-amd64\native-platform-file-events.dll
0x00007ff82cb00000 - 0x00007ff82cb0a000 	C:\Program Files\Android\Android Studio\jre\bin\management.dll
0x00007ff828960000 - 0x00007ff82896c000 	C:\Program Files\Android\Android Studio\jre\bin\management_ext.dll
0x00007ff832150000 - 0x00007ff832168000 	C:\Windows\SYSTEM32\CRYPTSP.dll
0x00007ff831920000 - 0x00007ff831954000 	C:\Windows\system32\rsaenh.dll
0x00007ff832870000 - 0x00007ff832897000 	C:\Windows\System32\bcrypt.dll
0x00007ff832770000 - 0x00007ff83279e000 	C:\Windows\SYSTEM32\USERENV.dll
0x00007ff832170000 - 0x00007ff83217c000 	C:\Windows\SYSTEM32\CRYPTBASE.dll
0x00007ff831c70000 - 0x00007ff831cab000 	C:\Windows\SYSTEM32\IPHLPAPI.DLL
0x00007ff8350b0000 - 0x00007ff8350b8000 	C:\Windows\System32\NSI.dll
0x00007ff829f10000 - 0x00007ff829f27000 	C:\Windows\SYSTEM32\dhcpcsvc6.DLL
0x00007ff82a780000 - 0x00007ff82a79d000 	C:\Windows\SYSTEM32\dhcpcsvc.DLL
0x00007ff831cb0000 - 0x00007ff831d7c000 	C:\Windows\SYSTEM32\DNSAPI.dll
0x00007ff82ab40000 - 0x00007ff82ab4b000 	C:\Windows\SYSTEM32\WINNSI.DLL

dbghelp: loaded successfully - version: 4.0.5 - missing functions: none
symbol engine: initialized successfully - sym options: 0x614 - pdb path: .;C:\Program Files\Android\Android Studio\jre\bin;C:\Windows\SYSTEM32;C:\Windows\WinSxS\amd64_microsoft.windows.common-controls_6595b64144ccf1df_6.0.19041.1052_none_60b8f8fd71f5e8cb;C:\Program Files\Android\Android Studio\jre\bin\server;C:\Users\User\.gradle\native\fdc75f09e3144964f2cf3f50f0aa648679c211496f362492102eb8c894070792\windows-amd64;C:\Users\User\.gradle\native\12488b8bf47d2d4c9fbf2f6322a914ad602e24e48041cd04a747c6da556b65c4\windows-amd64

VM Arguments:
jvm_args: --add-opens=java.base/java.util=ALL-UNNAMED --add-opens=java.base/java.lang=ALL-UNNAMED --add-opens=java.base/java.lang.invoke=ALL-UNNAMED --add-opens=java.prefs/java.util.prefs=ALL-UNNAMED -Xmx2048m -Dfile.encoding=UTF-8 -Duser.country=IL -Duser.language=iw -Duser.variant 
java_command: org.gradle.launcher.daemon.bootstrap.GradleDaemon 6.7.1
java_class_path (initial): C:\Users\User\.gradle\wrapper\dists\gradle-6.7.1-bin\bwlcbys1h7rz3272sye1xwiv6\gradle-6.7.1\lib\gradle-launcher-6.7.1.jar
Launcher Type: SUN_STANDARD

[Global flags]
     intx CICompilerCount                          = 4                                         {product} {ergonomic}
     uint ConcGCThreads                            = 2                                         {product} {ergonomic}
     uint G1ConcRefinementThreads                  = 8                                         {product} {ergonomic}
   size_t G1HeapRegionSize                         = 1048576                                   {product} {ergonomic}
    uintx GCDrainStackTargetSize                   = 64                                        {product} {ergonomic}
   size_t InitialHeapSize                          = 100663296                                 {product} {ergonomic}
   size_t MarkStackSize                            = 4194304                                   {product} {ergonomic}
   size_t MaxHeapSize                              = 2147483648                                {product} {command line}
   size_t MaxNewSize                               = 1287651328                                {product} {ergonomic}
   size_t MinHeapDeltaBytes                        = 1048576                                   {product} {ergonomic}
    uintx NonNMethodCodeHeapSize                   = 5836300                                {pd product} {ergonomic}
    uintx NonProfiledCodeHeapSize                  = 122910970                              {pd product} {ergonomic}
    uintx ProfiledCodeHeapSize                     = 122910970                              {pd product} {ergonomic}
    uintx ReservedCodeCacheSize                    = 251658240                              {pd product} {ergonomic}
     bool SegmentedCodeCache                       = true                                      {product} {ergonomic}
     bool UseCompressedClassPointers               = true                                 {lp64_product} {ergonomic}
     bool UseCompressedOops                        = true                                 {lp64_product} {ergonomic}
     bool UseG1GC                                  = true                                      {product} {ergonomic}
     bool UseLargePagesIndividualAllocation        = false                                  {pd product} {ergonomic}

Logging:
Log output configuration:
 #0: stdout all=warning uptime,level,tags
 #1: stderr all=off uptime,level,tags

Environment Variables:
PATH=C:\Windows\system32;C:\Windows;C:\Windows\System32\Wbem;C:\Windows\System32\WindowsPowerShell\v1.0\;C:\Windows\System32\OpenSSH\;C:\cygwin64\bin;C:\Program Files\Git\cmd;C:\Program Files\PuTTY\;C:\Users\User\AppData\Local\Microsoft\WindowsApps;
USERNAME=User
OS=Windows_NT
PROCESSOR_IDENTIFIER=AMD64 Family 23 Model 24 Stepping 1, AuthenticAMD



---------------  S Y S T E M  ---------------

OS: Windows 10 , 64 bit Build 19041 (10.0.19041.1023)
OS uptime: 3 days 16:30 hours

CPU:total 8 (initial active 8) (8 cores per cpu, 2 threads per core) family 23 model 24 stepping 1, cmov, cx8, fxsr, mmx, sse, sse2, sse3, ssse3, sse4.1, sse4.2, popcnt, avx, avx2, aes, clmul, mmxext, 3dnowpref, lzcnt, sse4a, ht, tsc, tscinvbit, tscinv, bmi1, bmi2, adx, sha, fma

Memory: 4k page, system-wide physical 6022M (419M free)
TotalPageFile size 24454M (AvailPageFile size 6M)
current process WorkingSet (physical memory assigned to process): 354M, peak: 406M
current process commit charge ("private bytes"): 459M, peak: 461M

vm_info: OpenJDK 64-Bit Server VM (11.0.8+10-b944.6842174) for windows-amd64 JRE (11.0.8+10-b944.6842174), built on Sep 19 2020 01:11:42 by "builder" with MS VC++ 14.0 (VS2015)

END.
