#
# There is insufficient memory for the Java Runtime Environment to continue.
# Native memory allocation (malloc) failed to allocate 1034896 bytes for Chunk::new
# Possible reasons:
#   The system is out of physical RAM or swap space
#   The process is running with CompressedOops enabled, and the Java Heap may be blocking the growth of the native heap
# Possible solutions:
#   Reduce memory load on the system
#   Increase physical memory or swap space
#   Check if swap backing store is full
#   Decrease Java heap size (-Xmx/-Xms)
#   Decrease number of Java threads
#   Decrease Java thread stack sizes (-Xss)
#   Set larger code cache with -XX:ReservedCodeCacheSize=
#   JVM is running with Unscaled Compressed Oops mode in which the Java heap is
#     placed in the first 4GB address space. The Java Heap base address is the
#     maximum limit for the native heap growth. Please use -XX:HeapBaseMinAddress
#     to set the Java Heap base and to place the Java Heap above 4GB virtual address.
# This output file may be truncated or incomplete.
#
#  Out of Memory Error (./src/hotspot/share/memory/arena.cpp:197), pid=16932, tid=9064
#
# JRE version: OpenJDK Runtime Environment (11.0.8+10) (build 11.0.8+10-b944.6842174)
# Java VM: OpenJDK 64-Bit Server VM (11.0.8+10-b944.6842174, mixed mode, tiered, compressed oops, g1 gc, windows-amd64)
# No core dump will be written. Minidumps are not enabled by default on client versions of Windows
#

---------------  S U M M A R Y ------------

Command Line: --add-opens=java.base/java.util=ALL-UNNAMED --add-opens=java.base/java.lang=ALL-UNNAMED --add-opens=java.base/java.lang.invoke=ALL-UNNAMED --add-opens=java.prefs/java.util.prefs=ALL-UNNAMED -Xmx2048m -Dfile.encoding=UTF-8 -Duser.country=IL -Duser.language=iw -Duser.variant org.gradle.launcher.daemon.bootstrap.GradleDaemon 6.7.1

Host: AMD Ryzen 7 PRO 3700U w/ Radeon Vega Mobile Gfx, 8 cores, 5G,  Windows 10 , 64 bit Build 19041 (10.0.19041.1023)
Time: Tue Jun 15 16:50:20 2021 שעון קיץ ירושלים elapsed time: 12 seconds (0d 0h 0m 12s)

---------------  T H R E A D  ---------------

Current thread (0x0000019faf54b800):  JavaThread "C2 CompilerThread0" daemon [_thread_in_native, id=9064, stack(0x0000002b4c000000,0x0000002b4c100000)]


Current CompileTask:
C2:  12203 5149       4       org.objectweb.asm.Frame::execute (2318 bytes)

Stack: [0x0000002b4c000000,0x0000002b4c100000]
Native frames: (J=compiled Java code, j=interpreted, Vv=VM code, C=native code)
V  [jvm.dll+0x5de50a]
V  [jvm.dll+0x7122f5]
V  [jvm.dll+0x71384d]
V  [jvm.dll+0x713f03]
V  [jvm.dll+0x23e728]
V  [jvm.dll+0xb899c]
V  [jvm.dll+0xb8e9c]
V  [jvm.dll+0x35024d]
V  [jvm.dll+0x193ebc]
V  [jvm.dll+0x1f780e]
V  [jvm.dll+0x1f68d4]
V  [jvm.dll+0x17f32c]
V  [jvm.dll+0x205047]
V  [jvm.dll+0x203891]
V  [jvm.dll+0x6dad3f]
V  [jvm.dll+0x6d3895]
V  [jvm.dll+0x5dd4a6]
C  [ucrtbase.dll+0x21bb2]
C  [KERNEL32.DLL+0x17034]
C  [ntdll.dll+0x52651]


---------------  P R O C E S S  ---------------

Threads class SMR info:
_java_thread_list=0x0000019fb433e8a0, length=164, elements={
0x0000019f9326e800, 0x0000019faf526000, 0x0000019faf531800, 0x0000019faf541000,
0x0000019faf543800, 0x0000019faf54b800, 0x0000019faf558000, 0x0000019faf561800,
0x0000019fb000b000, 0x0000019fb0034800, 0x0000019fb11d2000, 0x0000019fb17e2800,
0x0000019fb1de9800, 0x0000019fb15a5800, 0x0000019fb208f000, 0x0000019fb1026000,
0x0000019fb200a800, 0x0000019fb1345800, 0x0000019fb138e800, 0x0000019fb1335800,
0x0000019fb238b800, 0x0000019fb2391000, 0x0000019fb238f800, 0x0000019fb2392000,
0x0000019fb238d000, 0x0000019fb238e800, 0x0000019fb2390000, 0x0000019fb238c000,
0x0000019fb238d800, 0x0000019fb45d9000, 0x0000019fb45da800, 0x0000019fb45d8000,
0x0000019fb45d9800, 0x0000019fb45d4800, 0x0000019fb45dd000, 0x0000019fb45de800,
0x0000019fb45df800, 0x0000019fb45e0000, 0x0000019fb45e1000, 0x0000019fb45dd800,
0x0000019fb45dc000, 0x0000019fb45db000, 0x0000019fb45e1800, 0x0000019fb45e2800,
0x0000019fb45e3800, 0x0000019fb4c3d000, 0x0000019fb4c40000, 0x0000019fb4c3c000,
0x0000019fb4c3b800, 0x0000019fb4c41000, 0x0000019fb4c3e800, 0x0000019fb4c43800,
0x0000019fb4c3d800, 0x0000019fb4c42000, 0x0000019fb4c44800, 0x0000019fb4c45000,
0x0000019fb4c42800, 0x0000019fb4c3f800, 0x0000019fb4c4a000, 0x0000019fb4c46000,
0x0000019fb4c46800, 0x0000019fb4c47800, 0x0000019fb4c48800, 0x0000019fb4c49000,
0x0000019fb48c5800, 0x0000019fb48c6800, 0x0000019fb48c9000, 0x0000019fb48c5000,
0x0000019fb48ca000, 0x0000019fb48c7800, 0x0000019fb48c4000, 0x0000019fb48cd000,
0x0000019fb48ca800, 0x0000019fb48cb800, 0x0000019fb48cc000, 0x0000019fb48ce000,
0x0000019fb48c8000, 0x0000019fb48ce800, 0x0000019fb48d1000, 0x0000019fb48d0800,
0x0000019fb48cf800, 0x0000019fb48d2000, 0x0000019fb48d3000, 0x0000019fb4c1d000,
0x0000019fb4c1c000, 0x0000019fb4c1e800, 0x0000019fb4c1d800, 0x0000019fb4c1f800,
0x0000019fb4c20000, 0x0000019fb4c21000, 0x0000019fb4c1b800, 0x0000019fb4c23800,
0x0000019fb4c22800, 0x0000019fb4c26000, 0x0000019fb4c26800, 0x0000019fb4c24000,
0x0000019fb4c25000, 0x0000019fb4c27800, 0x0000019fb4c22000, 0x0000019fb4c28800,
0x0000019fb4c29000, 0x0000019fb4c2a000, 0x0000019fb5fe7800, 0x0000019fb5fe4000,
0x0000019fb5fea800, 0x0000019fb5fe6800, 0x0000019fb5fe8000, 0x0000019fb5fe9000,
0x0000019fb5fe9800, 0x0000019fb5fe5000, 0x0000019fb5feb800, 0x0000019fb5fe5800,
0x0000019fb5fee000, 0x0000019fb5fed000, 0x0000019fb5fef800, 0x0000019fb5ff0800,
0x0000019fb5ff1000, 0x0000019fb5fee800, 0x0000019fb5ff2000, 0x0000019fb5fec000,
0x0000019fb5ff2800, 0x0000019fb5e92800, 0x0000019fb5e97800, 0x0000019fb5e99000,
0x0000019fb5e96000, 0x0000019fb5e93800, 0x0000019fb5e9a000, 0x0000019fb5e95000,
0x0000019fb5e98800, 0x0000019fb5e96800, 0x0000019fb5e94000, 0x0000019fb5e9b800,
0x0000019fb5e9e000, 0x0000019fb5e9c800, 0x0000019fb5e9d000, 0x0000019fb5ea0800,
0x0000019fb5e9a800, 0x0000019fb5e9f000, 0x0000019fb5ea1800, 0x0000019fb5e9f800,
0x0000019fb4ec6000, 0x0000019fb4ecb000, 0x0000019fb4ec7800, 0x0000019fb4ec7000,
0x0000019fb4ec9800, 0x0000019fb4ec5800, 0x0000019fb4eca000, 0x0000019fb4ec8800,
0x0000019fb4ecc800, 0x0000019fb4ece800, 0x0000019fb4ecc000, 0x0000019fb4ed0800,
0x0000019fb4ed3000, 0x0000019fb4ed1800, 0x0000019fb4ecf000, 0x0000019fb4ed0000,
0x0000019fb4ecd800, 0x0000019fb4ed2800, 0x0000019fb4ed4000, 0x0000019fb5d62800,
0x0000019fb5d64800, 0x0000019fb5d62000, 0x0000019fb5d66000, 0x0000019fb5d61000
}

Java Threads: ( => current thread )
  0x0000019f9326e800 JavaThread "main" [_thread_blocked, id=16804, stack(0x0000002b4b500000,0x0000002b4b600000)]
  0x0000019faf526000 JavaThread "Reference Handler" daemon [_thread_blocked, id=12112, stack(0x0000002b4bc00000,0x0000002b4bd00000)]
  0x0000019faf531800 JavaThread "Finalizer" daemon [_thread_blocked, id=4540, stack(0x0000002b4bd00000,0x0000002b4be00000)]
  0x0000019faf541000 JavaThread "Signal Dispatcher" daemon [_thread_blocked, id=13124, stack(0x0000002b4be00000,0x0000002b4bf00000)]
  0x0000019faf543800 JavaThread "Attach Listener" daemon [_thread_blocked, id=16528, stack(0x0000002b4bf00000,0x0000002b4c000000)]
=>0x0000019faf54b800 JavaThread "C2 CompilerThread0" daemon [_thread_in_native, id=9064, stack(0x0000002b4c000000,0x0000002b4c100000)]
  0x0000019faf558000 JavaThread "C1 CompilerThread0" daemon [_thread_blocked, id=4708, stack(0x0000002b4c100000,0x0000002b4c200000)]
  0x0000019faf561800 JavaThread "Sweeper thread" daemon [_thread_blocked, id=14144, stack(0x0000002b4c200000,0x0000002b4c300000)]
  0x0000019fb000b000 JavaThread "Common-Cleaner" daemon [_thread_blocked, id=8976, stack(0x0000002b4c300000,0x0000002b4c400000)]
  0x0000019fb0034800 JavaThread "Service Thread" daemon [_thread_blocked, id=15032, stack(0x0000002b4c400000,0x0000002b4c500000)]
  0x0000019fb11d2000 JavaThread "Daemon health stats" [_thread_blocked, id=11968, stack(0x0000002b4c800000,0x0000002b4c900000)]
  0x0000019fb17e2800 JavaThread "Incoming local TCP Connector on port 57919" [_thread_in_native, id=13688, stack(0x0000002b4ca00000,0x0000002b4cb00000)]
  0x0000019fb1de9800 JavaThread "Daemon periodic checks" [_thread_blocked, id=18172, stack(0x0000002b4cb00000,0x0000002b4cc00000)]
  0x0000019fb15a5800 JavaThread "Daemon" [_thread_blocked, id=3192, stack(0x0000002b4cc00000,0x0000002b4cd00000)]
  0x0000019fb208f000 JavaThread "Handler for socket connection from /127.0.0.1:57919 to /127.0.0.1:57920" [_thread_in_native, id=16568, stack(0x0000002b4cd00000,0x0000002b4ce00000)]
  0x0000019fb1026000 JavaThread "Cancel handler" [_thread_blocked, id=432, stack(0x0000002b4d500000,0x0000002b4d600000)]
  0x0000019fb200a800 JavaThread "Daemon worker" [_thread_in_vm, id=3212, stack(0x0000002b4d600000,0x0000002b4d700000)]
  0x0000019fb1345800 JavaThread "Asynchronous log dispatcher for DefaultDaemonConnection: socket connection from /127.0.0.1:57919 to /127.0.0.1:57920" [_thread_blocked, id=8004, stack(0x0000002b4d700000,0x0000002b4d800000)]
  0x0000019fb138e800 JavaThread "Stdin handler" [_thread_blocked, id=10296, stack(0x0000002b4d800000,0x0000002b4d900000)]
  0x0000019fb1335800 JavaThread "Thread-8" [_thread_blocked, id=7260, stack(0x0000002b4d900000,0x0000002b4da00000)]
  0x0000019fb238b800 JavaThread "Cache worker for file hash cache (C:\Users\User\.gradle\caches\6.7.1\fileHashes)" [_thread_blocked, id=9932, stack(0x0000002b4da00000,0x0000002b4db00000)]
  0x0000019fb2391000 JavaThread "File lock request listener" [_thread_in_native, id=17440, stack(0x0000002b4db00000,0x0000002b4dc00000)]
  0x0000019fb238f800 JavaThread "Cache worker for journal cache (C:\Users\User\.gradle\caches\journal-1)" [_thread_blocked, id=16988, stack(0x0000002b4dd00000,0x0000002b4de00000)]
  0x0000019fb2392000 JavaThread "Cache worker for file hash cache (C:\Users\User\AndroidStudioProjects\AtnachtaApp\.gradle\6.7.1\fileHashes)" [_thread_blocked, id=15516, stack(0x0000002b4de00000,0x0000002b4df00000)]
  0x0000019fb238d000 JavaThread "Cache worker for checksums cache (C:\Users\User\AndroidStudioProjects\AtnachtaApp\.gradle\checksums)" [_thread_blocked, id=16668, stack(0x0000002b4df00000,0x0000002b4e000000)]
  0x0000019fb238e800 JavaThread "Cache worker for cache directory md-supplier (C:\Users\User\.gradle\caches\6.7.1\md-supplier)" [_thread_blocked, id=10080, stack(0x0000002b4e000000,0x0000002b4e100000)]
  0x0000019fb2390000 JavaThread "Cache worker for cache directory md-rule (C:\Users\User\.gradle\caches\6.7.1\md-rule)" [_thread_blocked, id=17516, stack(0x0000002b4e100000,0x0000002b4e200000)]
  0x0000019fb238c000 JavaThread "Cache worker for execution history cache (C:\Users\User\.gradle\caches\6.7.1\executionHistory)" [_thread_blocked, id=17608, stack(0x0000002b4e200000,0x0000002b4e300000)]
  0x0000019fb238d800 JavaThread "jar transforms" [_thread_blocked, id=8332, stack(0x0000002b4e300000,0x0000002b4e400000)]
  0x0000019fb45d9000 JavaThread "Cache worker for file content cache (C:\Users\User\.gradle\caches\6.7.1\fileContent)" [_thread_blocked, id=13100, stack(0x0000002b4e400000,0x0000002b4e500000)]
  0x0000019fb45da800 JavaThread "Cache worker for Build Output Cleanup Cache (C:\Users\User\AndroidStudioProjects\AtnachtaApp\.gradle\buildOutputCleanup)" [_thread_blocked, id=12204, stack(0x0000002b4e500000,0x0000002b4e600000)]
  0x0000019fb45d8000 JavaThread "Build operations" [_thread_blocked, id=9736, stack(0x0000002b4e600000,0x0000002b4e700000)]
  0x0000019fb45d9800 JavaThread "Build operations Thread 2" [_thread_blocked, id=4860, stack(0x0000002b4e700000,0x0000002b4e800000)]
  0x0000019fb45d4800 JavaThread "Build operations Thread 3" [_thread_blocked, id=12064, stack(0x0000002b4e800000,0x0000002b4e900000)]
  0x0000019fb45dd000 JavaThread "Build operations Thread 4" [_thread_blocked, id=7592, stack(0x0000002b4e900000,0x0000002b4ea00000)]
  0x0000019fb45de800 JavaThread "Build operations Thread 5" [_thread_blocked, id=7916, stack(0x0000002b4ea00000,0x0000002b4eb00000)]
  0x0000019fb45df800 JavaThread "Build operations Thread 6" [_thread_blocked, id=16976, stack(0x0000002b4eb00000,0x0000002b4ec00000)]
  0x0000019fb45e0000 JavaThread "Build operations Thread 7" [_thread_blocked, id=8308, stack(0x0000002b4ec00000,0x0000002b4ed00000)]
  0x0000019fb45e1000 JavaThread "Build operations Thread 8" [_thread_blocked, id=16080, stack(0x0000002b4ed00000,0x0000002b4ee00000)]
  0x0000019fb45dd800 JavaThread "jar transforms Thread 2" [_thread_blocked, id=12436, stack(0x0000002b4ee00000,0x0000002b4ef00000)]
  0x0000019fb45dc000 JavaThread "jar transforms Thread 3" [_thread_blocked, id=1824, stack(0x0000002b4ef00000,0x0000002b4f000000)]
  0x0000019fb45db000 JavaThread "jar transforms Thread 4" [_thread_blocked, id=14932, stack(0x0000002b4f000000,0x0000002b4f100000)]
  0x0000019fb45e1800 JavaThread "jar transforms Thread 5" [_thread_blocked, id=8740, stack(0x0000002b4f100000,0x0000002b4f200000)]
  0x0000019fb45e2800 JavaThread "jar transforms Thread 6" [_thread_blocked, id=9336, stack(0x0000002b4f200000,0x0000002b4f300000)]
  0x0000019fb45e3800 JavaThread "jar transforms Thread 7" [_thread_blocked, id=15788, stack(0x0000002b4f300000,0x0000002b4f400000)]
  0x0000019fb4c3d000 JavaThread "jar transforms Thread 8" [_thread_blocked, id=14420, stack(0x0000002b4f400000,0x0000002b4f500000)]
  0x0000019fb4c40000 JavaThread "jar transforms Thread 9" [_thread_blocked, id=4792, stack(0x0000002b4f500000,0x0000002b4f600000)]
  0x0000019fb4c3c000 JavaThread "jar transforms Thread 10" [_thread_blocked, id=14160, stack(0x0000002b4f600000,0x0000002b4f700000)]
  0x0000019fb4c3b800 JavaThread "jar transforms Thread 11" [_thread_blocked, id=12068, stack(0x0000002b4f700000,0x0000002b4f800000)]
  0x0000019fb4c41000 JavaThread "jar transforms Thread 12" [_thread_blocked, id=1668, stack(0x0000002b4f800000,0x0000002b4f900000)]
  0x0000019fb4c3e800 JavaThread "jar transforms Thread 13" [_thread_blocked, id=7116, stack(0x0000002b4f900000,0x0000002b4fa00000)]
  0x0000019fb4c43800 JavaThread "jar transforms Thread 14" [_thread_blocked, id=8796, stack(0x0000002b4fa00000,0x0000002b4fb00000)]
  0x0000019fb4c3d800 JavaThread "jar transforms Thread 15" [_thread_blocked, id=1356, stack(0x0000002b4fb00000,0x0000002b4fc00000)]
  0x0000019fb4c42000 JavaThread "jar transforms Thread 16" [_thread_blocked, id=3964, stack(0x0000002b4fc00000,0x0000002b4fd00000)]
  0x0000019fb4c44800 JavaThread "jar transforms Thread 17" [_thread_blocked, id=9628, stack(0x0000002b4fd00000,0x0000002b4fe00000)]
  0x0000019fb4c45000 JavaThread "jar transforms Thread 18" [_thread_blocked, id=14452, stack(0x0000002b4fe00000,0x0000002b4ff00000)]
  0x0000019fb4c42800 JavaThread "jar transforms Thread 19" [_thread_blocked, id=15892, stack(0x0000002b4ff00000,0x0000002b50000000)]
  0x0000019fb4c3f800 JavaThread "jar transforms Thread 20" [_thread_blocked, id=9976, stack(0x0000002b50000000,0x0000002b50100000)]
  0x0000019fb4c4a000 JavaThread "jar transforms Thread 21" [_thread_blocked, id=3092, stack(0x0000002b50100000,0x0000002b50200000)]
  0x0000019fb4c46000 JavaThread "jar transforms Thread 22" [_thread_blocked, id=8664, stack(0x0000002b50200000,0x0000002b50300000)]
  0x0000019fb4c46800 JavaThread "jar transforms Thread 23" [_thread_blocked, id=17192, stack(0x0000002b50300000,0x0000002b50400000)]
  0x0000019fb4c47800 JavaThread "jar transforms Thread 24" [_thread_blocked, id=3056, stack(0x0000002b50400000,0x0000002b50500000)]
  0x0000019fb4c48800 JavaThread "jar transforms Thread 25" [_thread_blocked, id=6828, stack(0x0000002b50500000,0x0000002b50600000)]
  0x0000019fb4c49000 JavaThread "jar transforms Thread 26" [_thread_blocked, id=6904, stack(0x0000002b50600000,0x0000002b50700000)]
  0x0000019fb48c5800 JavaThread "jar transforms Thread 27" [_thread_blocked, id=13208, stack(0x0000002b50700000,0x0000002b50800000)]
  0x0000019fb48c6800 JavaThread "jar transforms Thread 28" [_thread_blocked, id=16012, stack(0x0000002b50800000,0x0000002b50900000)]
  0x0000019fb48c9000 JavaThread "jar transforms Thread 29" [_thread_blocked, id=16592, stack(0x0000002b50900000,0x0000002b50a00000)]
  0x0000019fb48c5000 JavaThread "jar transforms Thread 30" [_thread_blocked, id=6380, stack(0x0000002b50a00000,0x0000002b50b00000)]
  0x0000019fb48ca000 JavaThread "jar transforms Thread 31" [_thread_blocked, id=11848, stack(0x0000002b50b00000,0x0000002b50c00000)]
  0x0000019fb48c7800 JavaThread "jar transforms Thread 32" [_thread_blocked, id=16284, stack(0x0000002b50c00000,0x0000002b50d00000)]
  0x0000019fb48c4000 JavaThread "jar transforms Thread 33" [_thread_blocked, id=17632, stack(0x0000002b50d00000,0x0000002b50e00000)]
  0x0000019fb48cd000 JavaThread "jar transforms Thread 34" [_thread_blocked, id=312, stack(0x0000002b50e00000,0x0000002b50f00000)]
  0x0000019fb48ca800 JavaThread "jar transforms Thread 35" [_thread_blocked, id=7120, stack(0x0000002b50f00000,0x0000002b51000000)]
  0x0000019fb48cb800 JavaThread "jar transforms Thread 36" [_thread_blocked, id=7184, stack(0x0000002b51000000,0x0000002b51100000)]
  0x0000019fb48cc000 JavaThread "jar transforms Thread 37" [_thread_blocked, id=14996, stack(0x0000002b51100000,0x0000002b51200000)]
  0x0000019fb48ce000 JavaThread "jar transforms Thread 38" [_thread_blocked, id=10288, stack(0x0000002b51200000,0x0000002b51300000)]
  0x0000019fb48c8000 JavaThread "jar transforms Thread 39" [_thread_blocked, id=7328, stack(0x0000002b51300000,0x0000002b51400000)]
  0x0000019fb48ce800 JavaThread "jar transforms Thread 40" [_thread_blocked, id=18168, stack(0x0000002b51400000,0x0000002b51500000)]
  0x0000019fb48d1000 JavaThread "jar transforms Thread 41" [_thread_blocked, id=5500, stack(0x0000002b51500000,0x0000002b51600000)]
  0x0000019fb48d0800 JavaThread "jar transforms Thread 42" [_thread_blocked, id=1016, stack(0x0000002b51600000,0x0000002b51700000)]
  0x0000019fb48cf800 JavaThread "jar transforms Thread 43" [_thread_blocked, id=7660, stack(0x0000002b51700000,0x0000002b51800000)]
  0x0000019fb48d2000 JavaThread "jar transforms Thread 44" [_thread_blocked, id=364, stack(0x0000002b51800000,0x0000002b51900000)]
  0x0000019fb48d3000 JavaThread "jar transforms Thread 45" [_thread_blocked, id=6636, stack(0x0000002b51900000,0x0000002b51a00000)]
  0x0000019fb4c1d000 JavaThread "jar transforms Thread 46" [_thread_blocked, id=4952, stack(0x0000002b51a00000,0x0000002b51b00000)]
  0x0000019fb4c1c000 JavaThread "jar transforms Thread 47" [_thread_blocked, id=13456, stack(0x0000002b51b00000,0x0000002b51c00000)]
  0x0000019fb4c1e800 JavaThread "jar transforms Thread 48" [_thread_blocked, id=15324, stack(0x0000002b51c00000,0x0000002b51d00000)]
  0x0000019fb4c1d800 JavaThread "jar transforms Thread 49" [_thread_blocked, id=15772, stack(0x0000002b51d00000,0x0000002b51e00000)]
  0x0000019fb4c1f800 JavaThread "jar transforms Thread 50" [_thread_blocked, id=6388, stack(0x0000002b51e00000,0x0000002b51f00000)]
  0x0000019fb4c20000 JavaThread "jar transforms Thread 51" [_thread_blocked, id=15648, stack(0x0000002b51f00000,0x0000002b52000000)]
  0x0000019fb4c21000 JavaThread "jar transforms Thread 52" [_thread_blocked, id=2412, stack(0x0000002b52000000,0x0000002b52100000)]
  0x0000019fb4c1b800 JavaThread "jar transforms Thread 53" [_thread_blocked, id=18276, stack(0x0000002b52100000,0x0000002b52200000)]
  0x0000019fb4c23800 JavaThread "jar transforms Thread 54" [_thread_blocked, id=6632, stack(0x0000002b52200000,0x0000002b52300000)]
  0x0000019fb4c22800 JavaThread "jar transforms Thread 55" [_thread_blocked, id=13496, stack(0x0000002b52300000,0x0000002b52400000)]
  0x0000019fb4c26000 JavaThread "jar transforms Thread 56" [_thread_blocked, id=8124, stack(0x0000002b52400000,0x0000002b52500000)]
  0x0000019fb4c26800 JavaThread "jar transforms Thread 57" [_thread_blocked, id=6112, stack(0x0000002b52500000,0x0000002b52600000)]
  0x0000019fb4c24000 JavaThread "jar transforms Thread 58" [_thread_blocked, id=14260, stack(0x0000002b52600000,0x0000002b52700000)]
  0x0000019fb4c25000 JavaThread "jar transforms Thread 59" [_thread_blocked, id=10272, stack(0x0000002b52700000,0x0000002b52800000)]
  0x0000019fb4c27800 JavaThread "jar transforms Thread 60" [_thread_blocked, id=7512, stack(0x0000002b52800000,0x0000002b52900000)]
  0x0000019fb4c22000 JavaThread "jar transforms Thread 61" [_thread_blocked, id=3160, stack(0x0000002b52900000,0x0000002b52a00000)]
  0x0000019fb4c28800 JavaThread "jar transforms Thread 62" [_thread_blocked, id=18396, stack(0x0000002b52a00000,0x0000002b52b00000)]
  0x0000019fb4c29000 JavaThread "jar transforms Thread 63" [_thread_blocked, id=17536, stack(0x0000002b52b00000,0x0000002b52c00000)]
  0x0000019fb4c2a000 JavaThread "jar transforms Thread 64" [_thread_blocked, id=13920, stack(0x0000002b52c00000,0x0000002b52d00000)]
  0x0000019fb5fe7800 JavaThread "jar transforms Thread 65" [_thread_blocked, id=2156, stack(0x0000002b52d00000,0x0000002b52e00000)]
  0x0000019fb5fe4000 JavaThread "jar transforms Thread 66" [_thread_blocked, id=3496, stack(0x0000002b52e00000,0x0000002b52f00000)]
  0x0000019fb5fea800 JavaThread "jar transforms Thread 67" [_thread_blocked, id=16316, stack(0x0000002b52f00000,0x0000002b53000000)]
  0x0000019fb5fe6800 JavaThread "jar transforms Thread 68" [_thread_blocked, id=1708, stack(0x0000002b53000000,0x0000002b53100000)]
  0x0000019fb5fe8000 JavaThread "jar transforms Thread 69" [_thread_blocked, id=17860, stack(0x0000002b53100000,0x0000002b53200000)]
  0x0000019fb5fe9000 JavaThread "jar transforms Thread 70" [_thread_blocked, id=15368, stack(0x0000002b53200000,0x0000002b53300000)]
  0x0000019fb5fe9800 JavaThread "jar transforms Thread 71" [_thread_blocked, id=15192, stack(0x0000002b53300000,0x0000002b53400000)]
  0x0000019fb5fe5000 JavaThread "jar transforms Thread 72" [_thread_blocked, id=16072, stack(0x0000002b53400000,0x0000002b53500000)]
  0x0000019fb5feb800 JavaThread "jar transforms Thread 73" [_thread_blocked, id=16016, stack(0x0000002b53500000,0x0000002b53600000)]
  0x0000019fb5fe5800 JavaThread "jar transforms Thread 74" [_thread_blocked, id=2452, stack(0x0000002b53600000,0x0000002b53700000)]
  0x0000019fb5fee000 JavaThread "jar transforms Thread 75" [_thread_blocked, id=17972, stack(0x0000002b53700000,0x0000002b53800000)]
  0x0000019fb5fed000 JavaThread "jar transforms Thread 76" [_thread_blocked, id=2332, stack(0x0000002b53800000,0x0000002b53900000)]
  0x0000019fb5fef800 JavaThread "jar transforms Thread 77" [_thread_blocked, id=11648, stack(0x0000002b53900000,0x0000002b53a00000)]
  0x0000019fb5ff0800 JavaThread "jar transforms Thread 78" [_thread_blocked, id=14924, stack(0x0000002b53a00000,0x0000002b53b00000)]
  0x0000019fb5ff1000 JavaThread "jar transforms Thread 79" [_thread_blocked, id=16004, stack(0x0000002b53b00000,0x0000002b53c00000)]
  0x0000019fb5fee800 JavaThread "jar transforms Thread 80" [_thread_blocked, id=15048, stack(0x0000002b53c00000,0x0000002b53d00000)]
  0x0000019fb5ff2000 JavaThread "jar transforms Thread 81" [_thread_blocked, id=17364, stack(0x0000002b53d00000,0x0000002b53e00000)]
  0x0000019fb5fec000 JavaThread "jar transforms Thread 82" [_thread_blocked, id=4596, stack(0x0000002b53e00000,0x0000002b53f00000)]
  0x0000019fb5ff2800 JavaThread "jar transforms Thread 83" [_thread_blocked, id=12764, stack(0x0000002b53f00000,0x0000002b54000000)]
  0x0000019fb5e92800 JavaThread "jar transforms Thread 84" [_thread_blocked, id=15148, stack(0x0000002b54000000,0x0000002b54100000)]
  0x0000019fb5e97800 JavaThread "jar transforms Thread 85" [_thread_blocked, id=9528, stack(0x0000002b54100000,0x0000002b54200000)]
  0x0000019fb5e99000 JavaThread "jar transforms Thread 86" [_thread_blocked, id=16376, stack(0x0000002b54200000,0x0000002b54300000)]
  0x0000019fb5e96000 JavaThread "jar transforms Thread 87" [_thread_blocked, id=7244, stack(0x0000002b54300000,0x0000002b54400000)]
  0x0000019fb5e93800 JavaThread "jar transforms Thread 88" [_thread_blocked, id=16184, stack(0x0000002b54400000,0x0000002b54500000)]
  0x0000019fb5e9a000 JavaThread "jar transforms Thread 89" [_thread_blocked, id=16616, stack(0x0000002b54500000,0x0000002b54600000)]
  0x0000019fb5e95000 JavaThread "jar transforms Thread 90" [_thread_blocked, id=17384, stack(0x0000002b54600000,0x0000002b54700000)]
  0x0000019fb5e98800 JavaThread "jar transforms Thread 91" [_thread_blocked, id=6456, stack(0x0000002b54700000,0x0000002b54800000)]
  0x0000019fb5e96800 JavaThread "jar transforms Thread 92" [_thread_blocked, id=9076, stack(0x0000002b54800000,0x0000002b54900000)]
  0x0000019fb5e94000 JavaThread "jar transforms Thread 93" [_thread_blocked, id=16436, stack(0x0000002b54900000,0x0000002b54a00000)]
  0x0000019fb5e9b800 JavaThread "jar transforms Thread 94" [_thread_blocked, id=16472, stack(0x0000002b54a00000,0x0000002b54b00000)]
  0x0000019fb5e9e000 JavaThread "jar transforms Thread 95" [_thread_blocked, id=17988, stack(0x0000002b54b00000,0x0000002b54c00000)]
  0x0000019fb5e9c800 JavaThread "jar transforms Thread 96" [_thread_blocked, id=10912, stack(0x0000002b54c00000,0x0000002b54d00000)]
  0x0000019fb5e9d000 JavaThread "jar transforms Thread 97" [_thread_blocked, id=4512, stack(0x0000002b54d00000,0x0000002b54e00000)]
  0x0000019fb5ea0800 JavaThread "jar transforms Thread 98" [_thread_blocked, id=15888, stack(0x0000002b54e00000,0x0000002b54f00000)]
  0x0000019fb5e9a800 JavaThread "jar transforms Thread 99" [_thread_blocked, id=7684, stack(0x0000002b54f00000,0x0000002b55000000)]
  0x0000019fb5e9f000 JavaThread "jar transforms Thread 100" [_thread_blocked, id=9072, stack(0x0000002b55000000,0x0000002b55100000)]
  0x0000019fb5ea1800 JavaThread "jar transforms Thread 101" [_thread_blocked, id=1908, stack(0x0000002b55100000,0x0000002b55200000)]
  0x0000019fb5e9f800 JavaThread "jar transforms Thread 102" [_thread_blocked, id=15488, stack(0x0000002b55200000,0x0000002b55300000)]
  0x0000019fb4ec6000 JavaThread "jar transforms Thread 103" [_thread_blocked, id=6604, stack(0x0000002b55300000,0x0000002b55400000)]
  0x0000019fb4ecb000 JavaThread "jar transforms Thread 104" [_thread_blocked, id=5156, stack(0x0000002b55400000,0x0000002b55500000)]
  0x0000019fb4ec7800 JavaThread "jar transforms Thread 105" [_thread_blocked, id=14680, stack(0x0000002b55500000,0x0000002b55600000)]
  0x0000019fb4ec7000 JavaThread "jar transforms Thread 106" [_thread_blocked, id=16940, stack(0x0000002b55600000,0x0000002b55700000)]
  0x0000019fb4ec9800 JavaThread "jar transforms Thread 107" [_thread_blocked, id=12532, stack(0x0000002b55700000,0x0000002b55800000)]
  0x0000019fb4ec5800 JavaThread "jar transforms Thread 108" [_thread_blocked, id=15136, stack(0x0000002b55800000,0x0000002b55900000)]
  0x0000019fb4eca000 JavaThread "jar transforms Thread 109" [_thread_blocked, id=16164, stack(0x0000002b55900000,0x0000002b55a00000)]
  0x0000019fb4ec8800 JavaThread "jar transforms Thread 110" [_thread_blocked, id=7268, stack(0x0000002b55a00000,0x0000002b55b00000)]
  0x0000019fb4ecc800 JavaThread "jar transforms Thread 111" [_thread_blocked, id=2996, stack(0x0000002b55b00000,0x0000002b55c00000)]
  0x0000019fb4ece800 JavaThread "jar transforms Thread 112" [_thread_blocked, id=1556, stack(0x0000002b55c00000,0x0000002b55d00000)]
  0x0000019fb4ecc000 JavaThread "jar transforms Thread 113" [_thread_blocked, id=16124, stack(0x0000002b55d00000,0x0000002b55e00000)]
  0x0000019fb4ed0800 JavaThread "jar transforms Thread 114" [_thread_blocked, id=6224, stack(0x0000002b55e00000,0x0000002b55f00000)]
  0x0000019fb4ed3000 JavaThread "jar transforms Thread 115" [_thread_blocked, id=15872, stack(0x0000002b55f00000,0x0000002b56000000)]
  0x0000019fb4ed1800 JavaThread "jar transforms Thread 116" [_thread_blocked, id=8368, stack(0x0000002b56000000,0x0000002b56100000)]
  0x0000019fb4ecf000 JavaThread "jar transforms Thread 117" [_thread_blocked, id=8416, stack(0x0000002b56100000,0x0000002b56200000)]
  0x0000019fb4ed0000 JavaThread "jar transforms Thread 118" [_thread_blocked, id=16308, stack(0x0000002b56200000,0x0000002b56300000)]
  0x0000019fb4ecd800 JavaThread "jar transforms Thread 119" [_thread_blocked, id=12860, stack(0x0000002b56300000,0x0000002b56400000)]
  0x0000019fb4ed2800 JavaThread "jar transforms Thread 120" [_thread_blocked, id=17848, stack(0x0000002b56400000,0x0000002b56500000)]
  0x0000019fb4ed4000 JavaThread "jar transforms Thread 121" [_thread_blocked, id=12228, stack(0x0000002b56500000,0x0000002b56600000)]
  0x0000019fb5d62800 JavaThread "jar transforms Thread 122" [_thread_blocked, id=11368, stack(0x0000002b56600000,0x0000002b56700000)]
  0x0000019fb5d64800 JavaThread "jar transforms Thread 123" [_thread_blocked, id=11576, stack(0x0000002b56700000,0x0000002b56800000)]
  0x0000019fb5d62000 JavaThread "jar transforms Thread 124" [_thread_blocked, id=3484, stack(0x0000002b56800000,0x0000002b56900000)]
  0x0000019fb5d66000 JavaThread "jar transforms Thread 125" [_thread_blocked, id=3624, stack(0x0000002b56900000,0x0000002b56a00000)]
  0x0000019fb5d61000 JavaThread "Memory manager" [_thread_blocked, id=12900, stack(0x0000002b56a00000,0x0000002b56b00000)]

Other Threads:
  0x0000019faf521000 VMThread "VM Thread" [stack: 0x0000002b4bb00000,0x0000002b4bc00000] [id=17324]
  0x0000019fb0035800 WatcherThread [stack: 0x0000002b4c500000,0x0000002b4c600000] [id=10712]
  0x0000019f9320c000 GCTaskThread "GC Thread#0" [stack: 0x0000002b4b600000,0x0000002b4b700000] [id=6296]
  0x0000019fb0a0f800 GCTaskThread "GC Thread#1" [stack: 0x0000002b4c700000,0x0000002b4c800000] [id=13432]
  0x0000019fb1027000 GCTaskThread "GC Thread#2" [stack: 0x0000002b4ce00000,0x0000002b4cf00000] [id=6404]
  0x0000019fb1083000 GCTaskThread "GC Thread#3" [stack: 0x0000002b4cf00000,0x0000002b4d000000] [id=7744]
  0x0000019fb1083800 GCTaskThread "GC Thread#4" [stack: 0x0000002b4d000000,0x0000002b4d100000] [id=9320]
  0x0000019fb1084800 GCTaskThread "GC Thread#5" [stack: 0x0000002b4d100000,0x0000002b4d200000] [id=18244]
  0x0000019fb1085000 GCTaskThread "GC Thread#6" [stack: 0x0000002b4d200000,0x0000002b4d300000] [id=2420]
  0x0000019fb1fa7800 GCTaskThread "GC Thread#7" [stack: 0x0000002b4d300000,0x0000002b4d400000] [id=17160]
  0x0000019f932b4000 ConcurrentGCThread "G1 Main Marker" [stack: 0x0000002b4b700000,0x0000002b4b800000] [id=8852]
  0x0000019f932b6000 ConcurrentGCThread "G1 Conc#0" [stack: 0x0000002b4b800000,0x0000002b4b900000] [id=14352]
  0x0000019fb24b1800 ConcurrentGCThread "G1 Conc#1" [stack: 0x0000002b4dc00000,0x0000002b4dd00000] [id=10348]
  0x0000019f9333d000 ConcurrentGCThread "G1 Refine#0" [stack: 0x0000002b4b900000,0x0000002b4ba00000] [id=11792]
  0x0000019fb0dac000 ConcurrentGCThread "G1 Refine#1" [stack: 0x0000002b4d400000,0x0000002b4d500000] [id=16112]
  0x0000019f9333e000 ConcurrentGCThread "G1 Young RemSet Sampling" [stack: 0x0000002b4ba00000,0x0000002b4bb00000] [id=18232]

Threads with active compile tasks:
C2 CompilerThread0  12244 5149       4       org.objectweb.asm.Frame::execute (2318 bytes)
C1 CompilerThread0  12245 5312       2       org.gradle.api.internal.provider.Providers$FixedValueProvider::calculateOwnValue (8 bytes)

VM state:not at safepoint (normal execution)

VM Mutex/Monitor currently owned by a thread: None

Heap address: 0x0000000080000000, size: 2048 MB, Compressed Oops mode: 32-bit
Narrow klass base: 0x0000000000000000, Narrow klass shift: 3
Compressed class space size: 1073741824 Address: 0x0000000100000000

Heap:
 garbage-first heap   total 98304K, used 53182K [0x0000000080000000, 0x0000000100000000)
  region size 1024K, 13 young (13312K), 3 survivors (3072K)
 Metaspace       used 56289K, capacity 57733K, committed 57980K, reserved 1099776K
  class space    used 7133K, capacity 7640K, committed 7680K, reserved 1048576K
Heap Regions: E=young(eden), S=young(survivor), O=old, HS=humongous(starts), HC=humongous(continues), CS=collection set, F=free, A=archive, TAMS=top-at-mark-start (previous, next)
|   0|0x0000000080000000, 0x0000000080100000, 0x0000000080100000|100%| O|  |TAMS 0x0000000080100000, 0x0000000080000000| Untracked 
|   1|0x0000000080100000, 0x0000000080200000, 0x0000000080200000|100%| O|  |TAMS 0x0000000080200000, 0x0000000080100000| Untracked 
|   2|0x0000000080200000, 0x0000000080300000, 0x0000000080300000|100%| O|  |TAMS 0x0000000080300000, 0x0000000080200000| Untracked 
|   3|0x0000000080300000, 0x0000000080400000, 0x0000000080400000|100%|HS|  |TAMS 0x0000000080400000, 0x0000000080300000| Complete 
|   4|0x0000000080400000, 0x0000000080500000, 0x0000000080500000|100%|HC|  |TAMS 0x0000000080500000, 0x0000000080400000| Complete 
|   5|0x0000000080500000, 0x0000000080600000, 0x0000000080600000|100%|HC|  |TAMS 0x0000000080600000, 0x0000000080500000| Complete 
|   6|0x0000000080600000, 0x0000000080700000, 0x0000000080700000|100%| O|  |TAMS 0x0000000080700000, 0x0000000080600000| Untracked 
|   7|0x0000000080700000, 0x0000000080800000, 0x0000000080800000|100%| O|  |TAMS 0x0000000080800000, 0x0000000080700000| Untracked 
|   8|0x0000000080800000, 0x0000000080900000, 0x0000000080900000|100%| O|  |TAMS 0x0000000080900000, 0x0000000080800000| Untracked 
|   9|0x0000000080900000, 0x0000000080a00000, 0x0000000080a00000|100%| O|  |TAMS 0x0000000080a00000, 0x0000000080900000| Untracked 
|  10|0x0000000080a00000, 0x0000000080b00000, 0x0000000080b00000|100%| O|  |TAMS 0x0000000080b00000, 0x0000000080a00000| Untracked 
|  11|0x0000000080b00000, 0x0000000080c00000, 0x0000000080c00000|100%| O|  |TAMS 0x0000000080c00000, 0x0000000080b00000| Untracked 
|  12|0x0000000080c00000, 0x0000000080d00000, 0x0000000080d00000|100%| O|  |TAMS 0x0000000080d00000, 0x0000000080c00000| Untracked 
|  13|0x0000000080d00000, 0x0000000080e00000, 0x0000000080e00000|100%| O|  |TAMS 0x0000000080e00000, 0x0000000080d00000| Untracked 
|  14|0x0000000080e00000, 0x0000000080f00000, 0x0000000080f00000|100%| O|  |TAMS 0x0000000080f00000, 0x0000000080e00000| Untracked 
|  15|0x0000000080f00000, 0x0000000081000000, 0x0000000081000000|100%| O|  |TAMS 0x0000000081000000, 0x0000000080f00000| Untracked 
|  16|0x0000000081000000, 0x0000000081100000, 0x0000000081100000|100%| O|  |TAMS 0x0000000081027a00, 0x0000000081000000| Untracked 
|  17|0x0000000081100000, 0x0000000081200000, 0x0000000081200000|100%| O|  |TAMS 0x0000000081100000, 0x0000000081100000| Untracked 
|  18|0x0000000081200000, 0x0000000081300000, 0x0000000081300000|100%| O|  |TAMS 0x0000000081200000, 0x0000000081200000| Untracked 
|  19|0x0000000081300000, 0x0000000081400000, 0x0000000081400000|100%| O|  |TAMS 0x0000000081300000, 0x0000000081300000| Untracked 
|  20|0x0000000081400000, 0x0000000081500000, 0x0000000081500000|100%| O|  |TAMS 0x0000000081400000, 0x0000000081400000| Untracked 
|  21|0x0000000081500000, 0x0000000081600000, 0x0000000081600000|100%| O|  |TAMS 0x0000000081500000, 0x0000000081500000| Untracked 
|  22|0x0000000081600000, 0x0000000081700000, 0x0000000081700000|100%| O|  |TAMS 0x0000000081600000, 0x0000000081600000| Untracked 
|  23|0x0000000081700000, 0x0000000081800000, 0x0000000081800000|100%| O|  |TAMS 0x0000000081700000, 0x0000000081700000| Untracked 
|  24|0x0000000081800000, 0x0000000081900000, 0x0000000081900000|100%|HS|  |TAMS 0x0000000081800000, 0x0000000081800000| Complete 
|  25|0x0000000081900000, 0x0000000081a00000, 0x0000000081a00000|100%|HS|  |TAMS 0x0000000081900000, 0x0000000081900000| Complete 
|  26|0x0000000081a00000, 0x0000000081b00000, 0x0000000081b00000|100%|HC|  |TAMS 0x0000000081a00000, 0x0000000081a00000| Complete 
|  27|0x0000000081b00000, 0x0000000081c00000, 0x0000000081c00000|100%|HC|  |TAMS 0x0000000081b00000, 0x0000000081b00000| Complete 
|  28|0x0000000081c00000, 0x0000000081d00000, 0x0000000081d00000|100%|HS|  |TAMS 0x0000000081c00000, 0x0000000081c00000| Complete 
|  29|0x0000000081d00000, 0x0000000081e00000, 0x0000000081e00000|100%|HC|  |TAMS 0x0000000081d00000, 0x0000000081d00000| Complete 
|  30|0x0000000081e00000, 0x0000000081f00000, 0x0000000081f00000|100%| O|  |TAMS 0x0000000081e00000, 0x0000000081e00000| Untracked 
|  31|0x0000000081f00000, 0x0000000082000000, 0x0000000082000000|100%| O|  |TAMS 0x0000000081f00000, 0x0000000081f00000| Untracked 
|  32|0x0000000082000000, 0x0000000082100000, 0x0000000082100000|100%| O|  |TAMS 0x0000000082000000, 0x0000000082000000| Untracked 
|  33|0x0000000082100000, 0x0000000082200000, 0x0000000082200000|100%| O|  |TAMS 0x0000000082100000, 0x0000000082100000| Untracked 
|  34|0x0000000082200000, 0x0000000082300000, 0x0000000082300000|100%| O|  |TAMS 0x0000000082200000, 0x0000000082200000| Untracked 
|  35|0x0000000082300000, 0x0000000082400000, 0x0000000082400000|100%| O|  |TAMS 0x0000000082300000, 0x0000000082300000| Untracked 
|  36|0x0000000082400000, 0x0000000082500000, 0x0000000082500000|100%| O|  |TAMS 0x0000000082400000, 0x0000000082400000| Untracked 
|  37|0x0000000082500000, 0x0000000082600000, 0x0000000082600000|100%| O|  |TAMS 0x0000000082500000, 0x0000000082500000| Untracked 
|  38|0x0000000082600000, 0x0000000082700000, 0x0000000082700000|100%| O|  |TAMS 0x0000000082600000, 0x0000000082600000| Untracked 
|  39|0x0000000082700000, 0x0000000082800000, 0x0000000082800000|100%| O|  |TAMS 0x0000000082700000, 0x0000000082700000| Untracked 
|  40|0x0000000082800000, 0x0000000082900000, 0x0000000082900000|100%| O|  |TAMS 0x0000000082800000, 0x0000000082800000| Untracked 
|  41|0x0000000082900000, 0x00000000829ac600, 0x0000000082a00000| 67%| O|  |TAMS 0x0000000082900000, 0x0000000082900000| Untracked 
|  42|0x0000000082a00000, 0x0000000082a00000, 0x0000000082b00000|  0%| F|  |TAMS 0x0000000082a00000, 0x0000000082a00000| Untracked 
|  43|0x0000000082b00000, 0x0000000082b00000, 0x0000000082c00000|  0%| F|  |TAMS 0x0000000082b00000, 0x0000000082b00000| Untracked 
|  44|0x0000000082c00000, 0x0000000082c00000, 0x0000000082d00000|  0%| F|  |TAMS 0x0000000082c00000, 0x0000000082c00000| Untracked 
|  45|0x0000000082d00000, 0x0000000082d00000, 0x0000000082e00000|  0%| F|  |TAMS 0x0000000082d00000, 0x0000000082d00000| Untracked 
|  46|0x0000000082e00000, 0x0000000082e00000, 0x0000000082f00000|  0%| F|  |TAMS 0x0000000082e00000, 0x0000000082e00000| Untracked 
|  47|0x0000000082f00000, 0x0000000082f00000, 0x0000000083000000|  0%| F|  |TAMS 0x0000000082f00000, 0x0000000082f00000| Untracked 
|  48|0x0000000083000000, 0x0000000083000000, 0x0000000083100000|  0%| F|  |TAMS 0x0000000083000000, 0x0000000083000000| Untracked 
|  49|0x0000000083100000, 0x0000000083100000, 0x0000000083200000|  0%| F|  |TAMS 0x0000000083100000, 0x0000000083100000| Untracked 
|  50|0x0000000083200000, 0x0000000083200000, 0x0000000083300000|  0%| F|  |TAMS 0x0000000083200000, 0x0000000083200000| Untracked 
|  51|0x0000000083300000, 0x0000000083300000, 0x0000000083400000|  0%| F|  |TAMS 0x0000000083300000, 0x0000000083300000| Untracked 
|  52|0x0000000083400000, 0x0000000083400000, 0x0000000083500000|  0%| F|  |TAMS 0x0000000083400000, 0x0000000083400000| Untracked 
|  53|0x0000000083500000, 0x0000000083500000, 0x0000000083600000|  0%| F|  |TAMS 0x0000000083500000, 0x0000000083500000| Untracked 
|  54|0x0000000083600000, 0x0000000083600000, 0x0000000083700000|  0%| F|  |TAMS 0x0000000083600000, 0x0000000083600000| Untracked 
|  55|0x0000000083700000, 0x0000000083700000, 0x0000000083800000|  0%| F|  |TAMS 0x0000000083700000, 0x0000000083700000| Untracked 
|  56|0x0000000083800000, 0x0000000083800000, 0x0000000083900000|  0%| F|  |TAMS 0x0000000083800000, 0x0000000083800000| Untracked 
|  57|0x0000000083900000, 0x0000000083900000, 0x0000000083a00000|  0%| F|  |TAMS 0x0000000083900000, 0x0000000083900000| Untracked 
|  58|0x0000000083a00000, 0x0000000083a00000, 0x0000000083b00000|  0%| F|  |TAMS 0x0000000083a00000, 0x0000000083a00000| Untracked 
|  59|0x0000000083b00000, 0x0000000083b00000, 0x0000000083c00000|  0%| F|  |TAMS 0x0000000083b00000, 0x0000000083b00000| Untracked 
|  60|0x0000000083c00000, 0x0000000083c00000, 0x0000000083d00000|  0%| F|  |TAMS 0x0000000083c00000, 0x0000000083c00000| Untracked 
|  61|0x0000000083d00000, 0x0000000083d43240, 0x0000000083e00000| 26%| S|CS|TAMS 0x0000000083d00000, 0x0000000083d00000| Complete 
|  62|0x0000000083e00000, 0x0000000083f00000, 0x0000000083f00000|100%| S|CS|TAMS 0x0000000083e00000, 0x0000000083e00000| Complete 
|  63|0x0000000083f00000, 0x0000000084000000, 0x0000000084000000|100%| S|CS|TAMS 0x0000000083f00000, 0x0000000083f00000| Complete 
|  64|0x0000000084000000, 0x0000000084000000, 0x0000000084100000|  0%| F|  |TAMS 0x0000000084000000, 0x0000000084000000| Untracked 
|  65|0x0000000084100000, 0x0000000084100000, 0x0000000084200000|  0%| F|  |TAMS 0x0000000084100000, 0x0000000084100000| Untracked 
|  66|0x0000000084200000, 0x0000000084200000, 0x0000000084300000|  0%| F|  |TAMS 0x0000000084200000, 0x0000000084200000| Untracked 
|  67|0x0000000084300000, 0x0000000084300000, 0x0000000084400000|  0%| F|  |TAMS 0x0000000084300000, 0x0000000084300000| Untracked 
|  68|0x0000000084400000, 0x0000000084400000, 0x0000000084500000|  0%| F|  |TAMS 0x0000000084400000, 0x0000000084400000| Untracked 
|  69|0x0000000084500000, 0x0000000084500000, 0x0000000084600000|  0%| F|  |TAMS 0x0000000084500000, 0x0000000084500000| Untracked 
|  70|0x0000000084600000, 0x0000000084600000, 0x0000000084700000|  0%| F|  |TAMS 0x0000000084600000, 0x0000000084600000| Untracked 
|  71|0x0000000084700000, 0x0000000084700000, 0x0000000084800000|  0%| F|  |TAMS 0x0000000084700000, 0x0000000084700000| Untracked 
|  72|0x0000000084800000, 0x0000000084800000, 0x0000000084900000|  0%| F|  |TAMS 0x0000000084800000, 0x0000000084800000| Untracked 
|  73|0x0000000084900000, 0x0000000084900000, 0x0000000084a00000|  0%| F|  |TAMS 0x0000000084900000, 0x0000000084900000| Untracked 
|  74|0x0000000084a00000, 0x0000000084a00000, 0x0000000084b00000|  0%| F|  |TAMS 0x0000000084a00000, 0x0000000084a00000| Untracked 
|  75|0x0000000084b00000, 0x0000000084b00000, 0x0000000084c00000|  0%| F|  |TAMS 0x0000000084b00000, 0x0000000084b00000| Untracked 
|  76|0x0000000084c00000, 0x0000000084c00000, 0x0000000084d00000|  0%| F|  |TAMS 0x0000000084c00000, 0x0000000084c00000| Untracked 
|  77|0x0000000084d00000, 0x0000000084d00000, 0x0000000084e00000|  0%| F|  |TAMS 0x0000000084d00000, 0x0000000084d00000| Untracked 
|  78|0x0000000084e00000, 0x0000000084e00000, 0x0000000084f00000|  0%| F|  |TAMS 0x0000000084e00000, 0x0000000084e00000| Untracked 
|  79|0x0000000084f00000, 0x0000000084f00000, 0x0000000085000000|  0%| F|  |TAMS 0x0000000084f00000, 0x0000000084f00000| Untracked 
|  80|0x0000000085000000, 0x0000000085000000, 0x0000000085100000|  0%| F|  |TAMS 0x0000000085000000, 0x0000000085000000| Untracked 
|  81|0x0000000085100000, 0x0000000085100000, 0x0000000085200000|  0%| F|  |TAMS 0x0000000085100000, 0x0000000085100000| Untracked 
|  82|0x0000000085200000, 0x0000000085200000, 0x0000000085300000|  0%| F|  |TAMS 0x0000000085200000, 0x0000000085200000| Untracked 
|  83|0x0000000085300000, 0x0000000085300000, 0x0000000085400000|  0%| F|  |TAMS 0x0000000085300000, 0x0000000085300000| Untracked 
|  84|0x0000000085400000, 0x0000000085400000, 0x0000000085500000|  0%| F|  |TAMS 0x0000000085400000, 0x0000000085400000| Untracked 
|  85|0x0000000085500000, 0x0000000085500000, 0x0000000085600000|  0%| F|  |TAMS 0x0000000085500000, 0x0000000085500000| Untracked 
|  86|0x0000000085600000, 0x0000000085700000, 0x0000000085700000|100%| E|  |TAMS 0x0000000085600000, 0x0000000085600000| Complete 
|  87|0x0000000085700000, 0x0000000085800000, 0x0000000085800000|100%| E|CS|TAMS 0x0000000085700000, 0x0000000085700000| Complete 
|  88|0x0000000085800000, 0x0000000085900000, 0x0000000085900000|100%| E|CS|TAMS 0x0000000085800000, 0x0000000085800000| Complete 
|  89|0x0000000085900000, 0x0000000085a00000, 0x0000000085a00000|100%| E|CS|TAMS 0x0000000085900000, 0x0000000085900000| Complete 
|  90|0x0000000085a00000, 0x0000000085b00000, 0x0000000085b00000|100%| E|CS|TAMS 0x0000000085a00000, 0x0000000085a00000| Complete 
|  91|0x0000000085b00000, 0x0000000085c00000, 0x0000000085c00000|100%| E|  |TAMS 0x0000000085b00000, 0x0000000085b00000| Complete 
|  92|0x0000000085c00000, 0x0000000085d00000, 0x0000000085d00000|100%| E|CS|TAMS 0x0000000085c00000, 0x0000000085c00000| Complete 
|  93|0x0000000085d00000, 0x0000000085e00000, 0x0000000085e00000|100%| E|CS|TAMS 0x0000000085d00000, 0x0000000085d00000| Complete 
|  94|0x0000000085e00000, 0x0000000085f00000, 0x0000000085f00000|100%| E|CS|TAMS 0x0000000085e00000, 0x0000000085e00000| Complete 
|  95|0x0000000085f00000, 0x0000000086000000, 0x0000000086000000|100%| E|CS|TAMS 0x0000000085f00000, 0x0000000085f00000| Complete 

Card table byte_map: [0x0000019fa8250000,0x0000019fa8650000] _byte_map_base: 0x0000019fa7e50000

Marking Bits (Prev, Next): (CMBitMap*) 0x0000019f932aa2a8, (CMBitMap*) 0x0000019f932aa2e0
 Prev Bits: [0x0000019fa8a50000, 0x0000019faaa50000)
 Next Bits: [0x0000019faaa50000, 0x0000019faca50000)

Polling page: 0x0000019f93340000

Metaspace:

Usage:
  Non-class:     48.92 MB capacity,    48.01 MB ( 98%) used,   797.22 KB (  2%) free+waste,   128.75 KB ( <1%) overhead. 
      Class:      7.49 MB capacity,     6.97 MB ( 93%) used,   473.00 KB (  6%) free+waste,    61.56 KB ( <1%) overhead. 
       Both:     56.41 MB capacity,    54.98 MB ( 97%) used,     1.24 MB (  2%) free+waste,   190.31 KB ( <1%) overhead. 

Virtual space:
  Non-class space:       50.00 MB reserved,      49.12 MB ( 98%) committed 
      Class space:        1.00 GB reserved,       7.50 MB ( <1%) committed 
             Both:        1.05 GB reserved,      56.62 MB (  5%) committed 

Chunk freelists:
   Non-Class:  15.00 KB
       Class:  8.00 KB
        Both:  23.00 KB

MaxMetaspaceSize: 17179869184.00 GB
CompressedClassSpaceSize: 1.00 GB

CodeHeap 'non-profiled nmethods': size=120000Kb used=2275Kb max_used=2275Kb free=117724Kb
 bounds [0x0000019f9feb0000, 0x0000019fa0120000, 0x0000019fa73e0000]
CodeHeap 'profiled nmethods': size=120000Kb used=10425Kb max_used=10425Kb free=109574Kb
 bounds [0x0000019f98980000, 0x0000019f993c0000, 0x0000019f9feb0000]
CodeHeap 'non-nmethods': size=5760Kb used=2222Kb max_used=2241Kb free=3537Kb
 bounds [0x0000019f983e0000, 0x0000019f98650000, 0x0000019f98980000]
 total_blobs=5830 nmethods=5032 adapters=709
 compilation: enabled
              stopped_count=0, restarted_count=0
 full_count=0

Compilation events (20 events):
Event: 12.164 Thread 0x0000019faf558000 5279       3       sun.security.util.ObjectIdentifier::checkOtherComponent (39 bytes)
Event: 12.165 Thread 0x0000019faf558000 nmethod 5279 0x0000019f99398910 code [0x0000019f99398b80, 0x0000019f99399468]
Event: 12.175 Thread 0x0000019faf558000 5280       3       sun.security.util.ObjectIdentifier::pack (219 bytes)
Event: 12.177 Thread 0x0000019faf558000 nmethod 5280 0x0000019f99399810 code [0x0000019f99399a00, 0x0000019f9939a008]
Event: 12.180 Thread 0x0000019faf558000 5281       1       sun.util.calendar.CalendarDate::isNormalized (5 bytes)
Event: 12.180 Thread 0x0000019faf558000 nmethod 5281 0x0000019fa00e8790 code [0x0000019fa00e8940, 0x0000019fa00e89f8]
Event: 12.180 Thread 0x0000019faf558000 5282       3       java.io.ByteArrayOutputStream::<init> (43 bytes)
Event: 12.181 Thread 0x0000019faf558000 nmethod 5282 0x0000019f9939a290 code [0x0000019f9939a500, 0x0000019f9939af18]
Event: 12.183 Thread 0x0000019faf558000 5283  s    2       java.io.ByteArrayOutputStream::write (32 bytes)
Event: 12.183 Thread 0x0000019faf558000 nmethod 5283 0x0000019f9939b290 code [0x0000019f9939b460, 0x0000019f9939b748]
Event: 12.188 Thread 0x0000019faf558000 5284       3       sun.security.util.ObjectIdentifier::checkOidSize (51 bytes)
Event: 12.189 Thread 0x0000019faf558000 nmethod 5284 0x0000019f9939b890 code [0x0000019f9939bb40, 0x0000019f9939c568]
Event: 12.195 Thread 0x0000019faf558000 5285       3       java.lang.invoke.MethodType::listToArray (22 bytes)
Event: 12.196 Thread 0x0000019faf558000 nmethod 5285 0x0000019f9939c910 code [0x0000019f9939cb60, 0x0000019f9939d2e8]
Event: 12.196 Thread 0x0000019faf558000 5286  s    3       java.io.ByteArrayInputStream::available (10 bytes)
Event: 12.196 Thread 0x0000019faf558000 nmethod 5286 0x0000019f9939d590 code [0x0000019f9939d740, 0x0000019f9939d9b8]
Event: 12.196 Thread 0x0000019faf558000 5287       1       sun.util.calendar.CalendarDate::getMonth (5 bytes)
Event: 12.197 Thread 0x0000019faf558000 nmethod 5287 0x0000019fa00e8a90 code [0x0000019fa00e8c40, 0x0000019fa00e8cf8]
Event: 12.197 Thread 0x0000019faf558000 5288       3       java.io.ByteArrayInputStream::mark (9 bytes)
Event: 12.197 Thread 0x0000019faf558000 nmethod 5288 0x0000019f9939da90 code [0x0000019f9939dc40, 0x0000019f9939dd38]

GC Heap History (20 events):
Event: 3.913 GC heap before
{Heap before GC invocations=2 (full 0):
 garbage-first heap   total 98304K, used 43748K [0x0000000080000000, 0x0000000100000000)
  region size 1024K, 37 young (37888K), 8 survivors (8192K)
 Metaspace       used 20572K, capacity 21127K, committed 21296K, reserved 1069056K
  class space    used 2520K, capacity 2680K, committed 2688K, reserved 1048576K
}
Event: 3.922 GC heap after
{Heap after GC invocations=3 (full 0):
 garbage-first heap   total 98304K, used 16854K [0x0000000080000000, 0x0000000100000000)
  region size 1024K, 2 young (2048K), 2 survivors (2048K)
 Metaspace       used 20572K, capacity 21127K, committed 21296K, reserved 1069056K
  class space    used 2520K, capacity 2680K, committed 2688K, reserved 1048576K
}
Event: 4.700 GC heap before
{Heap before GC invocations=4 (full 0):
 garbage-first heap   total 98304K, used 54742K [0x0000000080000000, 0x0000000100000000)
  region size 1024K, 39 young (39936K), 2 survivors (2048K)
 Metaspace       used 24914K, capacity 25530K, committed 25648K, reserved 1071104K
  class space    used 3209K, capacity 3427K, committed 3456K, reserved 1048576K
}
Event: 4.703 GC heap after
{Heap after GC invocations=5 (full 0):
 garbage-first heap   total 98304K, used 18208K [0x0000000080000000, 0x0000000100000000)
  region size 1024K, 3 young (3072K), 3 survivors (3072K)
 Metaspace       used 24914K, capacity 25530K, committed 25648K, reserved 1071104K
  class space    used 3209K, capacity 3427K, committed 3456K, reserved 1048576K
}
Event: 5.681 GC heap before
{Heap before GC invocations=5 (full 0):
 garbage-first heap   total 98304K, used 60192K [0x0000000080000000, 0x0000000100000000)
  region size 1024K, 44 young (45056K), 3 survivors (3072K)
 Metaspace       used 29500K, capacity 30166K, committed 30256K, reserved 1075200K
  class space    used 3923K, capacity 4164K, committed 4224K, reserved 1048576K
}
Event: 5.688 GC heap after
{Heap after GC invocations=6 (full 0):
 garbage-first heap   total 98304K, used 19487K [0x0000000080000000, 0x0000000100000000)
  region size 1024K, 4 young (4096K), 4 survivors (4096K)
 Metaspace       used 29500K, capacity 30166K, committed 30256K, reserved 1075200K
  class space    used 3923K, capacity 4164K, committed 4224K, reserved 1048576K
}
Event: 6.326 GC heap before
{Heap before GC invocations=6 (full 0):
 garbage-first heap   total 98304K, used 36895K [0x0000000080000000, 0x0000000100000000)
  region size 1024K, 23 young (23552K), 4 survivors (4096K)
 Metaspace       used 34889K, capacity 35629K, committed 35708K, reserved 1081344K
  class space    used 4536K, capacity 4817K, committed 4864K, reserved 1048576K
}
Event: 6.336 GC heap after
{Heap after GC invocations=7 (full 0):
 garbage-first heap   total 98304K, used 22005K [0x0000000080000000, 0x0000000100000000)
  region size 1024K, 6 young (6144K), 6 survivors (6144K)
 Metaspace       used 34889K, capacity 35629K, committed 35708K, reserved 1081344K
  class space    used 4536K, capacity 4817K, committed 4864K, reserved 1048576K
}
Event: 7.219 GC heap before
{Heap before GC invocations=8 (full 0):
 garbage-first heap   total 98304K, used 61941K [0x0000000080000000, 0x0000000100000000)
  region size 1024K, 42 young (43008K), 6 survivors (6144K)
 Metaspace       used 39333K, capacity 40212K, committed 40316K, reserved 1085440K
  class space    used 4996K, capacity 5311K, committed 5376K, reserved 1048576K
}
Event: 7.228 GC heap after
{Heap after GC invocations=9 (full 0):
 garbage-first heap   total 98304K, used 24143K [0x0000000080000000, 0x0000000100000000)
  region size 1024K, 5 young (5120K), 5 survivors (5120K)
 Metaspace       used 39333K, capacity 40212K, committed 40316K, reserved 1085440K
  class space    used 4996K, capacity 5311K, committed 5376K, reserved 1048576K
}
Event: 7.886 GC heap before
{Heap before GC invocations=9 (full 0):
 garbage-first heap   total 98304K, used 62031K [0x0000000080000000, 0x0000000100000000)
  region size 1024K, 42 young (43008K), 5 survivors (5120K)
 Metaspace       used 41734K, capacity 42673K, committed 42748K, reserved 1087488K
  class space    used 5352K, capacity 5708K, committed 5760K, reserved 1048576K
}
Event: 7.893 GC heap after
{Heap after GC invocations=10 (full 0):
 garbage-first heap   total 98304K, used 26080K [0x0000000080000000, 0x0000000100000000)
  region size 1024K, 5 young (5120K), 5 survivors (5120K)
 Metaspace       used 41734K, capacity 42673K, committed 42748K, reserved 1087488K
  class space    used 5352K, capacity 5708K, committed 5760K, reserved 1048576K
}
Event: 9.041 GC heap before
{Heap before GC invocations=10 (full 0):
 garbage-first heap   total 98304K, used 64992K [0x0000000080000000, 0x0000000100000000)
  region size 1024K, 43 young (44032K), 5 survivors (5120K)
 Metaspace       used 44376K, capacity 45515K, committed 45692K, reserved 1089536K
  class space    used 5677K, capacity 6083K, committed 6144K, reserved 1048576K
}
Event: 9.047 GC heap after
{Heap after GC invocations=11 (full 0):
 garbage-first heap   total 98304K, used 28748K [0x0000000080000000, 0x0000000100000000)
  region size 1024K, 5 young (5120K), 5 survivors (5120K)
 Metaspace       used 44376K, capacity 45515K, committed 45692K, reserved 1089536K
  class space    used 5677K, capacity 6083K, committed 6144K, reserved 1048576K
}
Event: 10.062 GC heap before
{Heap before GC invocations=11 (full 0):
 garbage-first heap   total 98304K, used 73804K [0x0000000080000000, 0x0000000100000000)
  region size 1024K, 44 young (45056K), 5 survivors (5120K)
 Metaspace       used 46427K, capacity 47634K, committed 47740K, reserved 1091584K
  class space    used 5931K, capacity 6364K, committed 6400K, reserved 1048576K
}
Event: 10.069 GC heap after
{Heap after GC invocations=12 (full 0):
 garbage-first heap   total 98304K, used 42436K [0x0000000080000000, 0x0000000100000000)
  region size 1024K, 6 young (6144K), 6 survivors (6144K)
 Metaspace       used 46427K, capacity 47634K, committed 47740K, reserved 1091584K
  class space    used 5931K, capacity 6364K, committed 6400K, reserved 1048576K
}
Event: 10.950 GC heap before
{Heap before GC invocations=12 (full 0):
 garbage-first heap   total 98304K, used 73156K [0x0000000080000000, 0x0000000100000000)
  region size 1024K, 36 young (36864K), 6 survivors (6144K)
 Metaspace       used 50785K, capacity 51994K, committed 52092K, reserved 1095680K
  class space    used 6436K, capacity 6863K, committed 6912K, reserved 1048576K
}
Event: 10.955 GC heap after
{Heap after GC invocations=13 (full 0):
 garbage-first heap   total 98304K, used 43837K [0x0000000080000000, 0x0000000100000000)
  region size 1024K, 2 young (2048K), 2 survivors (2048K)
 Metaspace       used 50785K, capacity 51994K, committed 52092K, reserved 1095680K
  class space    used 6436K, capacity 6863K, committed 6912K, reserved 1048576K
}
Event: 12.134 GC heap before
{Heap before GC invocations=13 (full 0):
 garbage-first heap   total 98304K, used 74557K [0x0000000080000000, 0x0000000100000000)
  region size 1024K, 32 young (32768K), 2 survivors (2048K)
 Metaspace       used 55424K, capacity 56860K, committed 57084K, reserved 1099776K
  class space    used 7050K, capacity 7541K, committed 7552K, reserved 1048576K
}
Event: 12.138 GC heap after
{Heap after GC invocations=14 (full 0):
 garbage-first heap   total 98304K, used 44990K [0x0000000080000000, 0x0000000100000000)
  region size 1024K, 3 young (3072K), 3 survivors (3072K)
 Metaspace       used 55424K, capacity 56860K, committed 57084K, reserved 1099776K
  class space    used 7050K, capacity 7541K, committed 7552K, reserved 1048576K
}

Deoptimization events (20 events):
Event: 11.538 Thread 0x0000019fb200a800 DEOPT PACKING pc=0x0000019fa00cd6bc sp=0x0000002b4d6f8c50
Event: 11.538 Thread 0x0000019fb200a800 DEOPT UNPACKING pc=0x0000019f984074af sp=0x0000002b4d6f8b98 mode 2
Event: 11.559 Thread 0x0000019fb200a800 Uncommon trap: trap_request=0xffffff6e fr.pc=0x0000019fa00cd6bc relative=0x00000000000002dc
Event: 11.559 Thread 0x0000019fb200a800 Uncommon trap: reason=speculate_class_check action=maybe_recompile pc=0x0000019fa00cd6bc method=java.lang.ThreadLocal.setInitialValue()Ljava/lang/Object; @ 35 c2
Event: 11.559 Thread 0x0000019fb200a800 DEOPT PACKING pc=0x0000019fa00cd6bc sp=0x0000002b4d6f88b0
Event: 11.559 Thread 0x0000019fb200a800 DEOPT UNPACKING pc=0x0000019f984074af sp=0x0000002b4d6f87f8 mode 2
Event: 11.568 Thread 0x0000019fb200a800 Uncommon trap: trap_request=0xffffff6e fr.pc=0x0000019fa00cd6bc relative=0x00000000000002dc
Event: 11.568 Thread 0x0000019fb200a800 Uncommon trap: reason=speculate_class_check action=maybe_recompile pc=0x0000019fa00cd6bc method=java.lang.ThreadLocal.setInitialValue()Ljava/lang/Object; @ 35 c2
Event: 11.568 Thread 0x0000019fb200a800 DEOPT PACKING pc=0x0000019fa00cd6bc sp=0x0000002b4d6f88b0
Event: 11.569 Thread 0x0000019fb200a800 DEOPT UNPACKING pc=0x0000019f984074af sp=0x0000002b4d6f87f8 mode 2
Event: 11.750 Thread 0x0000019fb200a800 DEOPT PACKING pc=0x0000019f9917f171 sp=0x0000002b4d6f43b0
Event: 11.750 Thread 0x0000019fb200a800 DEOPT UNPACKING pc=0x0000019f984072ce sp=0x0000002b4d6f38a8 mode 0
Event: 12.018 Thread 0x0000019fb200a800 Uncommon trap: trap_request=0xffffff4d fr.pc=0x0000019fa0099ed8 relative=0x0000000000000238
Event: 12.018 Thread 0x0000019fb200a800 Uncommon trap: reason=unstable_if action=reinterpret pc=0x0000019fa0099ed8 method=java.security.SecureClassLoader$CodeSourceKey.hashCode()I @ 9 c2
Event: 12.018 Thread 0x0000019fb200a800 DEOPT PACKING pc=0x0000019fa0099ed8 sp=0x0000002b4d6f2e50
Event: 12.018 Thread 0x0000019fb200a800 DEOPT UNPACKING pc=0x0000019f984074af sp=0x0000002b4d6f2de0 mode 2
Event: 12.142 Thread 0x0000019fb200a800 Uncommon trap: trap_request=0xffffff4d fr.pc=0x0000019f9ff68de8 relative=0x0000000000000388
Event: 12.142 Thread 0x0000019fb200a800 Uncommon trap: reason=unstable_if action=reinterpret pc=0x0000019f9ff68de8 method=java.util.jar.JarFile.maybeInstantiateVerifier()V @ 61 c2
Event: 12.142 Thread 0x0000019fb200a800 DEOPT PACKING pc=0x0000019f9ff68de8 sp=0x0000002b4d6f4d50
Event: 12.142 Thread 0x0000019fb200a800 DEOPT UNPACKING pc=0x0000019f984074af sp=0x0000002b4d6f4cd8 mode 2

Classes redefined (0 events):
No events

Internal exceptions (20 events):
Event: 9.781 Thread 0x0000019fb1335800 Exception <a 'java/lang/NoSuchMethodError'{0x00000000845bb878}: <clinit>> (0x00000000845bb878) thrown at [./src/hotspot/share/prims/jni.cpp, line 1362]
Event: 9.782 Thread 0x0000019fb1335800 Exception <a 'java/lang/NoSuchMethodError'{0x00000000845c61d0}: <clinit>> (0x00000000845c61d0) thrown at [./src/hotspot/share/prims/jni.cpp, line 1362]
Event: 9.785 Thread 0x0000019fb1335800 Exception <a 'java/lang/NoSuchMethodError'{0x00000000845dab48}: <clinit>> (0x00000000845dab48) thrown at [./src/hotspot/share/prims/jni.cpp, line 1362]
Event: 9.806 Thread 0x0000019fb200a800 Exception <a 'java/lang/ClassNotFoundException'{0x00000000844220c0}: build_emt8301lqwszogfllyei5nuw0BeanInfo> (0x00000000844220c0) thrown at [./src/hotspot/share/classfile/systemDictionary.cpp, line 231]
Event: 9.806 Thread 0x0000019fb200a800 Exception <a 'java/lang/ClassNotFoundException'{0x000000008442aec8}: build_emt8301lqwszogfllyei5nuw0Customizer> (0x000000008442aec8) thrown at [./src/hotspot/share/classfile/systemDictionary.cpp, line 231]
Event: 9.816 Thread 0x0000019fb200a800 Exception <a 'java/lang/ClassNotFoundException'{0x000000008449a1d0}: org/gradle/plugin/use/internal/PluginRequestCollector$PluginDependenciesSpecImplBeanInfo> (0x000000008449a1d0) thrown at [./src/hotspot/share/classfile/systemDictionary.cpp, line 231]
Event: 9.817 Thread 0x0000019fb200a800 Exception <a 'java/lang/ClassNotFoundException'{0x00000000844bff40}: org/gradle/plugin/use/internal/PluginRequestCollector$PluginDependenciesSpecImplCustomizer> (0x00000000844bff40) thrown at [./src/hotspot/share/classfile/systemDictionary.cpp, line 231]
Event: 9.830 Thread 0x0000019fb200a800 Exception <a 'java/lang/NoSuchMethodError'{0x0000000084336c40}: 'void java.lang.invoke.DirectMethodHandle$Holder.invokeInterface(java.lang.Object, java.lang.Object)'> (0x0000000084336c40) thrown at [./src/hotspot/share/interpreter/linkResolver.cpp, line 773]
Event: 9.897 Thread 0x0000019fb200a800 Exception <a 'java/lang/ClassNotFoundException'{0x000000008404b818}: org/gradle/api/internal/plugins/DefaultObjectConfigurationActionBeanInfo> (0x000000008404b818) thrown at [./src/hotspot/share/classfile/systemDictionary.cpp, line 231]
Event: 9.898 Thread 0x0000019fb200a800 Exception <a 'java/lang/ClassNotFoundException'{0x0000000084078dd8}: org/gradle/api/internal/plugins/DefaultObjectConfigurationActionCustomizer> (0x0000000084078dd8) thrown at [./src/hotspot/share/classfile/systemDictionary.cpp, line 231]
Event: 10.122 Thread 0x0000019fb200a800 Exception <a 'java/lang/NoSuchMethodError'{0x0000000085ecd6e8}: 'java.lang.Object java.lang.invoke.DirectMethodHandle$Holder.invokeStatic(java.lang.Object, java.lang.Object, java.lang.Object, java.lang.Object, int)'> (0x0000000085ecd6e8) thrown at [./src/hotspot/share/interpreter/linkResolver.cpp, line 773]
Event: 10.122 Thread 0x0000019fb200a800 Exception <a 'java/lang/NoSuchMethodError'{0x0000000085ed20e0}: 'java.lang.Object java.lang.invoke.DirectMethodHandle$Holder.invokeSpecial(java.lang.Object, java.lang.Object, java.lang.Object, java.lang.Object, java.lang.Object, int)'> (0x0000000085ed20e0) thrown at [./src/hotspot/share/interpreter/linkResolver.cpp, line 773]
Event: 10.123 Thread 0x0000019fb200a800 Exception <a 'java/lang/NoSuchMethodError'{0x0000000085ed6720}: 'java.lang.Object java.lang.invoke.Invokers$Holder.linkToTargetMethod(java.lang.Object, java.lang.Object, java.lang.Object, int, java.lang.Object)'> (0x0000000085ed6720) thrown at [./src/hotspot/share/interpreter/linkResolver.cpp, line 773]
Event: 10.748 Thread 0x0000019fb200a800 Exception <a 'java/lang/NoSuchMethodError'{0x00000000849b7388}: 'java.lang.Object java.lang.invoke.DirectMethodHandle$Holder.invokeSpecial(java.lang.Object, java.lang.Object, int, int, java.lang.Object, java.lang.Object, java.lang.Object)'> (0x00000000849b7388) thrown at [./src/hotspot/share/interpreter/linkResolver.cpp, line 773]
Event: 10.748 Thread 0x0000019fb200a800 Exception <a 'java/lang/NoSuchMethodError'{0x00000000849bb908}: 'java.lang.Object java.lang.invoke.DelegatingMethodHandle$Holder.reinvoke_L(java.lang.Object, int, int, java.lang.Object, java.lang.Object, java.lang.Object)'> (0x00000000849bb908) thrown at [./src/hotspot/share/interpreter/linkResolver.cpp, line 773]
Event: 11.191 Thread 0x0000019fb200a800 Exception <a 'java/lang/NoSuchMethodError'{0x0000000085933bf0}: 'int java.lang.invoke.DirectMethodHandle$Holder.invokeInterface(java.lang.Object, java.lang.Object, java.lang.Object, java.lang.Object)'> (0x0000000085933bf0) thrown at [./src/hotspot/share/interpreter/linkResolver.cpp, line 773]
Event: 11.682 Thread 0x0000019fb200a800 Exception <a 'java/lang/NoSuchMethodError'{0x0000000084f84180}: 'void java.lang.invoke.DirectMethodHandle$Holder.invokeInterface(java.lang.Object, java.lang.Object, java.lang.Object, java.lang.Object)'> (0x0000000084f84180) thrown at [./src/hotspot/share/interpreter/linkResolver.cpp, line 773]
Event: 11.919 Thread 0x0000019fb200a800 Exception <a 'java/lang/IncompatibleClassChangeError'{0x000000008470fed8}: Found class java.lang.Object, but interface was expected> (0x000000008470fed8) thrown at [./src/hotspot/share/interpreter/linkResolver.cpp, line 839]
Event: 11.965 Thread 0x0000019fb200a800 Exception <a 'java/lang/NoSuchMethodError'{0x00000000847aba70}: 'void java.lang.invoke.DirectMethodHandle$Holder.invokeStatic(java.lang.Object, java.lang.Object, java.lang.Object, java.lang.Object, java.lang.Object)'> (0x00000000847aba70) thrown at [./src/hotspot/share/interpreter/linkResolver.cpp, line 773]
Event: 12.018 Thread 0x0000019fb200a800 Implicit null exception at 0x0000019fa0099cd4 to 0x0000019fa0099ec8

Events (20 events):
Event: 12.193 loading class jdk/internal/event/X509CertificateEvent done
Event: 12.193 loading class jdk/internal/event/EventHelper
Event: 12.194 loading class jdk/internal/event/EventHelper done
Event: 12.194 loading class java/lang/invoke/VarHandleObjects$FieldStaticReadWrite
Event: 12.194 loading class java/lang/invoke/VarHandleObjects$FieldStaticReadOnly
Event: 12.195 loading class java/lang/invoke/VarHandleObjects$FieldStaticReadOnly done
Event: 12.195 loading class java/lang/invoke/VarHandleObjects$FieldStaticReadWrite done
Event: 12.197 loading class sun/security/x509/KeyUsageExtension
Event: 12.197 loading class sun/security/x509/KeyUsageExtension done
Event: 12.198 loading class sun/security/x509/SubjectAlternativeNameExtension
Event: 12.198 loading class sun/security/x509/SubjectAlternativeNameExtension done
Event: 12.198 loading class sun/security/x509/GeneralName
Event: 12.198 loading class sun/security/x509/GeneralName done
Event: 12.198 loading class sun/security/x509/RFC822Name
Event: 12.198 loading class sun/security/x509/RFC822Name done
Event: 12.199 loading class sun/security/pkcs/SignerInfo
Event: 12.199 loading class sun/security/pkcs/SignerInfo done
Event: 12.199 loading class java/security/CryptoPrimitive
Event: 12.199 loading class java/security/CryptoPrimitive done
Event: 12.200 loading class sun/security/util/DisabledAlgorithmConstraints


Dynamic libraries:
0x00007ff7be100000 - 0x00007ff7be10a000 	C:\Program Files\Android\Android Studio\jre\bin\java.exe
0x00007ff835130000 - 0x00007ff835325000 	C:\Windows\SYSTEM32\ntdll.dll
0x00007ff833600000 - 0x00007ff8336bd000 	C:\Windows\System32\KERNEL32.DLL
0x00007ff8328a0000 - 0x00007ff832b68000 	C:\Windows\System32\KERNELBASE.dll
0x00007ff82fc60000 - 0x00007ff82fcf0000 	C:\Windows\SYSTEM32\apphelp.dll
0x00007ff832ca0000 - 0x00007ff832da0000 	C:\Windows\System32\ucrtbase.dll
0x00007ff824620000 - 0x00007ff824639000 	C:\Program Files\Android\Android Studio\jre\bin\jli.dll
0x00007ff818480000 - 0x00007ff818497000 	C:\Program Files\Android\Android Studio\jre\bin\VCRUNTIME140.dll
0x00007ff833200000 - 0x00007ff8333a0000 	C:\Windows\System32\USER32.dll
0x00007ff832b70000 - 0x00007ff832b92000 	C:\Windows\System32\win32u.dll
0x00007ff81d6a0000 - 0x00007ff81d93a000 	C:\Windows\WinSxS\amd64_microsoft.windows.common-controls_6595b64144ccf1df_6.0.19041.1052_none_60b8f8fd71f5e8cb\COMCTL32.dll
0x00007ff8338d0000 - 0x00007ff8338fa000 	C:\Windows\System32\GDI32.dll
0x00007ff8341a0000 - 0x00007ff83423e000 	C:\Windows\System32\msvcrt.dll
0x00007ff832da0000 - 0x00007ff832eab000 	C:\Windows\System32\gdi32full.dll
0x00007ff832c00000 - 0x00007ff832c9d000 	C:\Windows\System32\msvcp_win.dll
0x00007ff8350c0000 - 0x00007ff8350f0000 	C:\Windows\System32\IMM32.DLL
0x00007ff811280000 - 0x00007ff81131d000 	C:\Program Files\Android\Android Studio\jre\bin\msvcp140.dll
0x00007ff8046f0000 - 0x00007ff8051ac000 	C:\Program Files\Android\Android Studio\jre\bin\server\jvm.dll
0x00007ff833550000 - 0x00007ff8335fc000 	C:\Windows\System32\ADVAPI32.dll
0x00007ff8344a0000 - 0x00007ff83453b000 	C:\Windows\System32\sechost.dll
0x00007ff834240000 - 0x00007ff83436b000 	C:\Windows\System32\RPCRT4.dll
0x00007ff833470000 - 0x00007ff833478000 	C:\Windows\System32\PSAPI.DLL
0x00007ff81e620000 - 0x00007ff81e629000 	C:\Windows\SYSTEM32\WSOCK32.dll
0x00007ff827400000 - 0x00007ff827427000 	C:\Windows\SYSTEM32\WINMM.dll
0x00007ff824230000 - 0x00007ff82423a000 	C:\Windows\SYSTEM32\VERSION.dll
0x00007ff8345f0000 - 0x00007ff83465b000 	C:\Windows\System32\WS2_32.dll
0x00007ff831140000 - 0x00007ff831152000 	C:\Windows\SYSTEM32\kernel.appcore.dll
0x00007ff828660000 - 0x00007ff828671000 	C:\Program Files\Android\Android Studio\jre\bin\verify.dll
0x00007ff830450000 - 0x00007ff830634000 	C:\Windows\SYSTEM32\DBGHELP.DLL
0x00007ff829110000 - 0x00007ff82913c000 	C:\Windows\SYSTEM32\dbgcore.DLL
0x00007ff832f00000 - 0x00007ff832f83000 	C:\Windows\System32\bcryptPrimitives.dll
0x00007ff8247f0000 - 0x00007ff824819000 	C:\Program Files\Android\Android Studio\jre\bin\java.dll
0x00007ff82d440000 - 0x00007ff82d44b000 	C:\Program Files\Android\Android Studio\jre\bin\jimage.dll
0x00007ff826520000 - 0x00007ff826538000 	C:\Program Files\Android\Android Studio\jre\bin\zip.dll
0x00007ff833a60000 - 0x00007ff83419f000 	C:\Windows\System32\SHELL32.dll
0x00007ff8309a0000 - 0x00007ff831130000 	C:\Windows\SYSTEM32\windows.storage.dll
0x00007ff834660000 - 0x00007ff8349b5000 	C:\Windows\System32\combase.dll
0x00007ff832210000 - 0x00007ff83223c000 	C:\Windows\SYSTEM32\Wldp.dll
0x00007ff8333c0000 - 0x00007ff83346e000 	C:\Windows\System32\SHCORE.dll
0x00007ff8349c0000 - 0x00007ff834a15000 	C:\Windows\System32\shlwapi.dll
0x00007ff8327b0000 - 0x00007ff8327cf000 	C:\Windows\SYSTEM32\profapi.dll
0x00007ff818600000 - 0x00007ff81861a000 	C:\Program Files\Android\Android Studio\jre\bin\net.dll
0x00007ff827cb0000 - 0x00007ff827dbb000 	C:\Windows\SYSTEM32\WINHTTP.dll
0x00007ff831f80000 - 0x00007ff831fea000 	C:\Windows\system32\mswsock.dll
0x00007ff818420000 - 0x00007ff818434000 	C:\Program Files\Android\Android Studio\jre\bin\nio.dll
0x00007ff82bc20000 - 0x00007ff82bc47000 	C:\Users\User\.gradle\native\fdc75f09e3144964f2cf3f50f0aa648679c211496f362492102eb8c894070792\windows-amd64\native-platform.dll
0x00007ff807a50000 - 0x00007ff807be6000 	C:\Users\User\.gradle\native\12488b8bf47d2d4c9fbf2f6322a914ad602e24e48041cd04a747c6da556b65c4\windows-amd64\native-platform-file-events.dll
0x00007ff82cb00000 - 0x00007ff82cb0a000 	C:\Program Files\Android\Android Studio\jre\bin\management.dll
0x00007ff828960000 - 0x00007ff82896c000 	C:\Program Files\Android\Android Studio\jre\bin\management_ext.dll
0x00007ff832150000 - 0x00007ff832168000 	C:\Windows\SYSTEM32\CRYPTSP.dll
0x00007ff831920000 - 0x00007ff831954000 	C:\Windows\system32\rsaenh.dll
0x00007ff832870000 - 0x00007ff832897000 	C:\Windows\System32\bcrypt.dll
0x00007ff832770000 - 0x00007ff83279e000 	C:\Windows\SYSTEM32\USERENV.dll
0x00007ff832170000 - 0x00007ff83217c000 	C:\Windows\SYSTEM32\CRYPTBASE.dll
0x00007ff831c70000 - 0x00007ff831cab000 	C:\Windows\SYSTEM32\IPHLPAPI.DLL
0x00007ff8350b0000 - 0x00007ff8350b8000 	C:\Windows\System32\NSI.dll
0x00007ff829f10000 - 0x00007ff829f27000 	C:\Windows\SYSTEM32\dhcpcsvc6.DLL
0x00007ff82a780000 - 0x00007ff82a79d000 	C:\Windows\SYSTEM32\dhcpcsvc.DLL
0x00007ff831cb0000 - 0x00007ff831d7c000 	C:\Windows\SYSTEM32\DNSAPI.dll
0x00007ff82ab40000 - 0x00007ff82ab4b000 	C:\Windows\SYSTEM32\WINNSI.DLL

dbghelp: loaded successfully - version: 4.0.5 - missing functions: none
symbol engine: initialized successfully - sym options: 0x614 - pdb path: .;C:\Program Files\Android\Android Studio\jre\bin;C:\Windows\SYSTEM32;C:\Windows\WinSxS\amd64_microsoft.windows.common-controls_6595b64144ccf1df_6.0.19041.1052_none_60b8f8fd71f5e8cb;C:\Program Files\Android\Android Studio\jre\bin\server;C:\Users\User\.gradle\native\fdc75f09e3144964f2cf3f50f0aa648679c211496f362492102eb8c894070792\windows-amd64;C:\Users\User\.gradle\native\12488b8bf47d2d4c9fbf2f6322a914ad602e24e48041cd04a747c6da556b65c4\windows-amd64

VM Arguments:
jvm_args: --add-opens=java.base/java.util=ALL-UNNAMED --add-opens=java.base/java.lang=ALL-UNNAMED --add-opens=java.base/java.lang.invoke=ALL-UNNAMED --add-opens=java.prefs/java.util.prefs=ALL-UNNAMED -Xmx2048m -Dfile.encoding=UTF-8 -Duser.country=IL -Duser.language=iw -Duser.variant 
java_command: org.gradle.launcher.daemon.bootstrap.GradleDaemon 6.7.1
java_class_path (initial): C:\Users\User\.gradle\wrapper\dists\gradle-6.7.1-bin\bwlcbys1h7rz3272sye1xwiv6\gradle-6.7.1\lib\gradle-launcher-6.7.1.jar
Launcher Type: SUN_STANDARD

[Global flags]
     intx CICompilerCount                          = 4                                         {product} {ergonomic}
     uint ConcGCThreads                            = 2                                         {product} {ergonomic}
     uint G1ConcRefinementThreads                  = 8                                         {product} {ergonomic}
   size_t G1HeapRegionSize                         = 1048576                                   {product} {ergonomic}
    uintx GCDrainStackTargetSize                   = 64                                        {product} {ergonomic}
   size_t InitialHeapSize                          = 100663296                                 {product} {ergonomic}
   size_t MarkStackSize                            = 4194304                                   {product} {ergonomic}
   size_t MaxHeapSize                              = 2147483648                                {product} {command line}
   size_t MaxNewSize                               = 1287651328                                {product} {ergonomic}
   size_t MinHeapDeltaBytes                        = 1048576                                   {product} {ergonomic}
    uintx NonNMethodCodeHeapSize                   = 5836300                                {pd product} {ergonomic}
    uintx NonProfiledCodeHeapSize                  = 122910970                              {pd product} {ergonomic}
    uintx ProfiledCodeHeapSize                     = 122910970                              {pd product} {ergonomic}
    uintx ReservedCodeCacheSize                    = 251658240                              {pd product} {ergonomic}
     bool SegmentedCodeCache                       = true                                      {product} {ergonomic}
     bool UseCompressedClassPointers               = true                                 {lp64_product} {ergonomic}
     bool UseCompressedOops                        = true                                 {lp64_product} {ergonomic}
     bool UseG1GC                                  = true                                      {product} {ergonomic}
     bool UseLargePagesIndividualAllocation        = false                                  {pd product} {ergonomic}

Logging:
Log output configuration:
 #0: stdout all=warning uptime,level,tags
 #1: stderr all=off uptime,level,tags

Environment Variables:
PATH=C:\Windows\system32;C:\Windows;C:\Windows\System32\Wbem;C:\Windows\System32\WindowsPowerShell\v1.0\;C:\Windows\System32\OpenSSH\;C:\cygwin64\bin;C:\Program Files\Git\cmd;C:\Program Files\PuTTY\;C:\Users\User\AppData\Local\Microsoft\WindowsApps;
USERNAME=User
OS=Windows_NT
PROCESSOR_IDENTIFIER=AMD64 Family 23 Model 24 Stepping 1, AuthenticAMD



---------------  S Y S T E M  ---------------

OS: Windows 10 , 64 bit Build 19041 (10.0.19041.1023)
OS uptime: 3 days 16:29 hours

CPU:total 8 (initial active 8) (8 cores per cpu, 2 threads per core) family 23 model 24 stepping 1, cmov, cx8, fxsr, mmx, sse, sse2, sse3, ssse3, sse4.1, sse4.2, popcnt, avx, avx2, aes, clmul, mmxext, 3dnowpref, lzcnt, sse4a, ht, tsc, tscinvbit, tscinv, bmi1, bmi2, adx, sha, fma

Memory: 4k page, system-wide physical 6022M (219M free)
TotalPageFile size 24454M (AvailPageFile size 1M)
current process WorkingSet (physical memory assigned to process): 269M, peak: 269M
current process commit charge ("private bytes"): 309M, peak: 309M

vm_info: OpenJDK 64-Bit Server VM (11.0.8+10-b944.6842174) for windows-amd64 JRE (11.0.8+10-b944.6842174), built on Sep 19 2020 01:11:42 by "builder" with MS VC++ 14.0 (VS2015)

END.
