#
# There is insufficient memory for the Java Runtime Environment to continue.
# Native memory allocation (malloc) failed to allocate 1863376 bytes for Chunk::new
# Possible reasons:
#   The system is out of physical RAM or swap space
#   The process is running with CompressedOops enabled, and the Java Heap may be blocking the growth of the native heap
# Possible solutions:
#   Reduce memory load on the system
#   Increase physical memory or swap space
#   Check if swap backing store is full
#   Decrease Java heap size (-Xmx/-Xms)
#   Decrease number of Java threads
#   Decrease Java thread stack sizes (-Xss)
#   Set larger code cache with -XX:ReservedCodeCacheSize=
#   JVM is running with Unscaled Compressed Oops mode in which the Java heap is
#     placed in the first 4GB address space. The Java Heap base address is the
#     maximum limit for the native heap growth. Please use -XX:HeapBaseMinAddress
#     to set the Java Heap base and to place the Java Heap above 4GB virtual address.
# This output file may be truncated or incomplete.
#
#  Out of Memory Error (./src/hotspot/share/memory/arena.cpp:197), pid=16652, tid=17904
#
# JRE version: OpenJDK Runtime Environment (11.0.8+10) (build 11.0.8+10-b944.6842174)
# Java VM: OpenJDK 64-Bit Server VM (11.0.8+10-b944.6842174, mixed mode, tiered, compressed oops, g1 gc, windows-amd64)
# No core dump will be written. Minidumps are not enabled by default on client versions of Windows
#

---------------  S U M M A R Y ------------

Command Line: --add-opens=java.base/java.util=ALL-UNNAMED --add-opens=java.base/java.lang=ALL-UNNAMED --add-opens=java.base/java.lang.invoke=ALL-UNNAMED --add-opens=java.prefs/java.util.prefs=ALL-UNNAMED -Xmx2048m -Dfile.encoding=UTF-8 -Duser.country=IL -Duser.language=iw -Duser.variant org.gradle.launcher.daemon.bootstrap.GradleDaemon 6.7.1

Host: AMD Ryzen 7 PRO 3700U w/ Radeon Vega Mobile Gfx, 8 cores, 5G,  Windows 10 , 64 bit Build 19041 (10.0.19041.1023)
Time: Tue Jun 15 16:57:58 2021 שעון קיץ ירושלים elapsed time: 10 seconds (0d 0h 0m 10s)

---------------  T H R E A D  ---------------

Current thread (0x00000292dc958000):  JavaThread "C2 CompilerThread0" daemon [_thread_in_native, id=17904, stack(0x000000e495700000,0x000000e495800000)]


Current CompileTask:
C2:  10297 4227       4       java.lang.invoke.MethodType::makeImpl (108 bytes)

Stack: [0x000000e495700000,0x000000e495800000]
Native frames: (J=compiled Java code, j=interpreted, Vv=VM code, C=native code)
V  [jvm.dll+0x5de50a]
V  [jvm.dll+0x7122f5]
V  [jvm.dll+0x71384d]
V  [jvm.dll+0x713f03]
V  [jvm.dll+0x23e728]
V  [jvm.dll+0xb899c]
V  [jvm.dll+0xb8e9c]
V  [jvm.dll+0x35020b]
V  [jvm.dll+0x31dea3]
V  [jvm.dll+0x31d39a]
V  [jvm.dll+0x1f7702]
V  [jvm.dll+0x1f68d4]
V  [jvm.dll+0x17f32c]
V  [jvm.dll+0x205047]
V  [jvm.dll+0x203891]
V  [jvm.dll+0x6dad3f]
V  [jvm.dll+0x6d3895]
V  [jvm.dll+0x5dd4a6]
C  [ucrtbase.dll+0x21bb2]
C  [KERNEL32.DLL+0x17034]
C  [ntdll.dll+0x52651]


---------------  P R O C E S S  ---------------

Threads class SMR info:
_java_thread_list=0x00000292e15a8320, length=164, elements={
0x00000292c06b0800, 0x00000292dc932800, 0x00000292dc93e000, 0x00000292dc954000,
0x00000292dc955000, 0x00000292dc958000, 0x00000292dc95a000, 0x00000292dc95b800,
0x00000292dd40e800, 0x00000292dd437000, 0x00000292decff800, 0x00000292dd673000,
0x00000292ddfa2000, 0x00000292df51d000, 0x00000292dfaed000, 0x00000292df425800,
0x00000292de23b000, 0x00000292de3aa000, 0x00000292de3ab000, 0x00000292dedd1800,
0x00000292decb2800, 0x00000292decb1800, 0x00000292decb3000, 0x00000292dfb8e000,
0x00000292decb0000, 0x00000292decaf000, 0x00000292decb0800, 0x00000292decad800,
0x00000292decb4000, 0x00000292decae000, 0x00000292dfba2000, 0x00000292dfba1000,
0x00000292dfba3800, 0x00000292dfba4800, 0x00000292dfba5000, 0x00000292dfba6000,
0x00000292dfba0800, 0x00000292dfba7800, 0x00000292dfbac800, 0x00000292dfbab000,
0x00000292dfbab800, 0x00000292dfba7000, 0x00000292dfbad800, 0x00000292dfba9800,
0x00000292dfba8800, 0x00000292dfbae000, 0x00000292dfbaf000, 0x00000292dfbaa000,
0x00000292e2aa4000, 0x00000292e2aa5000, 0x00000292e2aa1000, 0x00000292e2aa3800,
0x00000292e2aa1800, 0x00000292e2aa0000, 0x00000292e2aa2800, 0x00000292e2a9f800,
0x00000292e2aa7800, 0x00000292e2aaa000, 0x00000292e2aa6000, 0x00000292e2aa8800,
0x00000292e2aab800, 0x00000292e2aaa800, 0x00000292e2aac800, 0x00000292e2aa9000,
0x00000292e2aa6800, 0x00000292e2aae000, 0x00000292e2aad000, 0x00000292e2854000,
0x00000292e2850000, 0x00000292e2850800, 0x00000292e2853000, 0x00000292e2855000,
0x00000292e2851800, 0x00000292e284f000, 0x00000292e2856800, 0x00000292e2858000,
0x00000292e2852800, 0x00000292e2857800, 0x00000292e285a800, 0x00000292e2859000,
0x00000292e285b800, 0x00000292e2859800, 0x00000292e2855800, 0x00000292e285c000,
0x00000292e285d000, 0x00000292e285e000, 0x00000292e342d800, 0x00000292e342e000,
0x00000292e342f000, 0x00000292e342c000, 0x00000292e3430000, 0x00000292e342c800,
0x00000292e3430800, 0x00000292e342b000, 0x00000292e3431800, 0x00000292e3438000,
0x00000292e3435800, 0x00000292e3434800, 0x00000292e3432800, 0x00000292e3433000,
0x00000292e3437000, 0x00000292e3439000, 0x00000292e3439800, 0x00000292e3434000,
0x00000292e3436800, 0x00000292e207c800, 0x00000292e207a000, 0x00000292e207d800,
0x00000292e207f000, 0x00000292e207e000, 0x00000292e2080000, 0x00000292e2080800,
0x00000292e207b000, 0x00000292e207c000, 0x00000292e2085800, 0x00000292e2086800,
0x00000292e2087000, 0x00000292e2082800, 0x00000292e2081800, 0x00000292e2089000,
0x00000292e2088000, 0x00000292e2083000, 0x00000292e2084000, 0x00000292e2085000,
0x00000292e2219000, 0x00000292e2215000, 0x00000292e2217800, 0x00000292e221a000,
0x00000292e2216800, 0x00000292e221a800, 0x00000292e2218800, 0x00000292e221b800,
0x00000292e2216000, 0x00000292e2221000, 0x00000292e221d000, 0x00000292e221e000,
0x00000292e2222000, 0x00000292e221f800, 0x00000292e221c800, 0x00000292e2223000,
0x00000292e2220800, 0x00000292e2223800, 0x00000292e221f000, 0x00000292e2902800,
0x00000292e2900000, 0x00000292e2901800, 0x00000292e2903000, 0x00000292e2900800,
0x00000292e2904000, 0x00000292e28fe000, 0x00000292e2904800, 0x00000292e28ff000,
0x00000292e290b800, 0x00000292e2905800, 0x00000292e2908000, 0x00000292e2907000,
0x00000292e290c000, 0x00000292e290a800, 0x00000292e2909000, 0x00000292e2909800,
0x00000292e2906800, 0x00000292e290d000, 0x00000292e2ab3000, 0x00000292e2ab1800
}

Java Threads: ( => current thread )
  0x00000292c06b0800 JavaThread "main" [_thread_blocked, id=11460, stack(0x000000e494c00000,0x000000e494d00000)]
  0x00000292dc932800 JavaThread "Reference Handler" daemon [_thread_blocked, id=5516, stack(0x000000e495300000,0x000000e495400000)]
  0x00000292dc93e000 JavaThread "Finalizer" daemon [_thread_blocked, id=13252, stack(0x000000e495400000,0x000000e495500000)]
  0x00000292dc954000 JavaThread "Signal Dispatcher" daemon [_thread_blocked, id=2944, stack(0x000000e495500000,0x000000e495600000)]
  0x00000292dc955000 JavaThread "Attach Listener" daemon [_thread_blocked, id=16940, stack(0x000000e495600000,0x000000e495700000)]
=>0x00000292dc958000 JavaThread "C2 CompilerThread0" daemon [_thread_in_native, id=17904, stack(0x000000e495700000,0x000000e495800000)]
  0x00000292dc95a000 JavaThread "C1 CompilerThread0" daemon [_thread_blocked, id=14384, stack(0x000000e495800000,0x000000e495900000)]
  0x00000292dc95b800 JavaThread "Sweeper thread" daemon [_thread_blocked, id=6128, stack(0x000000e495900000,0x000000e495a00000)]
  0x00000292dd40e800 JavaThread "Common-Cleaner" daemon [_thread_blocked, id=16008, stack(0x000000e495a00000,0x000000e495b00000)]
  0x00000292dd437000 JavaThread "Service Thread" daemon [_thread_blocked, id=8996, stack(0x000000e495b00000,0x000000e495c00000)]
  0x00000292decff800 JavaThread "Daemon health stats" [_thread_blocked, id=12764, stack(0x000000e496000000,0x000000e496100000)]
  0x00000292dd673000 JavaThread "Incoming local TCP Connector on port 50543" [_thread_in_native, id=10124, stack(0x000000e496100000,0x000000e496200000)]
  0x00000292ddfa2000 JavaThread "Daemon periodic checks" [_thread_blocked, id=14648, stack(0x000000e496200000,0x000000e496300000)]
  0x00000292df51d000 JavaThread "Daemon" [_thread_blocked, id=736, stack(0x000000e496300000,0x000000e496400000)]
  0x00000292dfaed000 JavaThread "Handler for socket connection from /127.0.0.1:50543 to /127.0.0.1:50545" [_thread_in_native, id=10288, stack(0x000000e496400000,0x000000e496500000)]
  0x00000292df425800 JavaThread "Cancel handler" [_thread_blocked, id=7512, stack(0x000000e496b00000,0x000000e496c00000)]
  0x00000292de23b000 JavaThread "Daemon worker" [_thread_blocked, id=17724, stack(0x000000e496c00000,0x000000e496d00000)]
  0x00000292de3aa000 JavaThread "Asynchronous log dispatcher for DefaultDaemonConnection: socket connection from /127.0.0.1:50543 to /127.0.0.1:50545" [_thread_blocked, id=18300, stack(0x000000e496d00000,0x000000e496e00000)]
  0x00000292de3ab000 JavaThread "Stdin handler" [_thread_blocked, id=6972, stack(0x000000e496e00000,0x000000e496f00000)]
  0x00000292dedd1800 JavaThread "Thread-8" [_thread_blocked, id=15484, stack(0x000000e496f00000,0x000000e497000000)]
  0x00000292decb2800 JavaThread "Cache worker for file hash cache (C:\Users\User\.gradle\caches\6.7.1\fileHashes)" [_thread_blocked, id=15596, stack(0x000000e497000000,0x000000e497100000)]
  0x00000292decb1800 JavaThread "File lock request listener" [_thread_in_native, id=3092, stack(0x000000e497100000,0x000000e497200000)]
  0x00000292decb3000 JavaThread "Cache worker for journal cache (C:\Users\User\.gradle\caches\journal-1)" [_thread_blocked, id=16072, stack(0x000000e497300000,0x000000e497400000)]
  0x00000292dfb8e000 JavaThread "C2 CompilerThread1" daemon [_thread_in_native, id=15480, stack(0x000000e497400000,0x000000e497500000)]
  0x00000292decb0000 JavaThread "Cache worker for file hash cache (C:\Users\User\AndroidStudioProjects\AtnachtaApp\.gradle\6.7.1\fileHashes)" [_thread_blocked, id=17788, stack(0x000000e497500000,0x000000e497600000)]
  0x00000292decaf000 JavaThread "Cache worker for checksums cache (C:\Users\User\AndroidStudioProjects\AtnachtaApp\.gradle\checksums)" [_thread_blocked, id=18396, stack(0x000000e497600000,0x000000e497700000)]
  0x00000292decb0800 JavaThread "Cache worker for cache directory md-supplier (C:\Users\User\.gradle\caches\6.7.1\md-supplier)" [_thread_blocked, id=16208, stack(0x000000e497700000,0x000000e497800000)]
  0x00000292decad800 JavaThread "Cache worker for cache directory md-rule (C:\Users\User\.gradle\caches\6.7.1\md-rule)" [_thread_blocked, id=13548, stack(0x000000e497800000,0x000000e497900000)]
  0x00000292decb4000 JavaThread "Cache worker for execution history cache (C:\Users\User\.gradle\caches\6.7.1\executionHistory)" [_thread_blocked, id=7704, stack(0x000000e497900000,0x000000e497a00000)]
  0x00000292decae000 JavaThread "jar transforms" [_thread_blocked, id=5140, stack(0x000000e497a00000,0x000000e497b00000)]
  0x00000292dfba2000 JavaThread "Cache worker for file content cache (C:\Users\User\.gradle\caches\6.7.1\fileContent)" [_thread_blocked, id=14396, stack(0x000000e497b00000,0x000000e497c00000)]
  0x00000292dfba1000 JavaThread "Cache worker for Build Output Cleanup Cache (C:\Users\User\AndroidStudioProjects\AtnachtaApp\.gradle\buildOutputCleanup)" [_thread_blocked, id=2760, stack(0x000000e497c00000,0x000000e497d00000)]
  0x00000292dfba3800 JavaThread "Build operations" [_thread_blocked, id=5176, stack(0x000000e497d00000,0x000000e497e00000)]
  0x00000292dfba4800 JavaThread "Build operations Thread 2" [_thread_blocked, id=1280, stack(0x000000e497e00000,0x000000e497f00000)]
  0x00000292dfba5000 JavaThread "Build operations Thread 3" [_thread_blocked, id=6368, stack(0x000000e497f00000,0x000000e498000000)]
  0x00000292dfba6000 JavaThread "Build operations Thread 4" [_thread_blocked, id=16204, stack(0x000000e498000000,0x000000e498100000)]
  0x00000292dfba0800 JavaThread "Build operations Thread 5" [_thread_blocked, id=13700, stack(0x000000e498100000,0x000000e498200000)]
  0x00000292dfba7800 JavaThread "Build operations Thread 6" [_thread_blocked, id=9236, stack(0x000000e498200000,0x000000e498300000)]
  0x00000292dfbac800 JavaThread "Build operations Thread 7" [_thread_blocked, id=10412, stack(0x000000e498300000,0x000000e498400000)]
  0x00000292dfbab000 JavaThread "Build operations Thread 8" [_thread_blocked, id=13624, stack(0x000000e498400000,0x000000e498500000)]
  0x00000292dfbab800 JavaThread "jar transforms Thread 2" [_thread_blocked, id=17440, stack(0x000000e498500000,0x000000e498600000)]
  0x00000292dfba7000 JavaThread "jar transforms Thread 3" [_thread_blocked, id=16968, stack(0x000000e498600000,0x000000e498700000)]
  0x00000292dfbad800 JavaThread "jar transforms Thread 4" [_thread_blocked, id=316, stack(0x000000e498700000,0x000000e498800000)]
  0x00000292dfba9800 JavaThread "jar transforms Thread 5" [_thread_blocked, id=10196, stack(0x000000e498800000,0x000000e498900000)]
  0x00000292dfba8800 JavaThread "jar transforms Thread 6" [_thread_blocked, id=16116, stack(0x000000e498900000,0x000000e498a00000)]
  0x00000292dfbae000 JavaThread "jar transforms Thread 7" [_thread_blocked, id=14188, stack(0x000000e498a00000,0x000000e498b00000)]
  0x00000292dfbaf000 JavaThread "jar transforms Thread 8" [_thread_blocked, id=17452, stack(0x000000e498b00000,0x000000e498c00000)]
  0x00000292dfbaa000 JavaThread "jar transforms Thread 9" [_thread_blocked, id=2096, stack(0x000000e498c00000,0x000000e498d00000)]
  0x00000292e2aa4000 JavaThread "jar transforms Thread 10" [_thread_blocked, id=13988, stack(0x000000e498d00000,0x000000e498e00000)]
  0x00000292e2aa5000 JavaThread "jar transforms Thread 11" [_thread_blocked, id=17016, stack(0x000000e498e00000,0x000000e498f00000)]
  0x00000292e2aa1000 JavaThread "jar transforms Thread 12" [_thread_blocked, id=14632, stack(0x000000e498f00000,0x000000e499000000)]
  0x00000292e2aa3800 JavaThread "jar transforms Thread 13" [_thread_blocked, id=16428, stack(0x000000e499000000,0x000000e499100000)]
  0x00000292e2aa1800 JavaThread "jar transforms Thread 14" [_thread_blocked, id=14040, stack(0x000000e499100000,0x000000e499200000)]
  0x00000292e2aa0000 JavaThread "jar transforms Thread 15" [_thread_blocked, id=1912, stack(0x000000e499200000,0x000000e499300000)]
  0x00000292e2aa2800 JavaThread "jar transforms Thread 16" [_thread_blocked, id=11792, stack(0x000000e499300000,0x000000e499400000)]
  0x00000292e2a9f800 JavaThread "jar transforms Thread 17" [_thread_blocked, id=1792, stack(0x000000e499400000,0x000000e499500000)]
  0x00000292e2aa7800 JavaThread "jar transforms Thread 18" [_thread_blocked, id=18048, stack(0x000000e499500000,0x000000e499600000)]
  0x00000292e2aaa000 JavaThread "jar transforms Thread 19" [_thread_blocked, id=7120, stack(0x000000e499600000,0x000000e499700000)]
  0x00000292e2aa6000 JavaThread "jar transforms Thread 20" [_thread_blocked, id=16348, stack(0x000000e499700000,0x000000e499800000)]
  0x00000292e2aa8800 JavaThread "jar transforms Thread 21" [_thread_blocked, id=14536, stack(0x000000e499800000,0x000000e499900000)]
  0x00000292e2aab800 JavaThread "jar transforms Thread 22" [_thread_blocked, id=14356, stack(0x000000e499900000,0x000000e499a00000)]
  0x00000292e2aaa800 JavaThread "jar transforms Thread 23" [_thread_blocked, id=7632, stack(0x000000e499a00000,0x000000e499b00000)]
  0x00000292e2aac800 JavaThread "jar transforms Thread 24" [_thread_blocked, id=7116, stack(0x000000e499b00000,0x000000e499c00000)]
  0x00000292e2aa9000 JavaThread "jar transforms Thread 25" [_thread_blocked, id=7524, stack(0x000000e499c00000,0x000000e499d00000)]
  0x00000292e2aa6800 JavaThread "jar transforms Thread 26" [_thread_blocked, id=7504, stack(0x000000e499d00000,0x000000e499e00000)]
  0x00000292e2aae000 JavaThread "jar transforms Thread 27" [_thread_blocked, id=10144, stack(0x000000e499e00000,0x000000e499f00000)]
  0x00000292e2aad000 JavaThread "jar transforms Thread 28" [_thread_blocked, id=14620, stack(0x000000e499f00000,0x000000e49a000000)]
  0x00000292e2854000 JavaThread "jar transforms Thread 29" [_thread_blocked, id=13656, stack(0x000000e49a000000,0x000000e49a100000)]
  0x00000292e2850000 JavaThread "jar transforms Thread 30" [_thread_blocked, id=13272, stack(0x000000e49a100000,0x000000e49a200000)]
  0x00000292e2850800 JavaThread "jar transforms Thread 31" [_thread_blocked, id=10752, stack(0x000000e49a200000,0x000000e49a300000)]
  0x00000292e2853000 JavaThread "jar transforms Thread 32" [_thread_blocked, id=5848, stack(0x000000e49a300000,0x000000e49a400000)]
  0x00000292e2855000 JavaThread "jar transforms Thread 33" [_thread_blocked, id=5096, stack(0x000000e49a400000,0x000000e49a500000)]
  0x00000292e2851800 JavaThread "jar transforms Thread 34" [_thread_blocked, id=17400, stack(0x000000e49a500000,0x000000e49a600000)]
  0x00000292e284f000 JavaThread "jar transforms Thread 35" [_thread_blocked, id=17336, stack(0x000000e49a600000,0x000000e49a700000)]
  0x00000292e2856800 JavaThread "jar transforms Thread 36" [_thread_blocked, id=14368, stack(0x000000e49a700000,0x000000e49a800000)]
  0x00000292e2858000 JavaThread "jar transforms Thread 37" [_thread_blocked, id=12956, stack(0x000000e49a800000,0x000000e49a900000)]
  0x00000292e2852800 JavaThread "jar transforms Thread 38" [_thread_blocked, id=17364, stack(0x000000e49a900000,0x000000e49aa00000)]
  0x00000292e2857800 JavaThread "jar transforms Thread 39" [_thread_blocked, id=13612, stack(0x000000e49aa00000,0x000000e49ab00000)]
  0x00000292e285a800 JavaThread "jar transforms Thread 40" [_thread_blocked, id=5148, stack(0x000000e49ab00000,0x000000e49ac00000)]
  0x00000292e2859000 JavaThread "jar transforms Thread 41" [_thread_blocked, id=9352, stack(0x000000e49ac00000,0x000000e49ad00000)]
  0x00000292e285b800 JavaThread "jar transforms Thread 42" [_thread_blocked, id=16668, stack(0x000000e49ad00000,0x000000e49ae00000)]
  0x00000292e2859800 JavaThread "jar transforms Thread 43" [_thread_blocked, id=12052, stack(0x000000e49ae00000,0x000000e49af00000)]
  0x00000292e2855800 JavaThread "jar transforms Thread 44" [_thread_blocked, id=17672, stack(0x000000e49af00000,0x000000e49b000000)]
  0x00000292e285c000 JavaThread "jar transforms Thread 45" [_thread_blocked, id=1812, stack(0x000000e49b000000,0x000000e49b100000)]
  0x00000292e285d000 JavaThread "jar transforms Thread 46" [_thread_blocked, id=7900, stack(0x000000e49b100000,0x000000e49b200000)]
  0x00000292e285e000 JavaThread "jar transforms Thread 47" [_thread_blocked, id=16844, stack(0x000000e49b200000,0x000000e49b300000)]
  0x00000292e342d800 JavaThread "jar transforms Thread 48" [_thread_blocked, id=3160, stack(0x000000e49b300000,0x000000e49b400000)]
  0x00000292e342e000 JavaThread "jar transforms Thread 49" [_thread_blocked, id=15368, stack(0x000000e49b400000,0x000000e49b500000)]
  0x00000292e342f000 JavaThread "jar transforms Thread 50" [_thread_blocked, id=7128, stack(0x000000e49b500000,0x000000e49b600000)]
  0x00000292e342c000 JavaThread "jar transforms Thread 51" [_thread_blocked, id=14168, stack(0x000000e49b600000,0x000000e49b700000)]
  0x00000292e3430000 JavaThread "jar transforms Thread 52" [_thread_blocked, id=8308, stack(0x000000e49b700000,0x000000e49b800000)]
  0x00000292e342c800 JavaThread "jar transforms Thread 53" [_thread_blocked, id=12688, stack(0x000000e49b800000,0x000000e49b900000)]
  0x00000292e3430800 JavaThread "jar transforms Thread 54" [_thread_blocked, id=5476, stack(0x000000e49b900000,0x000000e49ba00000)]
  0x00000292e342b000 JavaThread "jar transforms Thread 55" [_thread_blocked, id=7740, stack(0x000000e49ba00000,0x000000e49bb00000)]
  0x00000292e3431800 JavaThread "jar transforms Thread 56" [_thread_blocked, id=17984, stack(0x000000e49bb00000,0x000000e49bc00000)]
  0x00000292e3438000 JavaThread "jar transforms Thread 57" [_thread_blocked, id=11352, stack(0x000000e49bc00000,0x000000e49bd00000)]
  0x00000292e3435800 JavaThread "jar transforms Thread 58" [_thread_blocked, id=12348, stack(0x000000e49bd00000,0x000000e49be00000)]
  0x00000292e3434800 JavaThread "jar transforms Thread 59" [_thread_blocked, id=17508, stack(0x000000e49be00000,0x000000e49bf00000)]
  0x00000292e3432800 JavaThread "jar transforms Thread 60" [_thread_blocked, id=17608, stack(0x000000e49bf00000,0x000000e49c000000)]
  0x00000292e3433000 JavaThread "jar transforms Thread 61" [_thread_blocked, id=10296, stack(0x000000e49c000000,0x000000e49c100000)]
  0x00000292e3437000 JavaThread "jar transforms Thread 62" [_thread_blocked, id=16488, stack(0x000000e49c100000,0x000000e49c200000)]
  0x00000292e3439000 JavaThread "jar transforms Thread 63" [_thread_blocked, id=17148, stack(0x000000e49c200000,0x000000e49c300000)]
  0x00000292e3439800 JavaThread "jar transforms Thread 64" [_thread_blocked, id=17756, stack(0x000000e49c300000,0x000000e49c400000)]
  0x00000292e3434000 JavaThread "jar transforms Thread 65" [_thread_blocked, id=13660, stack(0x000000e49c400000,0x000000e49c500000)]
  0x00000292e3436800 JavaThread "jar transforms Thread 66" [_thread_blocked, id=3932, stack(0x000000e49c500000,0x000000e49c600000)]
  0x00000292e207c800 JavaThread "jar transforms Thread 67" [_thread_blocked, id=17512, stack(0x000000e49c600000,0x000000e49c700000)]
  0x00000292e207a000 JavaThread "jar transforms Thread 68" [_thread_blocked, id=16540, stack(0x000000e49c700000,0x000000e49c800000)]
  0x00000292e207d800 JavaThread "jar transforms Thread 69" [_thread_blocked, id=17356, stack(0x000000e49c800000,0x000000e49c900000)]
  0x00000292e207f000 JavaThread "jar transforms Thread 70" [_thread_blocked, id=12040, stack(0x000000e49c900000,0x000000e49ca00000)]
  0x00000292e207e000 JavaThread "jar transforms Thread 71" [_thread_blocked, id=15296, stack(0x000000e49ca00000,0x000000e49cb00000)]
  0x00000292e2080000 JavaThread "jar transforms Thread 72" [_thread_blocked, id=11348, stack(0x000000e49cb00000,0x000000e49cc00000)]
  0x00000292e2080800 JavaThread "jar transforms Thread 73" [_thread_blocked, id=6964, stack(0x000000e49cc00000,0x000000e49cd00000)]
  0x00000292e207b000 JavaThread "jar transforms Thread 74" [_thread_blocked, id=1796, stack(0x000000e49cd00000,0x000000e49ce00000)]
  0x00000292e207c000 JavaThread "jar transforms Thread 75" [_thread_blocked, id=15144, stack(0x000000e49ce00000,0x000000e49cf00000)]
  0x00000292e2085800 JavaThread "jar transforms Thread 76" [_thread_blocked, id=364, stack(0x000000e49cf00000,0x000000e49d000000)]
  0x00000292e2086800 JavaThread "jar transforms Thread 77" [_thread_blocked, id=8088, stack(0x000000e49d000000,0x000000e49d100000)]
  0x00000292e2087000 JavaThread "jar transforms Thread 78" [_thread_blocked, id=11368, stack(0x000000e49d100000,0x000000e49d200000)]
  0x00000292e2082800 JavaThread "jar transforms Thread 79" [_thread_blocked, id=17112, stack(0x000000e49d200000,0x000000e49d300000)]
  0x00000292e2081800 JavaThread "jar transforms Thread 80" [_thread_blocked, id=3328, stack(0x000000e49d300000,0x000000e49d400000)]
  0x00000292e2089000 JavaThread "jar transforms Thread 81" [_thread_blocked, id=2144, stack(0x000000e49d400000,0x000000e49d500000)]
  0x00000292e2088000 JavaThread "jar transforms Thread 82" [_thread_blocked, id=9620, stack(0x000000e49d500000,0x000000e49d600000)]
  0x00000292e2083000 JavaThread "jar transforms Thread 83" [_thread_blocked, id=17736, stack(0x000000e49d600000,0x000000e49d700000)]
  0x00000292e2084000 JavaThread "jar transforms Thread 84" [_thread_blocked, id=14000, stack(0x000000e49d700000,0x000000e49d800000)]
  0x00000292e2085000 JavaThread "jar transforms Thread 85" [_thread_blocked, id=14808, stack(0x000000e49d800000,0x000000e49d900000)]
  0x00000292e2219000 JavaThread "jar transforms Thread 86" [_thread_blocked, id=17208, stack(0x000000e49d900000,0x000000e49da00000)]
  0x00000292e2215000 JavaThread "jar transforms Thread 87" [_thread_blocked, id=8464, stack(0x000000e49da00000,0x000000e49db00000)]
  0x00000292e2217800 JavaThread "jar transforms Thread 88" [_thread_blocked, id=5172, stack(0x000000e49db00000,0x000000e49dc00000)]
  0x00000292e221a000 JavaThread "jar transforms Thread 89" [_thread_blocked, id=4324, stack(0x000000e49dc00000,0x000000e49dd00000)]
  0x00000292e2216800 JavaThread "jar transforms Thread 90" [_thread_blocked, id=12476, stack(0x000000e49dd00000,0x000000e49de00000)]
  0x00000292e221a800 JavaThread "jar transforms Thread 91" [_thread_blocked, id=2960, stack(0x000000e49de00000,0x000000e49df00000)]
  0x00000292e2218800 JavaThread "jar transforms Thread 92" [_thread_blocked, id=16356, stack(0x000000e49df00000,0x000000e49e000000)]
  0x00000292e221b800 JavaThread "jar transforms Thread 93" [_thread_blocked, id=16916, stack(0x000000e49e000000,0x000000e49e100000)]
  0x00000292e2216000 JavaThread "jar transforms Thread 94" [_thread_blocked, id=6304, stack(0x000000e49e100000,0x000000e49e200000)]
  0x00000292e2221000 JavaThread "jar transforms Thread 95" [_thread_blocked, id=15560, stack(0x000000e49e200000,0x000000e49e300000)]
  0x00000292e221d000 JavaThread "jar transforms Thread 96" [_thread_blocked, id=10108, stack(0x000000e49e300000,0x000000e49e400000)]
  0x00000292e221e000 JavaThread "jar transforms Thread 97" [_thread_blocked, id=12532, stack(0x000000e49e400000,0x000000e49e500000)]
  0x00000292e2222000 JavaThread "jar transforms Thread 98" [_thread_blocked, id=12392, stack(0x000000e49e500000,0x000000e49e600000)]
  0x00000292e221f800 JavaThread "jar transforms Thread 99" [_thread_blocked, id=11228, stack(0x000000e49e600000,0x000000e49e700000)]
  0x00000292e221c800 JavaThread "jar transforms Thread 100" [_thread_blocked, id=13908, stack(0x000000e49e700000,0x000000e49e800000)]
  0x00000292e2223000 JavaThread "jar transforms Thread 101" [_thread_blocked, id=3004, stack(0x000000e49e800000,0x000000e49e900000)]
  0x00000292e2220800 JavaThread "jar transforms Thread 102" [_thread_blocked, id=17924, stack(0x000000e49e900000,0x000000e49ea00000)]
  0x00000292e2223800 JavaThread "jar transforms Thread 103" [_thread_blocked, id=13912, stack(0x000000e49ea00000,0x000000e49eb00000)]
  0x00000292e221f000 JavaThread "jar transforms Thread 104" [_thread_blocked, id=1940, stack(0x000000e49eb00000,0x000000e49ec00000)]
  0x00000292e2902800 JavaThread "jar transforms Thread 105" [_thread_blocked, id=10680, stack(0x000000e49ec00000,0x000000e49ed00000)]
  0x00000292e2900000 JavaThread "jar transforms Thread 106" [_thread_blocked, id=16856, stack(0x000000e49ed00000,0x000000e49ee00000)]
  0x00000292e2901800 JavaThread "jar transforms Thread 107" [_thread_blocked, id=16944, stack(0x000000e49ee00000,0x000000e49ef00000)]
  0x00000292e2903000 JavaThread "jar transforms Thread 108" [_thread_blocked, id=12992, stack(0x000000e49ef00000,0x000000e49f000000)]
  0x00000292e2900800 JavaThread "jar transforms Thread 109" [_thread_blocked, id=16468, stack(0x000000e49f000000,0x000000e49f100000)]
  0x00000292e2904000 JavaThread "jar transforms Thread 110" [_thread_blocked, id=16544, stack(0x000000e49f100000,0x000000e49f200000)]
  0x00000292e28fe000 JavaThread "jar transforms Thread 111" [_thread_blocked, id=2376, stack(0x000000e49f200000,0x000000e49f300000)]
  0x00000292e2904800 JavaThread "jar transforms Thread 112" [_thread_blocked, id=18144, stack(0x000000e49f300000,0x000000e49f400000)]
  0x00000292e28ff000 JavaThread "jar transforms Thread 113" [_thread_blocked, id=16484, stack(0x000000e49f400000,0x000000e49f500000)]
  0x00000292e290b800 JavaThread "jar transforms Thread 114" [_thread_blocked, id=9428, stack(0x000000e49f500000,0x000000e49f600000)]
  0x00000292e2905800 JavaThread "jar transforms Thread 115" [_thread_blocked, id=7600, stack(0x000000e49f600000,0x000000e49f700000)]
  0x00000292e2908000 JavaThread "jar transforms Thread 116" [_thread_blocked, id=14208, stack(0x000000e49f700000,0x000000e49f800000)]
  0x00000292e2907000 JavaThread "jar transforms Thread 117" [_thread_blocked, id=14848, stack(0x000000e49f800000,0x000000e49f900000)]
  0x00000292e290c000 JavaThread "jar transforms Thread 118" [_thread_blocked, id=14492, stack(0x000000e49f900000,0x000000e49fa00000)]
  0x00000292e290a800 JavaThread "jar transforms Thread 119" [_thread_blocked, id=16608, stack(0x000000e49fa00000,0x000000e49fb00000)]
  0x00000292e2909000 JavaThread "jar transforms Thread 120" [_thread_blocked, id=5508, stack(0x000000e49fb00000,0x000000e49fc00000)]
  0x00000292e2909800 JavaThread "jar transforms Thread 121" [_thread_blocked, id=15276, stack(0x000000e49fc00000,0x000000e49fd00000)]
  0x00000292e2906800 JavaThread "jar transforms Thread 122" [_thread_blocked, id=4652, stack(0x000000e49fd00000,0x000000e49fe00000)]
  0x00000292e290d000 JavaThread "jar transforms Thread 123" [_thread_blocked, id=17872, stack(0x000000e49fe00000,0x000000e49ff00000)]
  0x00000292e2ab3000 JavaThread "jar transforms Thread 124" [_thread_blocked, id=1952, stack(0x000000e49ff00000,0x000000e4a0000000)]
  0x00000292e2ab1800 JavaThread "jar transforms Thread 125" [_thread_blocked, id=16520, stack(0x000000e4a0000000,0x000000e4a0100000)]

Other Threads:
  0x00000292dc930000 VMThread "VM Thread" [stack: 0x000000e495200000,0x000000e495300000] [id=18284]
  0x00000292dd431800 WatcherThread [stack: 0x000000e495c00000,0x000000e495d00000] [id=16592]
  0x00000292c06c2000 GCTaskThread "GC Thread#0" [stack: 0x000000e494d00000,0x000000e494e00000] [id=18172]
  0x00000292ddd4a000 GCTaskThread "GC Thread#1" [stack: 0x000000e495e00000,0x000000e495f00000] [id=8852]
  0x00000292dfaee000 GCTaskThread "GC Thread#2" [stack: 0x000000e496500000,0x000000e496600000] [id=9524]
  0x00000292dee4c800 GCTaskThread "GC Thread#3" [stack: 0x000000e496600000,0x000000e496700000] [id=9076]
  0x00000292dee4d800 GCTaskThread "GC Thread#4" [stack: 0x000000e496700000,0x000000e496800000] [id=16832]
  0x00000292dee4e000 GCTaskThread "GC Thread#5" [stack: 0x000000e496800000,0x000000e496900000] [id=10924]
  0x00000292df441000 GCTaskThread "GC Thread#6" [stack: 0x000000e496900000,0x000000e496a00000] [id=4760]
  0x00000292df441800 GCTaskThread "GC Thread#7" [stack: 0x000000e496a00000,0x000000e496b00000] [id=15204]
  0x00000292c06f3800 ConcurrentGCThread "G1 Main Marker" [stack: 0x000000e494e00000,0x000000e494f00000] [id=12548]
  0x00000292c06f5800 ConcurrentGCThread "G1 Conc#0" [stack: 0x000000e494f00000,0x000000e495000000] [id=4332]
  0x00000292decba800 ConcurrentGCThread "G1 Conc#1" [stack: 0x000000e497200000,0x000000e497300000] [id=7332]
  0x00000292c0778800 ConcurrentGCThread "G1 Refine#0" [stack: 0x000000e495000000,0x000000e495100000] [id=14304]
  0x00000292c077a000 ConcurrentGCThread "G1 Young RemSet Sampling" [stack: 0x000000e495100000,0x000000e495200000] [id=15100]

Threads with active compile tasks:
C2 CompilerThread0  10337 4227       4       java.lang.invoke.MethodType::makeImpl (108 bytes)
C1 CompilerThread0  10338 4447       3       org.gradle.internal.io.StreamByteBuffer$StreamByteBufferInputStream::read (8 bytes)
C2 CompilerThread1  10338 4407   !   4       sun.nio.fs.WindowsPath::initOffsets (153 bytes)

VM state:not at safepoint (normal execution)

VM Mutex/Monitor currently owned by a thread: None

Heap address: 0x0000000080000000, size: 2048 MB, Compressed Oops mode: 32-bit
Narrow klass base: 0x0000000000000000, Narrow klass shift: 3
Compressed class space size: 1073741824 Address: 0x0000000100000000

Heap:
 garbage-first heap   total 98304K, used 63244K [0x0000000080000000, 0x0000000100000000)
  region size 1024K, 43 young (44032K), 6 survivors (6144K)
 Metaspace       used 44443K, capacity 45523K, committed 45692K, reserved 1089536K
  class space    used 5677K, capacity 6084K, committed 6144K, reserved 1048576K
Heap Regions: E=young(eden), S=young(survivor), O=old, HS=humongous(starts), HC=humongous(continues), CS=collection set, F=free, A=archive, TAMS=top-at-mark-start (previous, next)
|   0|0x0000000080000000, 0x0000000080100000, 0x0000000080100000|100%| O|  |TAMS 0x0000000080100000, 0x0000000080000000| Untracked 
|   1|0x0000000080100000, 0x0000000080200000, 0x0000000080200000|100%| O|  |TAMS 0x0000000080200000, 0x0000000080100000| Untracked 
|   2|0x0000000080200000, 0x0000000080300000, 0x0000000080300000|100%| O|  |TAMS 0x0000000080300000, 0x0000000080200000| Untracked 
|   3|0x0000000080300000, 0x0000000080400000, 0x0000000080400000|100%|HS|  |TAMS 0x0000000080400000, 0x0000000080300000| Complete 
|   4|0x0000000080400000, 0x0000000080500000, 0x0000000080500000|100%|HC|  |TAMS 0x0000000080500000, 0x0000000080400000| Complete 
|   5|0x0000000080500000, 0x0000000080600000, 0x0000000080600000|100%|HC|  |TAMS 0x0000000080600000, 0x0000000080500000| Complete 
|   6|0x0000000080600000, 0x0000000080700000, 0x0000000080700000|100%| O|  |TAMS 0x0000000080700000, 0x0000000080600000| Untracked 
|   7|0x0000000080700000, 0x0000000080800000, 0x0000000080800000|100%| O|  |TAMS 0x0000000080800000, 0x0000000080700000| Untracked 
|   8|0x0000000080800000, 0x0000000080900000, 0x0000000080900000|100%| O|  |TAMS 0x0000000080900000, 0x0000000080800000| Untracked 
|   9|0x0000000080900000, 0x0000000080a00000, 0x0000000080a00000|100%| O|  |TAMS 0x0000000080a00000, 0x0000000080900000| Untracked 
|  10|0x0000000080a00000, 0x0000000080b00000, 0x0000000080b00000|100%| O|  |TAMS 0x0000000080b00000, 0x0000000080a00000| Untracked 
|  11|0x0000000080b00000, 0x0000000080c00000, 0x0000000080c00000|100%| O|  |TAMS 0x0000000080c00000, 0x0000000080b00000| Untracked 
|  12|0x0000000080c00000, 0x0000000080d00000, 0x0000000080d00000|100%| O|  |TAMS 0x0000000080d00000, 0x0000000080c00000| Untracked 
|  13|0x0000000080d00000, 0x0000000080e00000, 0x0000000080e00000|100%| O|  |TAMS 0x0000000080e00000, 0x0000000080d00000| Untracked 
|  14|0x0000000080e00000, 0x0000000080f00000, 0x0000000080f00000|100%| O|  |TAMS 0x0000000080f00000, 0x0000000080e00000| Untracked 
|  15|0x0000000080f00000, 0x0000000081000000, 0x0000000081000000|100%| O|  |TAMS 0x0000000080f52000, 0x0000000080f00000| Untracked 
|  16|0x0000000081000000, 0x0000000081100000, 0x0000000081100000|100%| O|  |TAMS 0x0000000081000000, 0x0000000081000000| Untracked 
|  17|0x0000000081100000, 0x0000000081200000, 0x0000000081200000|100%| O|  |TAMS 0x0000000081100000, 0x0000000081100000| Untracked 
|  18|0x0000000081200000, 0x0000000081300000, 0x0000000081300000|100%| O|  |TAMS 0x0000000081200000, 0x0000000081200000| Untracked 
|  19|0x0000000081300000, 0x0000000081379800, 0x0000000081400000| 47%| O|  |TAMS 0x0000000081300000, 0x0000000081300000| Untracked 
|  20|0x0000000081400000, 0x0000000081500000, 0x0000000081500000|100%| O|  |TAMS 0x0000000081400000, 0x0000000081400000| Untracked 
|  21|0x0000000081500000, 0x0000000081500000, 0x0000000081600000|  0%| F|  |TAMS 0x0000000081500000, 0x0000000081500000| Untracked 
|  22|0x0000000081600000, 0x0000000081600000, 0x0000000081700000|  0%| F|  |TAMS 0x0000000081600000, 0x0000000081600000| Untracked 
|  23|0x0000000081700000, 0x0000000081700000, 0x0000000081800000|  0%| F|  |TAMS 0x0000000081700000, 0x0000000081700000| Untracked 
|  24|0x0000000081800000, 0x0000000081800000, 0x0000000081900000|  0%| F|  |TAMS 0x0000000081800000, 0x0000000081800000| Untracked 
|  25|0x0000000081900000, 0x0000000081900000, 0x0000000081a00000|  0%| F|  |TAMS 0x0000000081900000, 0x0000000081900000| Untracked 
|  26|0x0000000081a00000, 0x0000000081a00000, 0x0000000081b00000|  0%| F|  |TAMS 0x0000000081a00000, 0x0000000081a00000| Untracked 
|  27|0x0000000081b00000, 0x0000000081b00000, 0x0000000081c00000|  0%| F|  |TAMS 0x0000000081b00000, 0x0000000081b00000| Untracked 
|  28|0x0000000081c00000, 0x0000000081c00000, 0x0000000081d00000|  0%| F|  |TAMS 0x0000000081c00000, 0x0000000081c00000| Untracked 
|  29|0x0000000081d00000, 0x0000000081d00000, 0x0000000081e00000|  0%| F|  |TAMS 0x0000000081d00000, 0x0000000081d00000| Untracked 
|  30|0x0000000081e00000, 0x0000000081e00000, 0x0000000081f00000|  0%| F|  |TAMS 0x0000000081e00000, 0x0000000081e00000| Untracked 
|  31|0x0000000081f00000, 0x0000000081f00000, 0x0000000082000000|  0%| F|  |TAMS 0x0000000081f00000, 0x0000000081f00000| Untracked 
|  32|0x0000000082000000, 0x0000000082000000, 0x0000000082100000|  0%| F|  |TAMS 0x0000000082000000, 0x0000000082000000| Untracked 
|  33|0x0000000082100000, 0x0000000082100000, 0x0000000082200000|  0%| F|  |TAMS 0x0000000082100000, 0x0000000082100000| Untracked 
|  34|0x0000000082200000, 0x0000000082200000, 0x0000000082300000|  0%| F|  |TAMS 0x0000000082200000, 0x0000000082200000| Untracked 
|  35|0x0000000082300000, 0x0000000082300000, 0x0000000082400000|  0%| F|  |TAMS 0x0000000082300000, 0x0000000082300000| Untracked 
|  36|0x0000000082400000, 0x0000000082400000, 0x0000000082500000|  0%| F|  |TAMS 0x0000000082400000, 0x0000000082400000| Untracked 
|  37|0x0000000082500000, 0x0000000082500000, 0x0000000082600000|  0%| F|  |TAMS 0x0000000082500000, 0x0000000082500000| Untracked 
|  38|0x0000000082600000, 0x0000000082600000, 0x0000000082700000|  0%| F|  |TAMS 0x0000000082600000, 0x0000000082600000| Untracked 
|  39|0x0000000082700000, 0x0000000082700000, 0x0000000082800000|  0%| F|  |TAMS 0x0000000082700000, 0x0000000082700000| Untracked 
|  40|0x0000000082800000, 0x0000000082800000, 0x0000000082900000|  0%| F|  |TAMS 0x0000000082800000, 0x0000000082800000| Untracked 
|  41|0x0000000082900000, 0x0000000082900000, 0x0000000082a00000|  0%| F|  |TAMS 0x0000000082900000, 0x0000000082900000| Untracked 
|  42|0x0000000082a00000, 0x0000000082a00000, 0x0000000082b00000|  0%| F|  |TAMS 0x0000000082a00000, 0x0000000082a00000| Untracked 
|  43|0x0000000082b00000, 0x0000000082b00000, 0x0000000082c00000|  0%| F|  |TAMS 0x0000000082b00000, 0x0000000082b00000| Untracked 
|  44|0x0000000082c00000, 0x0000000082c00000, 0x0000000082d00000|  0%| F|  |TAMS 0x0000000082c00000, 0x0000000082c00000| Untracked 
|  45|0x0000000082d00000, 0x0000000082d00000, 0x0000000082e00000|  0%| F|  |TAMS 0x0000000082d00000, 0x0000000082d00000| Untracked 
|  46|0x0000000082e00000, 0x0000000082e499b0, 0x0000000082f00000| 28%| S|CS|TAMS 0x0000000082e00000, 0x0000000082e00000| Complete 
|  47|0x0000000082f00000, 0x0000000083000000, 0x0000000083000000|100%| S|CS|TAMS 0x0000000082f00000, 0x0000000082f00000| Complete 
|  48|0x0000000083000000, 0x0000000083100000, 0x0000000083100000|100%| S|CS|TAMS 0x0000000083000000, 0x0000000083000000| Complete 
|  49|0x0000000083100000, 0x0000000083200000, 0x0000000083200000|100%| S|CS|TAMS 0x0000000083100000, 0x0000000083100000| Complete 
|  50|0x0000000083200000, 0x0000000083300000, 0x0000000083300000|100%| S|CS|TAMS 0x0000000083200000, 0x0000000083200000| Complete 
|  51|0x0000000083300000, 0x0000000083400000, 0x0000000083400000|100%| S|CS|TAMS 0x0000000083300000, 0x0000000083300000| Complete 
|  52|0x0000000083400000, 0x0000000083400000, 0x0000000083500000|  0%| F|  |TAMS 0x0000000083400000, 0x0000000083400000| Untracked 
|  53|0x0000000083500000, 0x0000000083500000, 0x0000000083600000|  0%| F|  |TAMS 0x0000000083500000, 0x0000000083500000| Untracked 
|  54|0x0000000083600000, 0x0000000083600000, 0x0000000083700000|  0%| F|  |TAMS 0x0000000083600000, 0x0000000083600000| Untracked 
|  55|0x0000000083700000, 0x0000000083700000, 0x0000000083800000|  0%| F|  |TAMS 0x0000000083700000, 0x0000000083700000| Untracked 
|  56|0x0000000083800000, 0x0000000083800000, 0x0000000083900000|  0%| F|  |TAMS 0x0000000083800000, 0x0000000083800000| Untracked 
|  57|0x0000000083900000, 0x0000000083900000, 0x0000000083a00000|  0%| F|  |TAMS 0x0000000083900000, 0x0000000083900000| Untracked 
|  58|0x0000000083a00000, 0x0000000083a00000, 0x0000000083b00000|  0%| F|  |TAMS 0x0000000083a00000, 0x0000000083a00000| Untracked 
|  59|0x0000000083b00000, 0x0000000083bae7b0, 0x0000000083c00000| 68%| E|  |TAMS 0x0000000083b00000, 0x0000000083b00000| Complete 
|  60|0x0000000083c00000, 0x0000000083d00000, 0x0000000083d00000|100%| E|CS|TAMS 0x0000000083c00000, 0x0000000083c00000| Complete 
|  61|0x0000000083d00000, 0x0000000083e00000, 0x0000000083e00000|100%| E|CS|TAMS 0x0000000083d00000, 0x0000000083d00000| Complete 
|  62|0x0000000083e00000, 0x0000000083f00000, 0x0000000083f00000|100%| E|CS|TAMS 0x0000000083e00000, 0x0000000083e00000| Complete 
|  63|0x0000000083f00000, 0x0000000084000000, 0x0000000084000000|100%| E|CS|TAMS 0x0000000083f00000, 0x0000000083f00000| Complete 
|  64|0x0000000084000000, 0x0000000084100000, 0x0000000084100000|100%| E|CS|TAMS 0x0000000084000000, 0x0000000084000000| Complete 
|  65|0x0000000084100000, 0x0000000084200000, 0x0000000084200000|100%| E|CS|TAMS 0x0000000084100000, 0x0000000084100000| Complete 
|  66|0x0000000084200000, 0x0000000084300000, 0x0000000084300000|100%| E|CS|TAMS 0x0000000084200000, 0x0000000084200000| Complete 
|  67|0x0000000084300000, 0x0000000084400000, 0x0000000084400000|100%| E|CS|TAMS 0x0000000084300000, 0x0000000084300000| Complete 
|  68|0x0000000084400000, 0x0000000084500000, 0x0000000084500000|100%| E|CS|TAMS 0x0000000084400000, 0x0000000084400000| Complete 
|  69|0x0000000084500000, 0x0000000084600000, 0x0000000084600000|100%| E|CS|TAMS 0x0000000084500000, 0x0000000084500000| Complete 
|  70|0x0000000084600000, 0x0000000084700000, 0x0000000084700000|100%| E|CS|TAMS 0x0000000084600000, 0x0000000084600000| Complete 
|  71|0x0000000084700000, 0x0000000084800000, 0x0000000084800000|100%| E|CS|TAMS 0x0000000084700000, 0x0000000084700000| Complete 
|  72|0x0000000084800000, 0x0000000084900000, 0x0000000084900000|100%| E|CS|TAMS 0x0000000084800000, 0x0000000084800000| Complete 
|  73|0x0000000084900000, 0x0000000084a00000, 0x0000000084a00000|100%| E|CS|TAMS 0x0000000084900000, 0x0000000084900000| Complete 
|  74|0x0000000084a00000, 0x0000000084b00000, 0x0000000084b00000|100%| E|CS|TAMS 0x0000000084a00000, 0x0000000084a00000| Complete 
|  75|0x0000000084b00000, 0x0000000084c00000, 0x0000000084c00000|100%| E|CS|TAMS 0x0000000084b00000, 0x0000000084b00000| Complete 
|  76|0x0000000084c00000, 0x0000000084d00000, 0x0000000084d00000|100%| E|CS|TAMS 0x0000000084c00000, 0x0000000084c00000| Complete 
|  77|0x0000000084d00000, 0x0000000084e00000, 0x0000000084e00000|100%| E|CS|TAMS 0x0000000084d00000, 0x0000000084d00000| Complete 
|  78|0x0000000084e00000, 0x0000000084f00000, 0x0000000084f00000|100%| E|CS|TAMS 0x0000000084e00000, 0x0000000084e00000| Complete 
|  79|0x0000000084f00000, 0x0000000085000000, 0x0000000085000000|100%| E|CS|TAMS 0x0000000084f00000, 0x0000000084f00000| Complete 
|  80|0x0000000085000000, 0x0000000085100000, 0x0000000085100000|100%| E|CS|TAMS 0x0000000085000000, 0x0000000085000000| Complete 
|  81|0x0000000085100000, 0x0000000085200000, 0x0000000085200000|100%| E|CS|TAMS 0x0000000085100000, 0x0000000085100000| Complete 
|  82|0x0000000085200000, 0x0000000085300000, 0x0000000085300000|100%| E|CS|TAMS 0x0000000085200000, 0x0000000085200000| Complete 
|  83|0x0000000085300000, 0x0000000085400000, 0x0000000085400000|100%| E|CS|TAMS 0x0000000085300000, 0x0000000085300000| Complete 
|  84|0x0000000085400000, 0x0000000085500000, 0x0000000085500000|100%| E|CS|TAMS 0x0000000085400000, 0x0000000085400000| Complete 
|  85|0x0000000085500000, 0x0000000085600000, 0x0000000085600000|100%| E|CS|TAMS 0x0000000085500000, 0x0000000085500000| Complete 
|  86|0x0000000085600000, 0x0000000085700000, 0x0000000085700000|100%| E|CS|TAMS 0x0000000085600000, 0x0000000085600000| Complete 
|  87|0x0000000085700000, 0x0000000085800000, 0x0000000085800000|100%| E|CS|TAMS 0x0000000085700000, 0x0000000085700000| Complete 
|  88|0x0000000085800000, 0x0000000085900000, 0x0000000085900000|100%| E|CS|TAMS 0x0000000085800000, 0x0000000085800000| Complete 
|  89|0x0000000085900000, 0x0000000085a00000, 0x0000000085a00000|100%| E|CS|TAMS 0x0000000085900000, 0x0000000085900000| Complete 
|  90|0x0000000085a00000, 0x0000000085b00000, 0x0000000085b00000|100%| E|CS|TAMS 0x0000000085a00000, 0x0000000085a00000| Complete 
|  91|0x0000000085b00000, 0x0000000085c00000, 0x0000000085c00000|100%| E|CS|TAMS 0x0000000085b00000, 0x0000000085b00000| Complete 
|  92|0x0000000085c00000, 0x0000000085d00000, 0x0000000085d00000|100%| E|CS|TAMS 0x0000000085c00000, 0x0000000085c00000| Complete 
|  93|0x0000000085d00000, 0x0000000085e00000, 0x0000000085e00000|100%| E|CS|TAMS 0x0000000085d00000, 0x0000000085d00000| Complete 
|  94|0x0000000085e00000, 0x0000000085f00000, 0x0000000085f00000|100%| E|CS|TAMS 0x0000000085e00000, 0x0000000085e00000| Complete 
|  95|0x0000000085f00000, 0x0000000086000000, 0x0000000086000000|100%| E|CS|TAMS 0x0000000085f00000, 0x0000000085f00000| Complete 

Card table byte_map: [0x00000292d5670000,0x00000292d5a70000] _byte_map_base: 0x00000292d5270000

Marking Bits (Prev, Next): (CMBitMap*) 0x00000292c06e9bf8, (CMBitMap*) 0x00000292c06e9c30
 Prev Bits: [0x00000292d5e70000, 0x00000292d7e70000)
 Next Bits: [0x00000292d7e70000, 0x00000292d9e70000)

Polling page: 0x00000292c0780000

Metaspace:

Usage:
  Non-class:     38.51 MB capacity,    37.86 MB ( 98%) used,   570.92 KB (  1%) free+waste,    96.63 KB ( <1%) overhead. 
      Class:      5.94 MB capacity,     5.54 MB ( 93%) used,   360.06 KB (  6%) free+waste,    46.38 KB ( <1%) overhead. 
       Both:     44.46 MB capacity,    43.41 MB ( 98%) used,   930.98 KB (  2%) free+waste,   143.00 KB ( <1%) overhead. 

Virtual space:
  Non-class space:       40.00 MB reserved,      38.62 MB ( 97%) committed 
      Class space:        1.00 GB reserved,       6.00 MB ( <1%) committed 
             Both:        1.04 GB reserved,      44.62 MB (  4%) committed 

Chunk freelists:
   Non-Class:  45.00 KB
       Class:  0 bytes
        Both:  45.00 KB

MaxMetaspaceSize: 17179869184.00 GB
CompressedClassSpaceSize: 1.00 GB

CodeHeap 'non-profiled nmethods': size=120000Kb used=2235Kb max_used=2235Kb free=117764Kb
 bounds [0x00000292cd2e0000, 0x00000292cd550000, 0x00000292d4810000]
CodeHeap 'profiled nmethods': size=120000Kb used=8310Kb max_used=8310Kb free=111689Kb
 bounds [0x00000292c5db0000, 0x00000292c65d0000, 0x00000292cd2e0000]
CodeHeap 'non-nmethods': size=5760Kb used=2197Kb max_used=2234Kb free=3562Kb
 bounds [0x00000292c5810000, 0x00000292c5a80000, 0x00000292c5db0000]
 total_blobs=4985 nmethods=4225 adapters=670
 compilation: enabled
              stopped_count=0, restarted_count=0
 full_count=0

Compilation events (20 events):
Event: 10.283 Thread 0x00000292dc95a000 4381       3       org.gradle.internal.snapshot.PartialDirectorySnapshot::withIncompleteChildren (10 bytes)
Event: 10.283 Thread 0x00000292dc95a000 nmethod 4381 0x00000292c65a6410 code [0x00000292c65a65e0, 0x00000292c65a6978]
Event: 10.284 Thread 0x00000292dc95a000 4382       3       org.gradle.internal.snapshot.SnapshotUtil$2::handleDescendant (5 bytes)
Event: 10.284 Thread 0x00000292dc95a000 nmethod 4382 0x00000292c65a6b10 code [0x00000292c65a6cc0, 0x00000292c65a6e08]
Event: 10.284 Thread 0x00000292dc95a000 4383       3       org.gradle.internal.snapshot.SnapshotUtil$2::handleDescendant (38 bytes)
Event: 10.285 Thread 0x00000292dc95a000 nmethod 4383 0x00000292c65a6e90 code [0x00000292c65a70c0, 0x00000292c65a77f8]
Event: 10.285 Thread 0x00000292dc95a000 4384       3       org.gradle.internal.concurrent.ManagedExecutorImpl::trackedCommand (10 bytes)
Event: 10.285 Thread 0x00000292dc95a000 nmethod 4384 0x00000292c65a7a90 code [0x00000292c65a7c60, 0x00000292c65a7f38]
Event: 10.285 Thread 0x00000292dc95a000 4386       3       java.lang.AbstractStringBuilder::append (60 bytes)
Event: 10.286 Thread 0x00000292dc95a000 nmethod 4386 0x00000292c65a8090 code [0x00000292c65a8280, 0x00000292c65a85b8]
Event: 10.286 Thread 0x00000292dc95a000 4385       3       org.gradle.internal.concurrent.ManagedExecutorImpl$1::<init> (15 bytes)
Event: 10.286 Thread 0x00000292dc95a000 nmethod 4385 0x00000292c65a8710 code [0x00000292c65a88c0, 0x00000292c65a8ad8]
Event: 10.287 Thread 0x00000292dc95a000 4387       3       org.gradle.internal.concurrent.ManagedExecutorImpl::execute (15 bytes)
Event: 10.288 Thread 0x00000292dc95a000 nmethod 4387 0x00000292c65a8b90 code [0x00000292c65a8d80, 0x00000292c65a91e8]
Event: 10.288 Thread 0x00000292dc95a000 4388       3       java.util.concurrent.ThreadPoolExecutor::execute (132 bytes)
Event: 10.289 Thread 0x00000292dc95a000 nmethod 4388 0x00000292c65a9390 code [0x00000292c65a9640, 0x00000292c65aa268]
Event: 10.289 Thread 0x00000292dfb8e000 4389       4       java.lang.invoke.VarHandleGuards::guard_LLL_Z (70 bytes)
Event: 10.289 Thread 0x00000292dc95a000 4390       3       java.util.concurrent.SynchronousQueue$TransferStack::transfer (380 bytes)
Event: 10.292 Thread 0x00000292dfb8e000 nmethod 4389 0x00000292cd50bc10 code [0x00000292cd50bdc0, 0x00000292cd50bf48]
Event: 10.292 Thread 0x00000292dfb8e000 4392       4       java.util.concurrent.locks.ReentrantLock::lock (9 bytes)

GC Heap History (16 events):
Event: 2.022 GC heap before
{Heap before GC invocations=0 (full 0):
 garbage-first heap   total 98304K, used 29696K [0x0000000080000000, 0x0000000100000000)
  region size 1024K, 24 young (24576K), 0 survivors (0K)
 Metaspace       used 10734K, capacity 10996K, committed 11264K, reserved 1058816K
  class space    used 1131K, capacity 1200K, committed 1280K, reserved 1048576K
}
Event: 2.031 GC heap after
{Heap after GC invocations=1 (full 0):
 garbage-first heap   total 98304K, used 8535K [0x0000000080000000, 0x0000000100000000)
  region size 1024K, 3 young (3072K), 3 survivors (3072K)
 Metaspace       used 10734K, capacity 10996K, committed 11264K, reserved 1058816K
  class space    used 1131K, capacity 1200K, committed 1280K, reserved 1048576K
}
Event: 4.903 GC heap before
{Heap before GC invocations=1 (full 0):
 garbage-first heap   total 98304K, used 62807K [0x0000000080000000, 0x0000000100000000)
  region size 1024K, 57 young (58368K), 3 survivors (3072K)
 Metaspace       used 16601K, capacity 17005K, committed 17152K, reserved 1064960K
  class space    used 1902K, capacity 2033K, committed 2048K, reserved 1048576K
}
Event: 4.983 GC heap after
{Heap after GC invocations=2 (full 0):
 garbage-first heap   total 98304K, used 14753K [0x0000000080000000, 0x0000000100000000)
  region size 1024K, 8 young (8192K), 8 survivors (8192K)
 Metaspace       used 16601K, capacity 17005K, committed 17152K, reserved 1064960K
  class space    used 1902K, capacity 2033K, committed 2048K, reserved 1048576K
}
Event: 5.547 GC heap before
{Heap before GC invocations=2 (full 0):
 garbage-first heap   total 98304K, used 44449K [0x0000000080000000, 0x0000000100000000)
  region size 1024K, 38 young (38912K), 8 survivors (8192K)
 Metaspace       used 20574K, capacity 21127K, committed 21296K, reserved 1069056K
  class space    used 2520K, capacity 2680K, committed 2688K, reserved 1048576K
}
Event: 5.556 GC heap after
{Heap after GC invocations=3 (full 0):
 garbage-first heap   total 98304K, used 15947K [0x0000000080000000, 0x0000000100000000)
  region size 1024K, 2 young (2048K), 2 survivors (2048K)
 Metaspace       used 20574K, capacity 21127K, committed 21296K, reserved 1069056K
  class space    used 2520K, capacity 2680K, committed 2688K, reserved 1048576K
}
Event: 6.397 GC heap before
{Heap before GC invocations=4 (full 0):
 garbage-first heap   total 98304K, used 54859K [0x0000000080000000, 0x0000000100000000)
  region size 1024K, 40 young (40960K), 2 survivors (2048K)
 Metaspace       used 24987K, capacity 25632K, committed 25776K, reserved 1071104K
  class space    used 3224K, capacity 3461K, committed 3584K, reserved 1048576K
}
Event: 6.401 GC heap after
{Heap after GC invocations=5 (full 0):
 garbage-first heap   total 98304K, used 17473K [0x0000000080000000, 0x0000000100000000)
  region size 1024K, 3 young (3072K), 3 survivors (3072K)
 Metaspace       used 24987K, capacity 25632K, committed 25776K, reserved 1071104K
  class space    used 3224K, capacity 3461K, committed 3584K, reserved 1048576K
}
Event: 7.197 GC heap before
{Heap before GC invocations=5 (full 0):
 garbage-first heap   total 98304K, used 60481K [0x0000000080000000, 0x0000000100000000)
  region size 1024K, 45 young (46080K), 3 survivors (3072K)
 Metaspace       used 29923K, capacity 30582K, committed 30768K, reserved 1075200K
  class space    used 3980K, capacity 4196K, committed 4224K, reserved 1048576K
}
Event: 7.202 GC heap after
{Heap after GC invocations=6 (full 0):
 garbage-first heap   total 98304K, used 18924K [0x0000000080000000, 0x0000000100000000)
  region size 1024K, 5 young (5120K), 5 survivors (5120K)
 Metaspace       used 29923K, capacity 30582K, committed 30768K, reserved 1075200K
  class space    used 3980K, capacity 4196K, committed 4224K, reserved 1048576K
}
Event: 7.684 GC heap before
{Heap before GC invocations=6 (full 0):
 garbage-first heap   total 98304K, used 34284K [0x0000000080000000, 0x0000000100000000)
  region size 1024K, 22 young (22528K), 5 survivors (5120K)
 Metaspace       used 34897K, capacity 35597K, committed 35708K, reserved 1081344K
  class space    used 4536K, capacity 4785K, committed 4864K, reserved 1048576K
}
Event: 7.694 GC heap after
{Heap after GC invocations=7 (full 0):
 garbage-first heap   total 98304K, used 21070K [0x0000000080000000, 0x0000000100000000)
  region size 1024K, 6 young (6144K), 6 survivors (6144K)
 Metaspace       used 34897K, capacity 35597K, committed 35708K, reserved 1081344K
  class space    used 4536K, capacity 4785K, committed 4864K, reserved 1048576K
}
Event: 8.612 GC heap before
{Heap before GC invocations=8 (full 0):
 garbage-first heap   total 98304K, used 69198K [0x0000000080000000, 0x0000000100000000)
  region size 1024K, 50 young (51200K), 6 survivors (6144K)
 Metaspace       used 39822K, capacity 40684K, committed 40828K, reserved 1085440K
  class space    used 5053K, capacity 5362K, committed 5376K, reserved 1048576K
}
Event: 8.621 GC heap after
{Heap after GC invocations=9 (full 0):
 garbage-first heap   total 98304K, used 24222K [0x0000000080000000, 0x0000000100000000)
  region size 1024K, 7 young (7168K), 7 survivors (7168K)
 Metaspace       used 39822K, capacity 40684K, committed 40828K, reserved 1085440K
  class space    used 5053K, capacity 5362K, committed 5376K, reserved 1048576K
}
Event: 9.596 GC heap before
{Heap before GC invocations=9 (full 0):
 garbage-first heap   total 98304K, used 69278K [0x0000000080000000, 0x0000000100000000)
  region size 1024K, 51 young (52224K), 7 survivors (7168K)
 Metaspace       used 43232K, capacity 44230K, committed 44540K, reserved 1087488K
  class space    used 5557K, capacity 5934K, committed 6016K, reserved 1048576K
}
Event: 9.604 GC heap after
{Heap after GC invocations=10 (full 0):
 garbage-first heap   total 98304K, used 26380K [0x0000000080000000, 0x0000000100000000)
  region size 1024K, 6 young (6144K), 6 survivors (6144K)
 Metaspace       used 43232K, capacity 44230K, committed 44540K, reserved 1087488K
  class space    used 5557K, capacity 5934K, committed 6016K, reserved 1048576K
}

Deoptimization events (20 events):
Event: 10.065 Thread 0x00000292dfba0800 Uncommon trap: trap_request=0xffffff5c fr.pc=0x00000292cd4ac940 relative=0x00000000000040e0
Event: 10.065 Thread 0x00000292dfba0800 Uncommon trap: reason=speculate_null_assert action=make_not_entrant pc=0x00000292cd4ac940 method=java.lang.invoke.MethodType$ConcurrentWeakInternSet.add(Ljava/lang/Object;)Ljava/lang/Object; @ 47 c2
Event: 10.065 Thread 0x00000292dfba0800 DEOPT PACKING pc=0x00000292cd4ac940 sp=0x000000e4981fdd70
Event: 10.065 Thread 0x00000292dfba0800 DEOPT UNPACKING pc=0x00000292c58374af sp=0x000000e4981fdd28 mode 2
Event: 10.070 Thread 0x00000292dfbab000 Uncommon trap: trap_request=0xffffff4d fr.pc=0x00000292cd4e0508 relative=0x0000000000000c68
Event: 10.070 Thread 0x00000292dfbab000 Uncommon trap: reason=unstable_if action=reinterpret pc=0x00000292cd4e0508 method=com.esotericsoftware.kryo.io.Input.readUtf8Length(I)I @ 9 c2
Event: 10.070 Thread 0x00000292dfbab000 DEOPT PACKING pc=0x00000292cd4e0508 sp=0x000000e4984fd680
Event: 10.070 Thread 0x00000292dfbab000 DEOPT UNPACKING pc=0x00000292c58374af sp=0x000000e4984fd518 mode 2
Event: 10.072 Thread 0x00000292dfba3800 Uncommon trap: trap_request=0xffffff4d fr.pc=0x00000292cd4ddd1c relative=0x0000000000000b7c
Event: 10.072 Thread 0x00000292dfba3800 Uncommon trap: reason=unstable_if action=reinterpret pc=0x00000292cd4ddd1c method=com.esotericsoftware.kryo.io.Input.readUtf8Length(I)I @ 9 c2
Event: 10.072 Thread 0x00000292dfba3800 DEOPT PACKING pc=0x00000292cd4ddd1c sp=0x000000e497dfd4a0
Event: 10.072 Thread 0x00000292dfba3800 DEOPT UNPACKING pc=0x00000292c58374af sp=0x000000e497dfd3f8 mode 2
Event: 10.073 Thread 0x00000292dfba5000 Uncommon trap: trap_request=0xffffff4d fr.pc=0x00000292cd4db688 relative=0x0000000000000068
Event: 10.073 Thread 0x00000292dfba5000 Uncommon trap: reason=unstable_if action=reinterpret pc=0x00000292cd4db688 method=com.esotericsoftware.kryo.io.Input.readUtf8Length(I)I @ 9 c2
Event: 10.073 Thread 0x00000292dfba5000 DEOPT PACKING pc=0x00000292cd4db688 sp=0x000000e497ffda30
Event: 10.073 Thread 0x00000292dfba5000 DEOPT UNPACKING pc=0x00000292c58374af sp=0x000000e497ffd9c0 mode 2
Event: 10.272 Thread 0x00000292de23b000 Uncommon trap: trap_request=0xffffff4d fr.pc=0x00000292cd507664 relative=0x00000000000001a4
Event: 10.272 Thread 0x00000292de23b000 Uncommon trap: reason=unstable_if action=reinterpret pc=0x00000292cd507664 method=org.gradle.internal.snapshot.PathUtil.equalChars(CCLorg/gradle/internal/snapshot/CaseSensitivity;)Z @ 11 c2
Event: 10.272 Thread 0x00000292de23b000 DEOPT PACKING pc=0x00000292cd507664 sp=0x000000e496cf91e0
Event: 10.272 Thread 0x00000292de23b000 DEOPT UNPACKING pc=0x00000292c58374af sp=0x000000e496cf9178 mode 2

Classes redefined (0 events):
No events

Internal exceptions (20 events):
Event: 8.882 Thread 0x00000292de23b000 Exception <a 'java/lang/ClassNotFoundException'{0x00000000851e43b8}: org/gradle/api/internal/artifacts/dsl/dependencies/DefaultDependencyHandler_DecoratedCustomizer> (0x00000000851e43b8) thrown at [./src/hotspot/share/classfile/systemDictionary.cpp, line 231]
Event: 8.926 Thread 0x00000292de23b000 Exception <a 'java/lang/ClassNotFoundException'{0x0000000084f73b58}: groovy/lang/GString$1BeanInfo> (0x0000000084f73b58) thrown at [./src/hotspot/share/classfile/systemDictionary.cpp, line 231]
Event: 8.927 Thread 0x00000292de23b000 Exception <a 'java/lang/ClassNotFoundException'{0x0000000084f8faa0}: groovy/lang/GStringBeanInfo> (0x0000000084f8faa0) thrown at [./src/hotspot/share/classfile/systemDictionary.cpp, line 231]
Event: 8.928 Thread 0x00000292de23b000 Exception <a 'java/lang/ClassNotFoundException'{0x0000000084fab168}: groovy/lang/GStringCustomizer> (0x0000000084fab168) thrown at [./src/hotspot/share/classfile/systemDictionary.cpp, line 231]
Event: 8.931 Thread 0x00000292de23b000 Exception <a 'java/lang/ClassNotFoundException'{0x0000000084fcfd38}: groovy/lang/GString$1Customizer> (0x0000000084fcfd38) thrown at [./src/hotspot/share/classfile/systemDictionary.cpp, line 231]
Event: 8.939 Thread 0x00000292de23b000 Exception <a 'java/lang/ClassNotFoundException'{0x0000000084e68230}: org/codehaus/groovy/runtime/GStringImplBeanInfo> (0x0000000084e68230) thrown at [./src/hotspot/share/classfile/systemDictionary.cpp, line 231]
Event: 8.941 Thread 0x00000292de23b000 Exception <a 'java/lang/ClassNotFoundException'{0x0000000084e86578}: org/codehaus/groovy/runtime/GStringImplCustomizer> (0x0000000084e86578) thrown at [./src/hotspot/share/classfile/systemDictionary.cpp, line 231]
Event: 9.258 Thread 0x00000292de23b000 Exception <a 'java/lang/NoSuchMethodError'{0x0000000083fa5808}: 'java.lang.Object java.lang.invoke.DelegatingMethodHandle$Holder.reinvoke_L(java.lang.Object, java.lang.Object, java.lang.Object, java.lang.Object, java.lang.Object, java.lang.Object, java.lang.Object, java.lang.Object, java.lang.Object, java.lang.Object, java.lang.Object, java.lang.Object, java.lang.Object, java.lang.Object, java.lang.Object, java.lang.Object, java.lang.Object)'> (0x0000000083fa5808) thrown at [./src/hotspot/share/interpreter
Event: 9.258 Thread 0x00000292de23b000 Exception <a 'java/lang/NoSuchMethodError'{0x0000000083fb0158}: 'java.lang.Object java.lang.invoke.Invokers$Holder.invoker(java.lang.Object, java.lang.Object, java.lang.Object, java.lang.Object, java.lang.Object, java.lang.Object, java.lang.Object, java.lang.Object, java.lang.Object, java.lang.Object, java.lang.Object, java.lang.Object, java.lang.Object, java.lang.Object, java.lang.Object, java.lang.Object, java.lang.Object)'> (0x0000000083fb0158) thrown at [./src/hotspot/share/interpreter/linkResolver.cpp
Event: 9.259 Thread 0x00000292de23b000 Exception <a 'java/lang/NoSuchMethodError'{0x0000000083fb6a60}: 'java.lang.Object java.lang.invoke.DelegatingMethodHandle$Holder.delegate(java.lang.Object, java.lang.Object, java.lang.Object, java.lang.Object, java.lang.Object, java.lang.Object, java.lang.Object, java.lang.Object, java.lang.Object, java.lang.Object, java.lang.Object, java.lang.Object, java.lang.Object, java.lang.Object, java.lang.Object, java.lang.Object, java.lang.Object)'> (0x0000000083fb6a60) thrown at [./src/hotspot/share/interpreter/l
Event: 9.271 Thread 0x00000292de23b000 Exception <a 'java/lang/NoSuchMethodError'{0x0000000083ffa4b8}: 'java.lang.Object java.lang.invoke.DirectMethodHandle$Holder.invokeStatic(java.lang.Object, java.lang.Object, java.lang.Object, java.lang.Object, java.lang.Object, java.lang.Object, java.lang.Object, java.lang.Object, java.lang.Object, java.lang.Object, java.lang.Object, java.lang.Object, java.lang.Object, java.lang.Object, java.lang.Object)'> (0x0000000083ffa4b8) thrown at [./src/hotspot/share/interpreter/linkResolver.cpp, line 773]
Event: 9.274 Thread 0x00000292de23b000 Exception <a 'java/lang/NoSuchMethodError'{0x0000000083e09df8}: 'java.lang.Object java.lang.invoke.DirectMethodHandle$Holder.invokeStatic(java.lang.Object, java.lang.Object, java.lang.Object, java.lang.Object, java.lang.Object, java.lang.Object, java.lang.Object, java.lang.Object, java.lang.Object, java.lang.Object, java.lang.Object, java.lang.Object, java.lang.Object, java.lang.Object, java.lang.Object, java.lang.Object)'> (0x0000000083e09df8) thrown at [./src/hotspot/share/interpreter/linkResolver.cpp, l
Event: 9.275 Thread 0x00000292de23b000 Exception <a 'java/lang/NoSuchMethodError'{0x0000000083e18fa8}: 'java.lang.Object java.lang.invoke.DelegatingMethodHandle$Holder.reinvoke_L(java.lang.Object, java.lang.Object, java.lang.Object, java.lang.Object, java.lang.Object, java.lang.Object, java.lang.Object, java.lang.Object, java.lang.Object, java.lang.Object, java.lang.Object, java.lang.Object, java.lang.Object, java.lang.Object, java.lang.Object, java.lang.Object)'> (0x0000000083e18fa8) thrown at [./src/hotspot/share/interpreter/linkResolver.cpp,
Event: 9.355 Thread 0x00000292de23b000 Exception <a 'java/lang/NoSuchMethodError'{0x0000000083b17120}: 'java.lang.Object java.lang.invoke.DirectMethodHandle$Holder.invokeStatic(java.lang.Object, java.lang.Object, java.lang.Object, int)'> (0x0000000083b17120) thrown at [./src/hotspot/share/interpreter/linkResolver.cpp, line 773]
Event: 9.356 Thread 0x00000292de23b000 Exception <a 'java/lang/NoSuchMethodError'{0x0000000083b1b9e0}: 'java.lang.Object java.lang.invoke.DirectMethodHandle$Holder.invokeSpecial(java.lang.Object, java.lang.Object, java.lang.Object, java.lang.Object, int)'> (0x0000000083b1b9e0) thrown at [./src/hotspot/share/interpreter/linkResolver.cpp, line 773]
Event: 9.356 Thread 0x00000292de23b000 Exception <a 'java/lang/NoSuchMethodError'{0x0000000083b1fbc0}: 'java.lang.Object java.lang.invoke.Invokers$Holder.linkToTargetMethod(java.lang.Object, java.lang.Object, int, java.lang.Object)'> (0x0000000083b1fbc0) thrown at [./src/hotspot/share/interpreter/linkResolver.cpp, line 773]
Event: 9.365 Thread 0x00000292de23b000 Exception <a 'java/lang/NoSuchMethodError'{0x0000000083b67888}: 'int java.lang.invoke.DirectMethodHandle$Holder.invokeInterface(java.lang.Object, java.lang.Object)'> (0x0000000083b67888) thrown at [./src/hotspot/share/interpreter/linkResolver.cpp, line 773]
Event: 9.370 Thread 0x00000292de23b000 Exception <a 'java/lang/IncompatibleClassChangeError'{0x0000000083b6b368}: Found class java.lang.Object, but interface was expected> (0x0000000083b6b368) thrown at [./src/hotspot/share/interpreter/linkResolver.cpp, line 839]
Event: 9.591 Thread 0x00000292de23b000 Exception <a 'java/lang/NoSuchMethodError'{0x00000000834c9b28}: 'int java.lang.invoke.DirectMethodHandle$Holder.invokeStaticInit(java.lang.Object)'> (0x00000000834c9b28) thrown at [./src/hotspot/share/interpreter/linkResolver.cpp, line 773]
Event: 10.004 Thread 0x00000292de23b000 Exception <a 'java/lang/NoSuchMethodError'{0x00000000856cdb70}: 'void java.lang.invoke.DirectMethodHandle$Holder.invokeStatic(java.lang.Object, java.lang.Object, java.lang.Object, int, java.lang.Object)'> (0x00000000856cdb70) thrown at [./src/hotspot/share/interpreter/linkResolver.cpp, line 773]

Events (20 events):
Event: 10.271 Thread 0x00000292e2222000 Thread added: 0x00000292e2222000
Event: 10.272 Thread 0x00000292e221f800 Thread added: 0x00000292e221f800
Event: 10.273 Thread 0x00000292e221c800 Thread added: 0x00000292e221c800
Event: 10.274 Thread 0x00000292e2223000 Thread added: 0x00000292e2223000
Event: 10.276 Thread 0x00000292e2220800 Thread added: 0x00000292e2220800
Event: 10.277 Thread 0x00000292e2223800 Thread added: 0x00000292e2223800
Event: 10.278 Thread 0x00000292e221f000 Thread added: 0x00000292e221f000
Event: 10.280 Thread 0x00000292e2902800 Thread added: 0x00000292e2902800
Event: 10.280 Thread 0x00000292e2900000 Thread added: 0x00000292e2900000
Event: 10.282 Thread 0x00000292e2901800 Thread added: 0x00000292e2901800
Event: 10.283 Thread 0x00000292e2903000 Thread added: 0x00000292e2903000
Event: 10.284 Thread 0x00000292e2900800 Thread added: 0x00000292e2900800
Event: 10.285 Thread 0x00000292e2904000 Thread added: 0x00000292e2904000
Event: 10.287 Thread 0x00000292e28fe000 Thread added: 0x00000292e28fe000
Event: 10.288 Thread 0x00000292e2904800 Thread added: 0x00000292e2904800
Event: 10.288 Thread 0x00000292e28ff000 Thread added: 0x00000292e28ff000
Event: 10.290 Thread 0x00000292e290b800 Thread added: 0x00000292e290b800
Event: 10.291 Thread 0x00000292e2905800 Thread added: 0x00000292e2905800
Event: 10.293 Thread 0x00000292e2908000 Thread added: 0x00000292e2908000
Event: 10.294 Thread 0x00000292e2907000 Thread added: 0x00000292e2907000


Dynamic libraries:
0x00007ff6a3aa0000 - 0x00007ff6a3aaa000 	C:\Program Files\Android\Android Studio\jre\bin\java.exe
0x00007ff835130000 - 0x00007ff835325000 	C:\Windows\SYSTEM32\ntdll.dll
0x00007ff833600000 - 0x00007ff8336bd000 	C:\Windows\System32\KERNEL32.DLL
0x00007ff8328a0000 - 0x00007ff832b68000 	C:\Windows\System32\KERNELBASE.dll
0x00007ff82fc60000 - 0x00007ff82fcf0000 	C:\Windows\SYSTEM32\apphelp.dll
0x00007ff832ca0000 - 0x00007ff832da0000 	C:\Windows\System32\ucrtbase.dll
0x00007ff82bc50000 - 0x00007ff82bc67000 	C:\Program Files\Android\Android Studio\jre\bin\VCRUNTIME140.dll
0x00007ff828970000 - 0x00007ff828989000 	C:\Program Files\Android\Android Studio\jre\bin\jli.dll
0x00007ff833200000 - 0x00007ff8333a0000 	C:\Windows\System32\USER32.dll
0x00007ff832b70000 - 0x00007ff832b92000 	C:\Windows\System32\win32u.dll
0x00007ff81d6a0000 - 0x00007ff81d93a000 	C:\Windows\WinSxS\amd64_microsoft.windows.common-controls_6595b64144ccf1df_6.0.19041.1052_none_60b8f8fd71f5e8cb\COMCTL32.dll
0x00007ff8338d0000 - 0x00007ff8338fa000 	C:\Windows\System32\GDI32.dll
0x00007ff8341a0000 - 0x00007ff83423e000 	C:\Windows\System32\msvcrt.dll
0x00007ff832da0000 - 0x00007ff832eab000 	C:\Windows\System32\gdi32full.dll
0x00007ff832c00000 - 0x00007ff832c9d000 	C:\Windows\System32\msvcp_win.dll
0x00007ff8350c0000 - 0x00007ff8350f0000 	C:\Windows\System32\IMM32.DLL
0x00007ff818540000 - 0x00007ff8185dd000 	C:\Program Files\Android\Android Studio\jre\bin\msvcp140.dll
0x00007ff8046f0000 - 0x00007ff8051ac000 	C:\Program Files\Android\Android Studio\jre\bin\server\jvm.dll
0x00007ff833550000 - 0x00007ff8335fc000 	C:\Windows\System32\ADVAPI32.dll
0x00007ff8344a0000 - 0x00007ff83453b000 	C:\Windows\System32\sechost.dll
0x00007ff834240000 - 0x00007ff83436b000 	C:\Windows\System32\RPCRT4.dll
0x00007ff833470000 - 0x00007ff833478000 	C:\Windows\System32\PSAPI.DLL
0x00007ff81e620000 - 0x00007ff81e629000 	C:\Windows\SYSTEM32\WSOCK32.dll
0x00007ff8345f0000 - 0x00007ff83465b000 	C:\Windows\System32\WS2_32.dll
0x00007ff827400000 - 0x00007ff827427000 	C:\Windows\SYSTEM32\WINMM.dll
0x00007ff824230000 - 0x00007ff82423a000 	C:\Windows\SYSTEM32\VERSION.dll
0x00007ff831140000 - 0x00007ff831152000 	C:\Windows\SYSTEM32\kernel.appcore.dll
0x00007ff828660000 - 0x00007ff828671000 	C:\Program Files\Android\Android Studio\jre\bin\verify.dll
0x00007ff830450000 - 0x00007ff830634000 	C:\Windows\SYSTEM32\DBGHELP.DLL
0x00007ff829110000 - 0x00007ff82913c000 	C:\Windows\SYSTEM32\dbgcore.DLL
0x00007ff832f00000 - 0x00007ff832f83000 	C:\Windows\System32\bcryptPrimitives.dll
0x00007ff8247f0000 - 0x00007ff824819000 	C:\Program Files\Android\Android Studio\jre\bin\java.dll
0x00007ff82d440000 - 0x00007ff82d44b000 	C:\Program Files\Android\Android Studio\jre\bin\jimage.dll
0x00007ff826520000 - 0x00007ff826538000 	C:\Program Files\Android\Android Studio\jre\bin\zip.dll
0x00007ff833a60000 - 0x00007ff83419f000 	C:\Windows\System32\SHELL32.dll
0x00007ff8309a0000 - 0x00007ff831130000 	C:\Windows\SYSTEM32\windows.storage.dll
0x00007ff834660000 - 0x00007ff8349b5000 	C:\Windows\System32\combase.dll
0x00007ff832210000 - 0x00007ff83223c000 	C:\Windows\SYSTEM32\Wldp.dll
0x00007ff8333c0000 - 0x00007ff83346e000 	C:\Windows\System32\SHCORE.dll
0x00007ff8349c0000 - 0x00007ff834a15000 	C:\Windows\System32\shlwapi.dll
0x00007ff8327b0000 - 0x00007ff8327cf000 	C:\Windows\SYSTEM32\profapi.dll
0x00007ff818600000 - 0x00007ff81861a000 	C:\Program Files\Android\Android Studio\jre\bin\net.dll
0x00007ff827cb0000 - 0x00007ff827dbb000 	C:\Windows\SYSTEM32\WINHTTP.dll
0x00007ff831f80000 - 0x00007ff831fea000 	C:\Windows\system32\mswsock.dll
0x00007ff818420000 - 0x00007ff818434000 	C:\Program Files\Android\Android Studio\jre\bin\nio.dll
0x00007ff82bc20000 - 0x00007ff82bc47000 	C:\Users\User\.gradle\native\fdc75f09e3144964f2cf3f50f0aa648679c211496f362492102eb8c894070792\windows-amd64\native-platform.dll
0x00007ff807a50000 - 0x00007ff807be6000 	C:\Users\User\.gradle\native\12488b8bf47d2d4c9fbf2f6322a914ad602e24e48041cd04a747c6da556b65c4\windows-amd64\native-platform-file-events.dll
0x00007ff82cb00000 - 0x00007ff82cb0a000 	C:\Program Files\Android\Android Studio\jre\bin\management.dll
0x00007ff828960000 - 0x00007ff82896c000 	C:\Program Files\Android\Android Studio\jre\bin\management_ext.dll
0x00007ff832150000 - 0x00007ff832168000 	C:\Windows\SYSTEM32\CRYPTSP.dll
0x00007ff831920000 - 0x00007ff831954000 	C:\Windows\system32\rsaenh.dll
0x00007ff832870000 - 0x00007ff832897000 	C:\Windows\System32\bcrypt.dll
0x00007ff832770000 - 0x00007ff83279e000 	C:\Windows\SYSTEM32\USERENV.dll
0x00007ff832170000 - 0x00007ff83217c000 	C:\Windows\SYSTEM32\CRYPTBASE.dll
0x00007ff831c70000 - 0x00007ff831cab000 	C:\Windows\SYSTEM32\IPHLPAPI.DLL
0x00007ff8350b0000 - 0x00007ff8350b8000 	C:\Windows\System32\NSI.dll
0x00007ff829f10000 - 0x00007ff829f27000 	C:\Windows\SYSTEM32\dhcpcsvc6.DLL
0x00007ff82a780000 - 0x00007ff82a79d000 	C:\Windows\SYSTEM32\dhcpcsvc.DLL
0x00007ff831cb0000 - 0x00007ff831d7c000 	C:\Windows\SYSTEM32\DNSAPI.dll
0x00007ff82ab40000 - 0x00007ff82ab4b000 	C:\Windows\SYSTEM32\WINNSI.DLL

dbghelp: loaded successfully - version: 4.0.5 - missing functions: none
symbol engine: initialized successfully - sym options: 0x614 - pdb path: .;C:\Program Files\Android\Android Studio\jre\bin;C:\Windows\SYSTEM32;C:\Windows\WinSxS\amd64_microsoft.windows.common-controls_6595b64144ccf1df_6.0.19041.1052_none_60b8f8fd71f5e8cb;C:\Program Files\Android\Android Studio\jre\bin\server;C:\Users\User\.gradle\native\fdc75f09e3144964f2cf3f50f0aa648679c211496f362492102eb8c894070792\windows-amd64;C:\Users\User\.gradle\native\12488b8bf47d2d4c9fbf2f6322a914ad602e24e48041cd04a747c6da556b65c4\windows-amd64

VM Arguments:
jvm_args: --add-opens=java.base/java.util=ALL-UNNAMED --add-opens=java.base/java.lang=ALL-UNNAMED --add-opens=java.base/java.lang.invoke=ALL-UNNAMED --add-opens=java.prefs/java.util.prefs=ALL-UNNAMED -Xmx2048m -Dfile.encoding=UTF-8 -Duser.country=IL -Duser.language=iw -Duser.variant 
java_command: org.gradle.launcher.daemon.bootstrap.GradleDaemon 6.7.1
java_class_path (initial): C:\Users\User\.gradle\wrapper\dists\gradle-6.7.1-bin\bwlcbys1h7rz3272sye1xwiv6\gradle-6.7.1\lib\gradle-launcher-6.7.1.jar
Launcher Type: SUN_STANDARD

[Global flags]
     intx CICompilerCount                          = 4                                         {product} {ergonomic}
     uint ConcGCThreads                            = 2                                         {product} {ergonomic}
     uint G1ConcRefinementThreads                  = 8                                         {product} {ergonomic}
   size_t G1HeapRegionSize                         = 1048576                                   {product} {ergonomic}
    uintx GCDrainStackTargetSize                   = 64                                        {product} {ergonomic}
   size_t InitialHeapSize                          = 100663296                                 {product} {ergonomic}
   size_t MarkStackSize                            = 4194304                                   {product} {ergonomic}
   size_t MaxHeapSize                              = 2147483648                                {product} {command line}
   size_t MaxNewSize                               = 1287651328                                {product} {ergonomic}
   size_t MinHeapDeltaBytes                        = 1048576                                   {product} {ergonomic}
    uintx NonNMethodCodeHeapSize                   = 5836300                                {pd product} {ergonomic}
    uintx NonProfiledCodeHeapSize                  = 122910970                              {pd product} {ergonomic}
    uintx ProfiledCodeHeapSize                     = 122910970                              {pd product} {ergonomic}
    uintx ReservedCodeCacheSize                    = 251658240                              {pd product} {ergonomic}
     bool SegmentedCodeCache                       = true                                      {product} {ergonomic}
     bool UseCompressedClassPointers               = true                                 {lp64_product} {ergonomic}
     bool UseCompressedOops                        = true                                 {lp64_product} {ergonomic}
     bool UseG1GC                                  = true                                      {product} {ergonomic}
     bool UseLargePagesIndividualAllocation        = false                                  {pd product} {ergonomic}

Logging:
Log output configuration:
 #0: stdout all=warning uptime,level,tags
 #1: stderr all=off uptime,level,tags

Environment Variables:
PATH=C:\Windows\system32;C:\Windows;C:\Windows\System32\Wbem;C:\Windows\System32\WindowsPowerShell\v1.0\;C:\Windows\System32\OpenSSH\;C:\cygwin64\bin;C:\Program Files\Git\cmd;C:\Program Files\PuTTY\;C:\Users\User\AppData\Local\Microsoft\WindowsApps;
USERNAME=User
OS=Windows_NT
PROCESSOR_IDENTIFIER=AMD64 Family 23 Model 24 Stepping 1, AuthenticAMD



---------------  S Y S T E M  ---------------

OS: Windows 10 , 64 bit Build 19041 (10.0.19041.1023)
OS uptime: 3 days 16:36 hours

CPU:total 8 (initial active 8) (8 cores per cpu, 2 threads per core) family 23 model 24 stepping 1, cmov, cx8, fxsr, mmx, sse, sse2, sse3, ssse3, sse4.1, sse4.2, popcnt, avx, avx2, aes, clmul, mmxext, 3dnowpref, lzcnt, sse4a, ht, tsc, tscinvbit, tscinv, bmi1, bmi2, adx, sha, fma

Memory: 4k page, system-wide physical 6022M (331M free)
TotalPageFile size 24454M (AvailPageFile size 3M)
current process WorkingSet (physical memory assigned to process): 245M, peak: 245M
current process commit charge ("private bytes"): 294M, peak: 295M

vm_info: OpenJDK 64-Bit Server VM (11.0.8+10-b944.6842174) for windows-amd64 JRE (11.0.8+10-b944.6842174), built on Sep 19 2020 01:11:42 by "builder" with MS VC++ 14.0 (VS2015)

END.
