#
# There is insufficient memory for the Java Runtime Environment to continue.
# Native memory allocation (malloc) failed to allocate 1145936 bytes for Chunk::new
# Possible reasons:
#   The system is out of physical RAM or swap space
#   The process is running with CompressedOops enabled, and the Java Heap may be blocking the growth of the native heap
# Possible solutions:
#   Reduce memory load on the system
#   Increase physical memory or swap space
#   Check if swap backing store is full
#   Decrease Java heap size (-Xmx/-Xms)
#   Decrease number of Java threads
#   Decrease Java thread stack sizes (-Xss)
#   Set larger code cache with -XX:ReservedCodeCacheSize=
#   JVM is running with Unscaled Compressed Oops mode in which the Java heap is
#     placed in the first 4GB address space. The Java Heap base address is the
#     maximum limit for the native heap growth. Please use -XX:HeapBaseMinAddress
#     to set the Java Heap base and to place the Java Heap above 4GB virtual address.
# This output file may be truncated or incomplete.
#
#  Out of Memory Error (./src/hotspot/share/memory/arena.cpp:197), pid=18252, tid=7332
#
# JRE version: OpenJDK Runtime Environment (11.0.8+10) (build 11.0.8+10-b944.6842174)
# Java VM: OpenJDK 64-Bit Server VM (11.0.8+10-b944.6842174, mixed mode, tiered, compressed oops, g1 gc, windows-amd64)
# No core dump will be written. Minidumps are not enabled by default on client versions of Windows
#

---------------  S U M M A R Y ------------

Command Line: --add-opens=java.base/java.util=ALL-UNNAMED --add-opens=java.base/java.lang=ALL-UNNAMED --add-opens=java.base/java.lang.invoke=ALL-UNNAMED --add-opens=java.prefs/java.util.prefs=ALL-UNNAMED -Xmx2048m -Dfile.encoding=UTF-8 -Duser.country=IL -Duser.language=iw -Duser.variant org.gradle.launcher.daemon.bootstrap.GradleDaemon 6.7.1

Host: AMD Ryzen 7 PRO 3700U w/ Radeon Vega Mobile Gfx, 8 cores, 5G,  Windows 10 , 64 bit Build 19041 (10.0.19041.1023)
Time: Tue Jun 15 16:52:46 2021 שעון קיץ ירושלים elapsed time: 10 seconds (0d 0h 0m 10s)

---------------  T H R E A D  ---------------

Current thread (0x00000244e91e4000):  JavaThread "C2 CompilerThread0" daemon [_thread_in_native, id=7332, stack(0x0000004589c00000,0x0000004589d00000)]


Current CompileTask:
C2:  10013 6181 %     4       org.gradle.internal.instantiation.generator.AbstractClassGenerator::inspectType @ 207 (560 bytes)

Stack: [0x0000004589c00000,0x0000004589d00000]
Native frames: (J=compiled Java code, j=interpreted, Vv=VM code, C=native code)
V  [jvm.dll+0x5de50a]
V  [jvm.dll+0x7122f5]
V  [jvm.dll+0x71384d]
V  [jvm.dll+0x713f03]
V  [jvm.dll+0x23e728]
V  [jvm.dll+0xb899c]
V  [jvm.dll+0xb8e9c]
V  [jvm.dll+0x35024d]
V  [jvm.dll+0x193cbc]
V  [jvm.dll+0x1f780e]
V  [jvm.dll+0x1f68d4]
V  [jvm.dll+0x17f32c]
V  [jvm.dll+0x205047]
V  [jvm.dll+0x203891]
V  [jvm.dll+0x6dad3f]
V  [jvm.dll+0x6d3895]
V  [jvm.dll+0x5dd4a6]
C  [ucrtbase.dll+0x21bb2]
C  [KERNEL32.DLL+0x17034]
C  [ntdll.dll+0x52651]


---------------  P R O C E S S  ---------------

Threads class SMR info:
_java_thread_list=0x00000244f069e7d0, length=165, elements={
0x00000244ceec8800, 0x00000244e99f1800, 0x00000244e99fe800, 0x00000244e91dc000,
0x00000244e91de000, 0x00000244e91e4000, 0x00000244e91e5800, 0x00000244e9a4c800,
0x00000244e9ba3800, 0x00000244e9bc7800, 0x00000244ec129800, 0x00000244eb97b800,
0x00000244ecd90000, 0x00000244eba01000, 0x00000244ec134800, 0x00000244ec555800,
0x00000244eb36e000, 0x00000244eb36f000, 0x00000244ebbd0000, 0x00000244ec67c800,
0x00000244ebd1f800, 0x00000244ebcd1800, 0x00000244ebcd0800, 0x00000244ebcd0000,
0x00000244ebccf000, 0x00000244ebcd3000, 0x00000244ebcd4000, 0x00000244ebcd2800,
0x00000244ebcce800, 0x00000244ebcd5000, 0x00000244ed696800, 0x00000244ed69b800,
0x00000244ed69a000, 0x00000244ed69a800, 0x00000244ed69c800, 0x00000244ed699000,
0x00000244ed697800, 0x00000244ed6a2000, 0x00000244ed69e000, 0x00000244ed6a3000,
0x00000244ed69d000, 0x00000244ed6a3800, 0x00000244ed6a0800, 0x00000244ed6a1800,
0x00000244ed69f000, 0x00000244ed6a4800, 0x00000244ed6a5800, 0x00000244ed69f800,
0x00000244ed2ba000, 0x00000244ed2bb000, 0x00000244ed2bd000, 0x00000244ed2bb800,
0x00000244ed2be000, 0x00000244ed2b9000, 0x00000244ed2b8800, 0x00000244ed2c1800,
0x00000244ed2bf800, 0x00000244ed2c0800, 0x00000244ed2bc800, 0x00000244ed2c3000,
0x00000244ed2c2000, 0x00000244ed2c4000, 0x00000244ed2bf000, 0x00000244ed2c4800,
0x00000244ed2c5800, 0x00000244ed2c6000, 0x00000244ed2c7000, 0x00000244ec606000,
0x00000244ec600800, 0x00000244ec602000, 0x00000244ec607000, 0x00000244ec603000,
0x00000244ec604800, 0x00000244ec604000, 0x00000244ec605800, 0x00000244ec601800,
0x00000244ec609800, 0x00000244ec60a800, 0x00000244ec60b000, 0x00000244ec60c000,
0x00000244ec608000, 0x00000244ec60d000, 0x00000244ec608800, 0x00000244ec60d800,
0x00000244ec60f000, 0x00000244ec60e800, 0x00000244ec155800, 0x00000244ec15b000,
0x00000244ec15c000, 0x00000244ec156000, 0x00000244ec158800, 0x00000244ec157800,
0x00000244ec15a000, 0x00000244ec159800, 0x00000244ec15c800, 0x00000244ec157000,
0x00000244ec163000, 0x00000244ec160000, 0x00000244ec15f000, 0x00000244ec160800,
0x00000244ec161800, 0x00000244ec162800, 0x00000244ec15d800, 0x00000244ec164000,
0x00000244ec15e800, 0x00000244ec489000, 0x00000244ec48d000, 0x00000244ec488000,
0x00000244ec48e800, 0x00000244ec48f800, 0x00000244ec489800, 0x00000244ec48b800,
0x00000244ec48c000, 0x00000244ec48d800, 0x00000244ec490000, 0x00000244ec48a800,
0x00000244ec492000, 0x00000244ec496000, 0x00000244ec491000, 0x00000244ec492800,
0x00000244ec493800, 0x00000244ec494800, 0x00000244ec495000, 0x00000244ec496800,
0x00000244ea95b800, 0x00000244ea956800, 0x00000244ea95a000, 0x00000244ea95d800,
0x00000244ea95c800, 0x00000244ea959000, 0x00000244ea957800, 0x00000244ea958800,
0x00000244ea95e000, 0x00000244ea95f000, 0x00000244ea95b000, 0x00000244ea95f800,
0x00000244ea960800, 0x00000244ea961800, 0x00000244ea962000, 0x00000244ea964800,
0x00000244ea965800, 0x00000244ea963000, 0x00000244ea964000, 0x00000244eee8e800,
0x00000244eee8f800, 0x00000244eee90800, 0x00000244eee92000, 0x00000244eee91000,
0x00000244eee8d000, 0x00000244eee8e000, 0x00000244eee8c800, 0x00000244eee97800,
0x00000244eee98800, 0x00000244eee93000, 0x00000244eee95800, 0x00000244eee94800,
0x00000244eee99800, 0x00000244eee93800, 0x00000244eee9a000, 0x00000244eee9b000,
0x00000244eee96000, 0x00000244eee97000, 0x00000244ef1e3000, 0x00000244ef1e4000,
0x00000244ef1e2800
}

Java Threads: ( => current thread )
  0x00000244ceec8800 JavaThread "main" [_thread_blocked, id=11172, stack(0x0000004589100000,0x0000004589200000)]
  0x00000244e99f1800 JavaThread "Reference Handler" daemon [_thread_blocked, id=6376, stack(0x0000004589800000,0x0000004589900000)]
  0x00000244e99fe800 JavaThread "Finalizer" daemon [_thread_blocked, id=7024, stack(0x0000004589900000,0x0000004589a00000)]
  0x00000244e91dc000 JavaThread "Signal Dispatcher" daemon [_thread_blocked, id=18088, stack(0x0000004589a00000,0x0000004589b00000)]
  0x00000244e91de000 JavaThread "Attach Listener" daemon [_thread_blocked, id=17572, stack(0x0000004589b00000,0x0000004589c00000)]
=>0x00000244e91e4000 JavaThread "C2 CompilerThread0" daemon [_thread_in_native, id=7332, stack(0x0000004589c00000,0x0000004589d00000)]
  0x00000244e91e5800 JavaThread "C1 CompilerThread0" daemon [_thread_blocked, id=16868, stack(0x0000004589d00000,0x0000004589e00000)]
  0x00000244e9a4c800 JavaThread "Sweeper thread" daemon [_thread_blocked, id=5224, stack(0x0000004589e00000,0x0000004589f00000)]
  0x00000244e9ba3800 JavaThread "Common-Cleaner" daemon [_thread_blocked, id=16520, stack(0x0000004589f00000,0x000000458a000000)]
  0x00000244e9bc7800 JavaThread "Service Thread" daemon [_thread_blocked, id=16980, stack(0x000000458a000000,0x000000458a100000)]
  0x00000244ec129800 JavaThread "Daemon health stats" [_thread_blocked, id=11964, stack(0x000000458a500000,0x000000458a600000)]
  0x00000244eb97b800 JavaThread "Incoming local TCP Connector on port 57560" [_thread_in_native, id=1164, stack(0x000000458a600000,0x000000458a700000)]
  0x00000244ecd90000 JavaThread "Daemon periodic checks" [_thread_blocked, id=15716, stack(0x000000458a700000,0x000000458a800000)]
  0x00000244eba01000 JavaThread "Daemon" [_thread_blocked, id=11804, stack(0x000000458a800000,0x000000458a900000)]
  0x00000244ec134800 JavaThread "Handler for socket connection from /127.0.0.1:57560 to /127.0.0.1:57561" [_thread_in_native, id=14796, stack(0x000000458a900000,0x000000458aa00000)]
  0x00000244ec555800 JavaThread "C2 CompilerThread1" daemon [_thread_in_vm, id=18112, stack(0x000000458b300000,0x000000458b400000)]
  0x00000244eb36e000 JavaThread "Cancel handler" [_thread_blocked, id=14168, stack(0x000000458b400000,0x000000458b500000)]
  0x00000244eb36f000 JavaThread "Daemon worker" [_thread_in_vm, id=15804, stack(0x000000458b500000,0x000000458b600000)]
  0x00000244ebbd0000 JavaThread "Asynchronous log dispatcher for DefaultDaemonConnection: socket connection from /127.0.0.1:57560 to /127.0.0.1:57561" [_thread_blocked, id=18040, stack(0x000000458b600000,0x000000458b700000)]
  0x00000244ec67c800 JavaThread "Stdin handler" [_thread_blocked, id=16700, stack(0x000000458b700000,0x000000458b800000)]
  0x00000244ebd1f800 JavaThread "Thread-8" [_thread_blocked, id=1076, stack(0x000000458b800000,0x000000458b900000)]
  0x00000244ebcd1800 JavaThread "Cache worker for file hash cache (C:\Users\User\.gradle\caches\6.7.1\fileHashes)" [_thread_blocked, id=8700, stack(0x000000458b900000,0x000000458ba00000)]
  0x00000244ebcd0800 JavaThread "File lock request listener" [_thread_in_native, id=16572, stack(0x000000458ba00000,0x000000458bb00000)]
  0x00000244ebcd0000 JavaThread "Cache worker for journal cache (C:\Users\User\.gradle\caches\journal-1)" [_thread_blocked, id=8468, stack(0x000000458bc00000,0x000000458bd00000)]
  0x00000244ebccf000 JavaThread "Cache worker for file hash cache (C:\Users\User\AndroidStudioProjects\AtnachtaApp\.gradle\6.7.1\fileHashes)" [_thread_blocked, id=15212, stack(0x000000458bd00000,0x000000458be00000)]
  0x00000244ebcd3000 JavaThread "Cache worker for checksums cache (C:\Users\User\AndroidStudioProjects\AtnachtaApp\.gradle\checksums)" [_thread_blocked, id=12816, stack(0x000000458be00000,0x000000458bf00000)]
  0x00000244ebcd4000 JavaThread "Cache worker for cache directory md-supplier (C:\Users\User\.gradle\caches\6.7.1\md-supplier)" [_thread_blocked, id=8360, stack(0x000000458bf00000,0x000000458c000000)]
  0x00000244ebcd2800 JavaThread "Cache worker for cache directory md-rule (C:\Users\User\.gradle\caches\6.7.1\md-rule)" [_thread_blocked, id=9892, stack(0x000000458c000000,0x000000458c100000)]
  0x00000244ebcce800 JavaThread "Cache worker for execution history cache (C:\Users\User\.gradle\caches\6.7.1\executionHistory)" [_thread_blocked, id=1252, stack(0x000000458c100000,0x000000458c200000)]
  0x00000244ebcd5000 JavaThread "jar transforms" [_thread_blocked, id=16884, stack(0x000000458c200000,0x000000458c300000)]
  0x00000244ed696800 JavaThread "Cache worker for file content cache (C:\Users\User\.gradle\caches\6.7.1\fileContent)" [_thread_blocked, id=13520, stack(0x000000458c300000,0x000000458c400000)]
  0x00000244ed69b800 JavaThread "Cache worker for Build Output Cleanup Cache (C:\Users\User\AndroidStudioProjects\AtnachtaApp\.gradle\buildOutputCleanup)" [_thread_blocked, id=7716, stack(0x000000458c400000,0x000000458c500000)]
  0x00000244ed69a000 JavaThread "Build operations" [_thread_blocked, id=4864, stack(0x000000458c500000,0x000000458c600000)]
  0x00000244ed69a800 JavaThread "Build operations Thread 2" [_thread_blocked, id=13396, stack(0x000000458c600000,0x000000458c700000)]
  0x00000244ed69c800 JavaThread "Build operations Thread 3" [_thread_blocked, id=5480, stack(0x000000458c700000,0x000000458c800000)]
  0x00000244ed699000 JavaThread "Build operations Thread 4" [_thread_blocked, id=18028, stack(0x000000458c800000,0x000000458c900000)]
  0x00000244ed697800 JavaThread "Build operations Thread 5" [_thread_blocked, id=8388, stack(0x000000458c900000,0x000000458ca00000)]
  0x00000244ed6a2000 JavaThread "Build operations Thread 6" [_thread_blocked, id=2320, stack(0x000000458ca00000,0x000000458cb00000)]
  0x00000244ed69e000 JavaThread "Build operations Thread 7" [_thread_blocked, id=17908, stack(0x000000458cb00000,0x000000458cc00000)]
  0x00000244ed6a3000 JavaThread "Build operations Thread 8" [_thread_blocked, id=15300, stack(0x000000458cc00000,0x000000458cd00000)]
  0x00000244ed69d000 JavaThread "jar transforms Thread 2" [_thread_blocked, id=12836, stack(0x000000458cd00000,0x000000458ce00000)]
  0x00000244ed6a3800 JavaThread "jar transforms Thread 3" [_thread_blocked, id=3124, stack(0x000000458ce00000,0x000000458cf00000)]
  0x00000244ed6a0800 JavaThread "jar transforms Thread 4" [_thread_blocked, id=17788, stack(0x000000458cf00000,0x000000458d000000)]
  0x00000244ed6a1800 JavaThread "jar transforms Thread 5" [_thread_blocked, id=4060, stack(0x000000458d000000,0x000000458d100000)]
  0x00000244ed69f000 JavaThread "jar transforms Thread 6" [_thread_blocked, id=17564, stack(0x000000458d100000,0x000000458d200000)]
  0x00000244ed6a4800 JavaThread "jar transforms Thread 7" [_thread_blocked, id=14368, stack(0x000000458d200000,0x000000458d300000)]
  0x00000244ed6a5800 JavaThread "jar transforms Thread 8" [_thread_blocked, id=3520, stack(0x000000458d300000,0x000000458d400000)]
  0x00000244ed69f800 JavaThread "jar transforms Thread 9" [_thread_blocked, id=16972, stack(0x000000458d400000,0x000000458d500000)]
  0x00000244ed2ba000 JavaThread "jar transforms Thread 10" [_thread_blocked, id=10872, stack(0x000000458d500000,0x000000458d600000)]
  0x00000244ed2bb000 JavaThread "jar transforms Thread 11" [_thread_blocked, id=1476, stack(0x000000458d600000,0x000000458d700000)]
  0x00000244ed2bd000 JavaThread "jar transforms Thread 12" [_thread_blocked, id=16416, stack(0x000000458d700000,0x000000458d800000)]
  0x00000244ed2bb800 JavaThread "jar transforms Thread 13" [_thread_blocked, id=15320, stack(0x000000458d800000,0x000000458d900000)]
  0x00000244ed2be000 JavaThread "jar transforms Thread 14" [_thread_blocked, id=5096, stack(0x000000458d900000,0x000000458da00000)]
  0x00000244ed2b9000 JavaThread "jar transforms Thread 15" [_thread_blocked, id=8864, stack(0x000000458da00000,0x000000458db00000)]
  0x00000244ed2b8800 JavaThread "jar transforms Thread 16" [_thread_blocked, id=5028, stack(0x000000458db00000,0x000000458dc00000)]
  0x00000244ed2c1800 JavaThread "jar transforms Thread 17" [_thread_blocked, id=8476, stack(0x000000458dc00000,0x000000458dd00000)]
  0x00000244ed2bf800 JavaThread "jar transforms Thread 18" [_thread_blocked, id=15884, stack(0x000000458dd00000,0x000000458de00000)]
  0x00000244ed2c0800 JavaThread "jar transforms Thread 19" [_thread_blocked, id=5140, stack(0x000000458de00000,0x000000458df00000)]
  0x00000244ed2bc800 JavaThread "jar transforms Thread 20" [_thread_blocked, id=16232, stack(0x000000458df00000,0x000000458e000000)]
  0x00000244ed2c3000 JavaThread "jar transforms Thread 21" [_thread_blocked, id=16076, stack(0x000000458e000000,0x000000458e100000)]
  0x00000244ed2c2000 JavaThread "jar transforms Thread 22" [_thread_blocked, id=9792, stack(0x000000458e100000,0x000000458e200000)]
  0x00000244ed2c4000 JavaThread "jar transforms Thread 23" [_thread_blocked, id=18152, stack(0x000000458e200000,0x000000458e300000)]
  0x00000244ed2bf000 JavaThread "jar transforms Thread 24" [_thread_blocked, id=1588, stack(0x000000458e300000,0x000000458e400000)]
  0x00000244ed2c4800 JavaThread "jar transforms Thread 25" [_thread_blocked, id=15056, stack(0x000000458e400000,0x000000458e500000)]
  0x00000244ed2c5800 JavaThread "jar transforms Thread 26" [_thread_blocked, id=12988, stack(0x000000458e500000,0x000000458e600000)]
  0x00000244ed2c6000 JavaThread "jar transforms Thread 27" [_thread_blocked, id=14364, stack(0x000000458e600000,0x000000458e700000)]
  0x00000244ed2c7000 JavaThread "jar transforms Thread 28" [_thread_blocked, id=16348, stack(0x000000458e700000,0x000000458e800000)]
  0x00000244ec606000 JavaThread "jar transforms Thread 29" [_thread_blocked, id=16948, stack(0x000000458e800000,0x000000458e900000)]
  0x00000244ec600800 JavaThread "jar transforms Thread 30" [_thread_blocked, id=17036, stack(0x000000458e900000,0x000000458ea00000)]
  0x00000244ec602000 JavaThread "jar transforms Thread 31" [_thread_blocked, id=9352, stack(0x000000458ea00000,0x000000458eb00000)]
  0x00000244ec607000 JavaThread "jar transforms Thread 32" [_thread_blocked, id=14328, stack(0x000000458eb00000,0x000000458ec00000)]
  0x00000244ec603000 JavaThread "jar transforms Thread 33" [_thread_blocked, id=1464, stack(0x000000458ec00000,0x000000458ed00000)]
  0x00000244ec604800 JavaThread "jar transforms Thread 34" [_thread_blocked, id=15024, stack(0x000000458ed00000,0x000000458ee00000)]
  0x00000244ec604000 JavaThread "jar transforms Thread 35" [_thread_blocked, id=14272, stack(0x000000458ee00000,0x000000458ef00000)]
  0x00000244ec605800 JavaThread "jar transforms Thread 36" [_thread_blocked, id=2756, stack(0x000000458ef00000,0x000000458f000000)]
  0x00000244ec601800 JavaThread "jar transforms Thread 37" [_thread_blocked, id=5148, stack(0x000000458f000000,0x000000458f100000)]
  0x00000244ec609800 JavaThread "jar transforms Thread 38" [_thread_blocked, id=13076, stack(0x000000458f100000,0x000000458f200000)]
  0x00000244ec60a800 JavaThread "jar transforms Thread 39" [_thread_blocked, id=12956, stack(0x000000458f200000,0x000000458f300000)]
  0x00000244ec60b000 JavaThread "jar transforms Thread 40" [_thread_blocked, id=17400, stack(0x000000458f300000,0x000000458f400000)]
  0x00000244ec60c000 JavaThread "jar transforms Thread 41" [_thread_blocked, id=5712, stack(0x000000458f400000,0x000000458f500000)]
  0x00000244ec608000 JavaThread "jar transforms Thread 42" [_thread_blocked, id=11632, stack(0x000000458f500000,0x000000458f600000)]
  0x00000244ec60d000 JavaThread "jar transforms Thread 43" [_thread_blocked, id=6724, stack(0x000000458f600000,0x000000458f700000)]
  0x00000244ec608800 JavaThread "jar transforms Thread 44" [_thread_blocked, id=1500, stack(0x000000458f700000,0x000000458f800000)]
  0x00000244ec60d800 JavaThread "jar transforms Thread 45" [_thread_blocked, id=18048, stack(0x000000458f800000,0x000000458f900000)]
  0x00000244ec60f000 JavaThread "jar transforms Thread 46" [_thread_blocked, id=13780, stack(0x000000458f900000,0x000000458fa00000)]
  0x00000244ec60e800 JavaThread "jar transforms Thread 47" [_thread_blocked, id=11544, stack(0x000000458fa00000,0x000000458fb00000)]
  0x00000244ec155800 JavaThread "jar transforms Thread 48" [_thread_blocked, id=12380, stack(0x000000458fb00000,0x000000458fc00000)]
  0x00000244ec15b000 JavaThread "jar transforms Thread 49" [_thread_blocked, id=7768, stack(0x000000458fc00000,0x000000458fd00000)]
  0x00000244ec15c000 JavaThread "jar transforms Thread 50" [_thread_blocked, id=7596, stack(0x000000458fd00000,0x000000458fe00000)]
  0x00000244ec156000 JavaThread "jar transforms Thread 51" [_thread_blocked, id=9752, stack(0x000000458fe00000,0x000000458ff00000)]
  0x00000244ec158800 JavaThread "jar transforms Thread 52" [_thread_blocked, id=10592, stack(0x000000458ff00000,0x0000004590000000)]
  0x00000244ec157800 JavaThread "jar transforms Thread 53" [_thread_blocked, id=9340, stack(0x0000004590000000,0x0000004590100000)]
  0x00000244ec15a000 JavaThread "jar transforms Thread 54" [_thread_blocked, id=11456, stack(0x0000004590100000,0x0000004590200000)]
  0x00000244ec159800 JavaThread "jar transforms Thread 55" [_thread_blocked, id=13372, stack(0x0000004590200000,0x0000004590300000)]
  0x00000244ec15c800 JavaThread "jar transforms Thread 56" [_thread_blocked, id=18284, stack(0x0000004590300000,0x0000004590400000)]
  0x00000244ec157000 JavaThread "jar transforms Thread 57" [_thread_blocked, id=5516, stack(0x0000004590400000,0x0000004590500000)]
  0x00000244ec163000 JavaThread "jar transforms Thread 58" [_thread_blocked, id=14248, stack(0x0000004590500000,0x0000004590600000)]
  0x00000244ec160000 JavaThread "jar transforms Thread 59" [_thread_blocked, id=15964, stack(0x0000004590600000,0x0000004590700000)]
  0x00000244ec15f000 JavaThread "jar transforms Thread 60" [_thread_blocked, id=2972, stack(0x0000004590700000,0x0000004590800000)]
  0x00000244ec160800 JavaThread "jar transforms Thread 61" [_thread_blocked, id=5424, stack(0x0000004590800000,0x0000004590900000)]
  0x00000244ec161800 JavaThread "jar transforms Thread 62" [_thread_blocked, id=8132, stack(0x0000004590900000,0x0000004590a00000)]
  0x00000244ec162800 JavaThread "jar transforms Thread 63" [_thread_blocked, id=16844, stack(0x0000004590a00000,0x0000004590b00000)]
  0x00000244ec15d800 JavaThread "jar transforms Thread 64" [_thread_blocked, id=11144, stack(0x0000004590b00000,0x0000004590c00000)]
  0x00000244ec164000 JavaThread "jar transforms Thread 65" [_thread_blocked, id=7092, stack(0x0000004590c00000,0x0000004590d00000)]
  0x00000244ec15e800 JavaThread "jar transforms Thread 66" [_thread_blocked, id=17912, stack(0x0000004590d00000,0x0000004590e00000)]
  0x00000244ec489000 JavaThread "jar transforms Thread 67" [_thread_blocked, id=16452, stack(0x0000004590e00000,0x0000004590f00000)]
  0x00000244ec48d000 JavaThread "jar transforms Thread 68" [_thread_blocked, id=9520, stack(0x0000004590f00000,0x0000004591000000)]
  0x00000244ec488000 JavaThread "jar transforms Thread 69" [_thread_blocked, id=8616, stack(0x0000004591000000,0x0000004591100000)]
  0x00000244ec48e800 JavaThread "jar transforms Thread 70" [_thread_blocked, id=4652, stack(0x0000004591100000,0x0000004591200000)]
  0x00000244ec48f800 JavaThread "jar transforms Thread 71" [_thread_blocked, id=14404, stack(0x0000004591200000,0x0000004591300000)]
  0x00000244ec489800 JavaThread "jar transforms Thread 72" [_thread_blocked, id=7480, stack(0x0000004591300000,0x0000004591400000)]
  0x00000244ec48b800 JavaThread "jar transforms Thread 73" [_thread_blocked, id=5956, stack(0x0000004591400000,0x0000004591500000)]
  0x00000244ec48c000 JavaThread "jar transforms Thread 74" [_thread_blocked, id=15248, stack(0x0000004591500000,0x0000004591600000)]
  0x00000244ec48d800 JavaThread "jar transforms Thread 75" [_thread_blocked, id=4328, stack(0x0000004591600000,0x0000004591700000)]
  0x00000244ec490000 JavaThread "jar transforms Thread 76" [_thread_blocked, id=17688, stack(0x0000004591700000,0x0000004591800000)]
  0x00000244ec48a800 JavaThread "jar transforms Thread 77" [_thread_blocked, id=17464, stack(0x0000004591800000,0x0000004591900000)]
  0x00000244ec492000 JavaThread "jar transforms Thread 78" [_thread_blocked, id=18144, stack(0x0000004591900000,0x0000004591a00000)]
  0x00000244ec496000 JavaThread "jar transforms Thread 79" [_thread_blocked, id=17840, stack(0x0000004591a00000,0x0000004591b00000)]
  0x00000244ec491000 JavaThread "jar transforms Thread 80" [_thread_blocked, id=2836, stack(0x0000004591b00000,0x0000004591c00000)]
  0x00000244ec492800 JavaThread "jar transforms Thread 81" [_thread_blocked, id=15532, stack(0x0000004591c00000,0x0000004591d00000)]
  0x00000244ec493800 JavaThread "jar transforms Thread 82" [_thread_blocked, id=12080, stack(0x0000004591d00000,0x0000004591e00000)]
  0x00000244ec494800 JavaThread "jar transforms Thread 83" [_thread_blocked, id=14080, stack(0x0000004591e00000,0x0000004591f00000)]
  0x00000244ec495000 JavaThread "jar transforms Thread 84" [_thread_blocked, id=17592, stack(0x0000004591f00000,0x0000004592000000)]
  0x00000244ec496800 JavaThread "jar transforms Thread 85" [_thread_blocked, id=8072, stack(0x0000004592000000,0x0000004592100000)]
  0x00000244ea95b800 JavaThread "jar transforms Thread 86" [_thread_blocked, id=10664, stack(0x0000004592100000,0x0000004592200000)]
  0x00000244ea956800 JavaThread "jar transforms Thread 87" [_thread_blocked, id=17116, stack(0x0000004592200000,0x0000004592300000)]
  0x00000244ea95a000 JavaThread "jar transforms Thread 88" [_thread_blocked, id=10160, stack(0x0000004592300000,0x0000004592400000)]
  0x00000244ea95d800 JavaThread "jar transforms Thread 89" [_thread_blocked, id=17764, stack(0x0000004592400000,0x0000004592500000)]
  0x00000244ea95c800 JavaThread "jar transforms Thread 90" [_thread_blocked, id=5508, stack(0x0000004592500000,0x0000004592600000)]
  0x00000244ea959000 JavaThread "jar transforms Thread 91" [_thread_blocked, id=15260, stack(0x0000004592600000,0x0000004592700000)]
  0x00000244ea957800 JavaThread "jar transforms Thread 92" [_thread_blocked, id=10580, stack(0x0000004592700000,0x0000004592800000)]
  0x00000244ea958800 JavaThread "jar transforms Thread 93" [_thread_blocked, id=2548, stack(0x0000004592800000,0x0000004592900000)]
  0x00000244ea95e000 JavaThread "jar transforms Thread 94" [_thread_blocked, id=17188, stack(0x0000004592900000,0x0000004592a00000)]
  0x00000244ea95f000 JavaThread "jar transforms Thread 95" [_thread_blocked, id=11464, stack(0x0000004592a00000,0x0000004592b00000)]
  0x00000244ea95b000 JavaThread "jar transforms Thread 96" [_thread_blocked, id=14580, stack(0x0000004592b00000,0x0000004592c00000)]
  0x00000244ea95f800 JavaThread "jar transforms Thread 97" [_thread_blocked, id=16440, stack(0x0000004592c00000,0x0000004592d00000)]
  0x00000244ea960800 JavaThread "jar transforms Thread 98" [_thread_blocked, id=12328, stack(0x0000004592d00000,0x0000004592e00000)]
  0x00000244ea961800 JavaThread "jar transforms Thread 99" [_thread_blocked, id=15128, stack(0x0000004592e00000,0x0000004592f00000)]
  0x00000244ea962000 JavaThread "jar transforms Thread 100" [_thread_blocked, id=10200, stack(0x0000004592f00000,0x0000004593000000)]
  0x00000244ea964800 JavaThread "jar transforms Thread 101" [_thread_blocked, id=5888, stack(0x0000004593000000,0x0000004593100000)]
  0x00000244ea965800 JavaThread "jar transforms Thread 102" [_thread_blocked, id=17996, stack(0x0000004593100000,0x0000004593200000)]
  0x00000244ea963000 JavaThread "jar transforms Thread 103" [_thread_blocked, id=6876, stack(0x0000004593200000,0x0000004593300000)]
  0x00000244ea964000 JavaThread "jar transforms Thread 104" [_thread_blocked, id=15856, stack(0x0000004593300000,0x0000004593400000)]
  0x00000244eee8e800 JavaThread "jar transforms Thread 105" [_thread_blocked, id=17488, stack(0x0000004593400000,0x0000004593500000)]
  0x00000244eee8f800 JavaThread "jar transforms Thread 106" [_thread_blocked, id=14224, stack(0x0000004593500000,0x0000004593600000)]
  0x00000244eee90800 JavaThread "jar transforms Thread 107" [_thread_blocked, id=8220, stack(0x0000004593600000,0x0000004593700000)]
  0x00000244eee92000 JavaThread "jar transforms Thread 108" [_thread_blocked, id=2136, stack(0x0000004593700000,0x0000004593800000)]
  0x00000244eee91000 JavaThread "jar transforms Thread 109" [_thread_blocked, id=2516, stack(0x0000004593800000,0x0000004593900000)]
  0x00000244eee8d000 JavaThread "jar transforms Thread 110" [_thread_blocked, id=10112, stack(0x0000004593900000,0x0000004593a00000)]
  0x00000244eee8e000 JavaThread "jar transforms Thread 111" [_thread_blocked, id=17288, stack(0x0000004593a00000,0x0000004593b00000)]
  0x00000244eee8c800 JavaThread "jar transforms Thread 112" [_thread_blocked, id=296, stack(0x0000004593b00000,0x0000004593c00000)]
  0x00000244eee97800 JavaThread "jar transforms Thread 113" [_thread_blocked, id=6908, stack(0x0000004593c00000,0x0000004593d00000)]
  0x00000244eee98800 JavaThread "jar transforms Thread 114" [_thread_blocked, id=16404, stack(0x0000004593d00000,0x0000004593e00000)]
  0x00000244eee93000 JavaThread "jar transforms Thread 115" [_thread_blocked, id=12864, stack(0x0000004593e00000,0x0000004593f00000)]
  0x00000244eee95800 JavaThread "jar transforms Thread 116" [_thread_blocked, id=14512, stack(0x0000004593f00000,0x0000004594000000)]
  0x00000244eee94800 JavaThread "jar transforms Thread 117" [_thread_blocked, id=9052, stack(0x0000004594000000,0x0000004594100000)]
  0x00000244eee99800 JavaThread "jar transforms Thread 118" [_thread_blocked, id=6296, stack(0x0000004594100000,0x0000004594200000)]
  0x00000244eee93800 JavaThread "jar transforms Thread 119" [_thread_blocked, id=432, stack(0x0000004594200000,0x0000004594300000)]
  0x00000244eee9a000 JavaThread "jar transforms Thread 120" [_thread_blocked, id=17160, stack(0x0000004594300000,0x0000004594400000)]
  0x00000244eee9b000 JavaThread "jar transforms Thread 121" [_thread_blocked, id=14812, stack(0x0000004594400000,0x0000004594500000)]
  0x00000244eee96000 JavaThread "jar transforms Thread 122" [_thread_blocked, id=18176, stack(0x0000004594500000,0x0000004594600000)]
  0x00000244eee97000 JavaThread "jar transforms Thread 123" [_thread_blocked, id=3748, stack(0x0000004594600000,0x0000004594700000)]
  0x00000244ef1e3000 JavaThread "jar transforms Thread 124" [_thread_blocked, id=2944, stack(0x0000004594700000,0x0000004594800000)]
  0x00000244ef1e4000 JavaThread "jar transforms Thread 125" [_thread_blocked, id=1964, stack(0x0000004594800000,0x0000004594900000)]
  0x00000244ef1e2800 JavaThread "Memory manager" [_thread_blocked, id=3092, stack(0x0000004594900000,0x0000004594a00000)]

Other Threads:
  0x00000244e91ca800 VMThread "VM Thread" [stack: 0x0000004589700000,0x0000004589800000] [id=16196]
  0x00000244e9bc8800 WatcherThread [stack: 0x000000458a100000,0x000000458a200000] [id=12060]
  0x00000244ceee1000 GCTaskThread "GC Thread#0" [stack: 0x0000004589200000,0x0000004589300000] [id=10156]
  0x00000244ea7d1000 GCTaskThread "GC Thread#1" [stack: 0x000000458a300000,0x000000458a400000] [id=16484]
  0x00000244ebae7800 GCTaskThread "GC Thread#2" [stack: 0x000000458aa00000,0x000000458ab00000] [id=17272]
  0x00000244ebf9c800 GCTaskThread "GC Thread#3" [stack: 0x000000458ab00000,0x000000458ac00000] [id=15816]
  0x00000244ec2d8000 GCTaskThread "GC Thread#4" [stack: 0x000000458ac00000,0x000000458ad00000] [id=16024]
  0x00000244ec2d9000 GCTaskThread "GC Thread#5" [stack: 0x000000458ad00000,0x000000458ae00000] [id=3572]
  0x00000244ebebf800 GCTaskThread "GC Thread#6" [stack: 0x000000458ae00000,0x000000458af00000] [id=6948]
  0x00000244ebec0000 GCTaskThread "GC Thread#7" [stack: 0x000000458af00000,0x000000458b000000] [id=17336]
  0x00000244cef13000 ConcurrentGCThread "G1 Main Marker" [stack: 0x0000004589300000,0x0000004589400000] [id=6708]
  0x00000244cef15000 ConcurrentGCThread "G1 Conc#0" [stack: 0x0000004589400000,0x0000004589500000] [id=6368]
  0x00000244ead0c000 ConcurrentGCThread "G1 Conc#1" [stack: 0x000000458bb00000,0x000000458bc00000] [id=17180]
  0x00000244e9017800 ConcurrentGCThread "G1 Refine#0" [stack: 0x0000004589500000,0x0000004589600000] [id=12252]
  0x00000244ec675800 ConcurrentGCThread "G1 Refine#1" [stack: 0x000000458b000000,0x000000458b100000] [id=13420]
  0x00000244ec676800 ConcurrentGCThread "G1 Refine#2" [stack: 0x000000458b100000,0x000000458b200000] [id=8088]
  0x00000244ec672000 ConcurrentGCThread "G1 Refine#3" [stack: 0x000000458b200000,0x000000458b300000] [id=10928]
  0x00000244e9018000 ConcurrentGCThread "G1 Young RemSet Sampling" [stack: 0x0000004589600000,0x0000004589700000] [id=15196]

Threads with active compile tasks:
C2 CompilerThread0  10043 6181 %     4       org.gradle.internal.instantiation.generator.AbstractClassGenerator::inspectType @ 207 (560 bytes)
C2 CompilerThread1  10043 6464       4       sun.reflect.generics.parser.SignatureParser::parsePackageNameAndSimpleClassTypeSignature (119 bytes)

VM state:not at safepoint (normal execution)

VM Mutex/Monitor currently owned by a thread: None

Heap address: 0x0000000080000000, size: 2048 MB, Compressed Oops mode: 32-bit
Narrow klass base: 0x0000000000000000, Narrow klass shift: 3
Compressed class space size: 1073741824 Address: 0x0000000100000000

Heap:
 garbage-first heap   total 143360K, used 58958K [0x0000000080000000, 0x0000000100000000)
  region size 1024K, 9 young (9216K), 8 survivors (8192K)
 Metaspace       used 69891K, capacity 71512K, committed 71628K, reserved 1112064K
  class space    used 9079K, capacity 9662K, committed 9728K, reserved 1048576K
Heap Regions: E=young(eden), S=young(survivor), O=old, HS=humongous(starts), HC=humongous(continues), CS=collection set, F=free, A=archive, TAMS=top-at-mark-start (previous, next)
|   0|0x0000000080000000, 0x0000000080100000, 0x0000000080100000|100%| O|  |TAMS 0x0000000080100000, 0x0000000080000000| Untracked 
|   1|0x0000000080100000, 0x0000000080200000, 0x0000000080200000|100%| O|  |TAMS 0x0000000080200000, 0x0000000080100000| Untracked 
|   2|0x0000000080200000, 0x0000000080300000, 0x0000000080300000|100%| O|  |TAMS 0x0000000080300000, 0x0000000080200000| Untracked 
|   3|0x0000000080300000, 0x0000000080400000, 0x0000000080400000|100%|HS|  |TAMS 0x0000000080400000, 0x0000000080300000| Complete 
|   4|0x0000000080400000, 0x0000000080500000, 0x0000000080500000|100%|HC|  |TAMS 0x0000000080500000, 0x0000000080400000| Complete 
|   5|0x0000000080500000, 0x0000000080600000, 0x0000000080600000|100%|HC|  |TAMS 0x0000000080600000, 0x0000000080500000| Complete 
|   6|0x0000000080600000, 0x0000000080700000, 0x0000000080700000|100%| O|  |TAMS 0x0000000080700000, 0x0000000080600000| Untracked 
|   7|0x0000000080700000, 0x0000000080800000, 0x0000000080800000|100%| O|  |TAMS 0x0000000080800000, 0x0000000080700000| Untracked 
|   8|0x0000000080800000, 0x0000000080900000, 0x0000000080900000|100%| O|  |TAMS 0x0000000080900000, 0x0000000080800000| Untracked 
|   9|0x0000000080900000, 0x0000000080a00000, 0x0000000080a00000|100%| O|  |TAMS 0x0000000080a00000, 0x0000000080900000| Untracked 
|  10|0x0000000080a00000, 0x0000000080b00000, 0x0000000080b00000|100%| O|  |TAMS 0x0000000080b00000, 0x0000000080a00000| Untracked 
|  11|0x0000000080b00000, 0x0000000080c00000, 0x0000000080c00000|100%| O|  |TAMS 0x0000000080c00000, 0x0000000080b00000| Untracked 
|  12|0x0000000080c00000, 0x0000000080d00000, 0x0000000080d00000|100%| O|  |TAMS 0x0000000080d00000, 0x0000000080c00000| Untracked 
|  13|0x0000000080d00000, 0x0000000080e00000, 0x0000000080e00000|100%| O|  |TAMS 0x0000000080e00000, 0x0000000080d00000| Untracked 
|  14|0x0000000080e00000, 0x0000000080f00000, 0x0000000080f00000|100%| O|  |TAMS 0x0000000080f00000, 0x0000000080e00000| Untracked 
|  15|0x0000000080f00000, 0x0000000081000000, 0x0000000081000000|100%| O|  |TAMS 0x0000000081000000, 0x0000000080f00000| Untracked 
|  16|0x0000000081000000, 0x0000000081100000, 0x0000000081100000|100%| O|  |TAMS 0x0000000081100000, 0x0000000081000000| Untracked 
|  17|0x0000000081100000, 0x0000000081200000, 0x0000000081200000|100%| O|  |TAMS 0x0000000081200000, 0x0000000081100000| Untracked 
|  18|0x0000000081200000, 0x0000000081300000, 0x0000000081300000|100%| O|  |TAMS 0x0000000081300000, 0x0000000081200000| Untracked 
|  19|0x0000000081300000, 0x0000000081400000, 0x0000000081400000|100%| O|  |TAMS 0x0000000081400000, 0x0000000081300000| Untracked 
|  20|0x0000000081400000, 0x0000000081500000, 0x0000000081500000|100%| O|  |TAMS 0x0000000081500000, 0x0000000081400000| Untracked 
|  21|0x0000000081500000, 0x0000000081600000, 0x0000000081600000|100%| O|  |TAMS 0x0000000081600000, 0x0000000081500000| Untracked 
|  22|0x0000000081600000, 0x0000000081700000, 0x0000000081700000|100%| O|  |TAMS 0x0000000081700000, 0x0000000081600000| Untracked 
|  23|0x0000000081700000, 0x0000000081800000, 0x0000000081800000|100%| O|  |TAMS 0x0000000081800000, 0x0000000081700000| Untracked 
|  24|0x0000000081800000, 0x0000000081900000, 0x0000000081900000|100%|HS|  |TAMS 0x0000000081900000, 0x0000000081800000| Complete 
|  25|0x0000000081900000, 0x0000000081a00000, 0x0000000081a00000|100%|HS|  |TAMS 0x0000000081a00000, 0x0000000081900000| Complete 
|  26|0x0000000081a00000, 0x0000000081b00000, 0x0000000081b00000|100%|HC|  |TAMS 0x0000000081b00000, 0x0000000081a00000| Complete 
|  27|0x0000000081b00000, 0x0000000081c00000, 0x0000000081c00000|100%|HC|  |TAMS 0x0000000081c00000, 0x0000000081b00000| Complete 
|  28|0x0000000081c00000, 0x0000000081d00000, 0x0000000081d00000|100%|HS|  |TAMS 0x0000000081d00000, 0x0000000081c00000| Complete 
|  29|0x0000000081d00000, 0x0000000081e00000, 0x0000000081e00000|100%|HC|  |TAMS 0x0000000081e00000, 0x0000000081d00000| Complete 
|  30|0x0000000081e00000, 0x0000000081f00000, 0x0000000081f00000|100%| O|  |TAMS 0x0000000081f00000, 0x0000000081e00000| Untracked 
|  31|0x0000000081f00000, 0x0000000082000000, 0x0000000082000000|100%| O|  |TAMS 0x0000000082000000, 0x0000000081f00000| Untracked 
|  32|0x0000000082000000, 0x0000000082100000, 0x0000000082100000|100%| O|  |TAMS 0x0000000082100000, 0x0000000082000000| Untracked 
|  33|0x0000000082100000, 0x0000000082200000, 0x0000000082200000|100%| O|  |TAMS 0x0000000082200000, 0x0000000082100000| Untracked 
|  34|0x0000000082200000, 0x0000000082300000, 0x0000000082300000|100%| O|  |TAMS 0x0000000082300000, 0x0000000082200000| Untracked 
|  35|0x0000000082300000, 0x0000000082400000, 0x0000000082400000|100%| O|  |TAMS 0x0000000082400000, 0x0000000082300000| Untracked 
|  36|0x0000000082400000, 0x0000000082500000, 0x0000000082500000|100%| O|  |TAMS 0x0000000082500000, 0x0000000082400000| Untracked 
|  37|0x0000000082500000, 0x0000000082600000, 0x0000000082600000|100%| O|  |TAMS 0x0000000082600000, 0x0000000082500000| Untracked 
|  38|0x0000000082600000, 0x0000000082700000, 0x0000000082700000|100%| O|  |TAMS 0x0000000082700000, 0x0000000082600000| Untracked 
|  39|0x0000000082700000, 0x0000000082800000, 0x0000000082800000|100%| O|  |TAMS 0x0000000082800000, 0x0000000082700000| Untracked 
|  40|0x0000000082800000, 0x0000000082900000, 0x0000000082900000|100%| O|  |TAMS 0x0000000082900000, 0x0000000082800000| Untracked 
|  41|0x0000000082900000, 0x0000000082a00000, 0x0000000082a00000|100%| O|  |TAMS 0x0000000082a00000, 0x0000000082900000| Untracked 
|  42|0x0000000082a00000, 0x0000000082b00000, 0x0000000082b00000|100%| O|  |TAMS 0x0000000082a30400, 0x0000000082a00000| Untracked 
|  43|0x0000000082b00000, 0x0000000082c00000, 0x0000000082c00000|100%| O|  |TAMS 0x0000000082b00000, 0x0000000082b00000| Untracked 
|  44|0x0000000082c00000, 0x0000000082d00000, 0x0000000082d00000|100%| O|  |TAMS 0x0000000082c00000, 0x0000000082c00000| Untracked 
|  45|0x0000000082d00000, 0x0000000082e00000, 0x0000000082e00000|100%| O|  |TAMS 0x0000000082d00000, 0x0000000082d00000| Untracked 
|  46|0x0000000082e00000, 0x0000000082f00000, 0x0000000082f00000|100%| O|  |TAMS 0x0000000082e00000, 0x0000000082e00000| Untracked 
|  47|0x0000000082f00000, 0x0000000083000000, 0x0000000083000000|100%| O|  |TAMS 0x0000000082f00000, 0x0000000082f00000| Untracked 
|  48|0x0000000083000000, 0x0000000083100000, 0x0000000083100000|100%| O|  |TAMS 0x0000000083000000, 0x0000000083000000| Untracked 
|  49|0x0000000083100000, 0x0000000083197a00, 0x0000000083200000| 59%| O|  |TAMS 0x0000000083100000, 0x0000000083100000| Untracked 
|  50|0x0000000083200000, 0x0000000083200000, 0x0000000083300000|  0%| F|  |TAMS 0x0000000083200000, 0x0000000083200000| Untracked 
|  51|0x0000000083300000, 0x0000000083300000, 0x0000000083400000|  0%| F|  |TAMS 0x0000000083300000, 0x0000000083300000| Untracked 
|  52|0x0000000083400000, 0x0000000083400000, 0x0000000083500000|  0%| F|  |TAMS 0x0000000083400000, 0x0000000083400000| Untracked 
|  53|0x0000000083500000, 0x0000000083500000, 0x0000000083600000|  0%| F|  |TAMS 0x0000000083500000, 0x0000000083500000| Untracked 
|  54|0x0000000083600000, 0x0000000083600000, 0x0000000083700000|  0%| F|  |TAMS 0x0000000083600000, 0x0000000083600000| Untracked 
|  55|0x0000000083700000, 0x0000000083700000, 0x0000000083800000|  0%| F|  |TAMS 0x0000000083700000, 0x0000000083700000| Untracked 
|  56|0x0000000083800000, 0x0000000083800000, 0x0000000083900000|  0%| F|  |TAMS 0x0000000083800000, 0x0000000083800000| Untracked 
|  57|0x0000000083900000, 0x0000000083900000, 0x0000000083a00000|  0%| F|  |TAMS 0x0000000083900000, 0x0000000083900000| Untracked 
|  58|0x0000000083a00000, 0x0000000083a00000, 0x0000000083b00000|  0%| F|  |TAMS 0x0000000083a00000, 0x0000000083a00000| Untracked 
|  59|0x0000000083b00000, 0x0000000083b00000, 0x0000000083c00000|  0%| F|  |TAMS 0x0000000083b00000, 0x0000000083b00000| Untracked 
|  60|0x0000000083c00000, 0x0000000083c00000, 0x0000000083d00000|  0%| F|  |TAMS 0x0000000083c00000, 0x0000000083c00000| Untracked 
|  61|0x0000000083d00000, 0x0000000083d00000, 0x0000000083e00000|  0%| F|  |TAMS 0x0000000083d00000, 0x0000000083d00000| Untracked 
|  62|0x0000000083e00000, 0x0000000083e00000, 0x0000000083f00000|  0%| F|  |TAMS 0x0000000083e00000, 0x0000000083e00000| Untracked 
|  63|0x0000000083f00000, 0x0000000083f00000, 0x0000000084000000|  0%| F|  |TAMS 0x0000000083f00000, 0x0000000083f00000| Untracked 
|  64|0x0000000084000000, 0x0000000084000000, 0x0000000084100000|  0%| F|  |TAMS 0x0000000084000000, 0x0000000084000000| Untracked 
|  65|0x0000000084100000, 0x0000000084100000, 0x0000000084200000|  0%| F|  |TAMS 0x0000000084100000, 0x0000000084100000| Untracked 
|  66|0x0000000084200000, 0x0000000084200000, 0x0000000084300000|  0%| F|  |TAMS 0x0000000084200000, 0x0000000084200000| Untracked 
|  67|0x0000000084300000, 0x0000000084300000, 0x0000000084400000|  0%| F|  |TAMS 0x0000000084300000, 0x0000000084300000| Untracked 
|  68|0x0000000084400000, 0x0000000084400000, 0x0000000084500000|  0%| F|  |TAMS 0x0000000084400000, 0x0000000084400000| Untracked 
|  69|0x0000000084500000, 0x0000000084500000, 0x0000000084600000|  0%| F|  |TAMS 0x0000000084500000, 0x0000000084500000| Untracked 
|  70|0x0000000084600000, 0x0000000084600000, 0x0000000084700000|  0%| F|  |TAMS 0x0000000084600000, 0x0000000084600000| Untracked 
|  71|0x0000000084700000, 0x0000000084700000, 0x0000000084800000|  0%| F|  |TAMS 0x0000000084700000, 0x0000000084700000| Untracked 
|  72|0x0000000084800000, 0x0000000084800000, 0x0000000084900000|  0%| F|  |TAMS 0x0000000084800000, 0x0000000084800000| Untracked 
|  73|0x0000000084900000, 0x00000000849fc038, 0x0000000084a00000| 98%| S|CS|TAMS 0x0000000084900000, 0x0000000084900000| Complete 
|  74|0x0000000084a00000, 0x0000000084b00000, 0x0000000084b00000|100%| S|CS|TAMS 0x0000000084a00000, 0x0000000084a00000| Complete 
|  75|0x0000000084b00000, 0x0000000084c00000, 0x0000000084c00000|100%| S|CS|TAMS 0x0000000084b00000, 0x0000000084b00000| Complete 
|  76|0x0000000084c00000, 0x0000000084d00000, 0x0000000084d00000|100%| S|CS|TAMS 0x0000000084c00000, 0x0000000084c00000| Complete 
|  77|0x0000000084d00000, 0x0000000084e00000, 0x0000000084e00000|100%| S|CS|TAMS 0x0000000084d00000, 0x0000000084d00000| Complete 
|  78|0x0000000084e00000, 0x0000000084f00000, 0x0000000084f00000|100%| S|CS|TAMS 0x0000000084e00000, 0x0000000084e00000| Complete 
|  79|0x0000000084f00000, 0x0000000085000000, 0x0000000085000000|100%| S|CS|TAMS 0x0000000084f00000, 0x0000000084f00000| Complete 
|  80|0x0000000085000000, 0x0000000085000000, 0x0000000085100000|  0%| F|  |TAMS 0x0000000085000000, 0x0000000085000000| Untracked 
|  81|0x0000000085100000, 0x0000000085100000, 0x0000000085200000|  0%| F|  |TAMS 0x0000000085100000, 0x0000000085100000| Untracked 
|  82|0x0000000085200000, 0x0000000085200000, 0x0000000085300000|  0%| F|  |TAMS 0x0000000085200000, 0x0000000085200000| Untracked 
|  83|0x0000000085300000, 0x0000000085300000, 0x0000000085400000|  0%| F|  |TAMS 0x0000000085300000, 0x0000000085300000| Untracked 
|  84|0x0000000085400000, 0x0000000085400000, 0x0000000085500000|  0%| F|  |TAMS 0x0000000085400000, 0x0000000085400000| Untracked 
|  85|0x0000000085500000, 0x0000000085500000, 0x0000000085600000|  0%| F|  |TAMS 0x0000000085500000, 0x0000000085500000| Untracked 
|  86|0x0000000085600000, 0x0000000085600000, 0x0000000085700000|  0%| F|  |TAMS 0x0000000085600000, 0x0000000085600000| Untracked 
|  87|0x0000000085700000, 0x0000000085800000, 0x0000000085800000|100%| S|CS|TAMS 0x0000000085700000, 0x0000000085700000| Complete 
|  88|0x0000000085800000, 0x0000000085800000, 0x0000000085900000|  0%| F|  |TAMS 0x0000000085800000, 0x0000000085800000| Untracked 
|  89|0x0000000085900000, 0x0000000085900000, 0x0000000085a00000|  0%| F|  |TAMS 0x0000000085900000, 0x0000000085900000| Untracked 
|  90|0x0000000085a00000, 0x0000000085a00000, 0x0000000085b00000|  0%| F|  |TAMS 0x0000000085a00000, 0x0000000085a00000| Untracked 
|  91|0x0000000085b00000, 0x0000000085b00000, 0x0000000085c00000|  0%| F|  |TAMS 0x0000000085b00000, 0x0000000085b00000| Untracked 
|  92|0x0000000085c00000, 0x0000000085c00000, 0x0000000085d00000|  0%| F|  |TAMS 0x0000000085c00000, 0x0000000085c00000| Untracked 
|  93|0x0000000085d00000, 0x0000000085d00000, 0x0000000085e00000|  0%| F|  |TAMS 0x0000000085d00000, 0x0000000085d00000| Untracked 
|  94|0x0000000085e00000, 0x0000000085e00000, 0x0000000085f00000|  0%| F|  |TAMS 0x0000000085e00000, 0x0000000085e00000| Untracked 
|  95|0x0000000085f00000, 0x0000000085f00000, 0x0000000086000000|  0%| F|  |TAMS 0x0000000085f00000, 0x0000000085f00000| Untracked 
|  96|0x0000000086000000, 0x0000000086000000, 0x0000000086100000|  0%| F|  |TAMS 0x0000000086000000, 0x0000000086000000| Untracked 
|  97|0x0000000086100000, 0x0000000086100000, 0x0000000086200000|  0%| F|  |TAMS 0x0000000086100000, 0x0000000086100000| Untracked 
|  98|0x0000000086200000, 0x0000000086200000, 0x0000000086300000|  0%| F|  |TAMS 0x0000000086200000, 0x0000000086200000| Untracked 
|  99|0x0000000086300000, 0x0000000086300000, 0x0000000086400000|  0%| F|  |TAMS 0x0000000086300000, 0x0000000086300000| Untracked 
| 100|0x0000000086400000, 0x0000000086400000, 0x0000000086500000|  0%| F|  |TAMS 0x0000000086400000, 0x0000000086400000| Untracked 
| 101|0x0000000086500000, 0x0000000086500000, 0x0000000086600000|  0%| F|  |TAMS 0x0000000086500000, 0x0000000086500000| Untracked 
| 102|0x0000000086600000, 0x0000000086600000, 0x0000000086700000|  0%| F|  |TAMS 0x0000000086600000, 0x0000000086600000| Untracked 
| 103|0x0000000086700000, 0x0000000086700000, 0x0000000086800000|  0%| F|  |TAMS 0x0000000086700000, 0x0000000086700000| Untracked 
| 104|0x0000000086800000, 0x0000000086800000, 0x0000000086900000|  0%| F|  |TAMS 0x0000000086800000, 0x0000000086800000| Untracked 
| 105|0x0000000086900000, 0x0000000086900000, 0x0000000086a00000|  0%| F|  |TAMS 0x0000000086900000, 0x0000000086900000| Untracked 
| 106|0x0000000086a00000, 0x0000000086a00000, 0x0000000086b00000|  0%| F|  |TAMS 0x0000000086a00000, 0x0000000086a00000| Untracked 
| 107|0x0000000086b00000, 0x0000000086b00000, 0x0000000086c00000|  0%| F|  |TAMS 0x0000000086b00000, 0x0000000086b00000| Untracked 
| 108|0x0000000086c00000, 0x0000000086c00000, 0x0000000086d00000|  0%| F|  |TAMS 0x0000000086c00000, 0x0000000086c00000| Untracked 
| 109|0x0000000086d00000, 0x0000000086d00000, 0x0000000086e00000|  0%| F|  |TAMS 0x0000000086d00000, 0x0000000086d00000| Untracked 
| 110|0x0000000086e00000, 0x0000000086e00000, 0x0000000086f00000|  0%| F|  |TAMS 0x0000000086e00000, 0x0000000086e00000| Untracked 
| 111|0x0000000086f00000, 0x0000000086f00000, 0x0000000087000000|  0%| F|  |TAMS 0x0000000086f00000, 0x0000000086f00000| Untracked 
| 112|0x0000000087000000, 0x0000000087000000, 0x0000000087100000|  0%| F|  |TAMS 0x0000000087000000, 0x0000000087000000| Untracked 
| 113|0x0000000087100000, 0x0000000087100000, 0x0000000087200000|  0%| F|  |TAMS 0x0000000087100000, 0x0000000087100000| Untracked 
| 114|0x0000000087200000, 0x0000000087200000, 0x0000000087300000|  0%| F|  |TAMS 0x0000000087200000, 0x0000000087200000| Untracked 
| 115|0x0000000087300000, 0x0000000087300000, 0x0000000087400000|  0%| F|  |TAMS 0x0000000087300000, 0x0000000087300000| Untracked 
| 116|0x0000000087400000, 0x0000000087400000, 0x0000000087500000|  0%| F|  |TAMS 0x0000000087400000, 0x0000000087400000| Untracked 
| 117|0x0000000087500000, 0x0000000087500000, 0x0000000087600000|  0%| F|  |TAMS 0x0000000087500000, 0x0000000087500000| Untracked 
| 118|0x0000000087600000, 0x0000000087600000, 0x0000000087700000|  0%| F|  |TAMS 0x0000000087600000, 0x0000000087600000| Untracked 
| 119|0x0000000087700000, 0x0000000087700000, 0x0000000087800000|  0%| F|  |TAMS 0x0000000087700000, 0x0000000087700000| Untracked 
| 120|0x0000000087800000, 0x0000000087800000, 0x0000000087900000|  0%| F|  |TAMS 0x0000000087800000, 0x0000000087800000| Untracked 
| 121|0x0000000087900000, 0x0000000087900000, 0x0000000087a00000|  0%| F|  |TAMS 0x0000000087900000, 0x0000000087900000| Untracked 
| 122|0x0000000087a00000, 0x0000000087a00000, 0x0000000087b00000|  0%| F|  |TAMS 0x0000000087a00000, 0x0000000087a00000| Untracked 
| 123|0x0000000087b00000, 0x0000000087b00000, 0x0000000087c00000|  0%| F|  |TAMS 0x0000000087b00000, 0x0000000087b00000| Untracked 
| 124|0x0000000087c00000, 0x0000000087c00000, 0x0000000087d00000|  0%| F|  |TAMS 0x0000000087c00000, 0x0000000087c00000| Untracked 
| 125|0x0000000087d00000, 0x0000000087d00000, 0x0000000087e00000|  0%| F|  |TAMS 0x0000000087d00000, 0x0000000087d00000| Untracked 
| 126|0x0000000087e00000, 0x0000000087e00000, 0x0000000087f00000|  0%| F|  |TAMS 0x0000000087e00000, 0x0000000087e00000| Untracked 
| 127|0x0000000087f00000, 0x0000000087f00000, 0x0000000088000000|  0%| F|  |TAMS 0x0000000087f00000, 0x0000000087f00000| Untracked 
| 128|0x0000000088000000, 0x0000000088000000, 0x0000000088100000|  0%| F|  |TAMS 0x0000000088000000, 0x0000000088000000| Untracked 
| 129|0x0000000088100000, 0x0000000088100000, 0x0000000088200000|  0%| F|  |TAMS 0x0000000088100000, 0x0000000088100000| Untracked 
| 130|0x0000000088200000, 0x0000000088200000, 0x0000000088300000|  0%| F|  |TAMS 0x0000000088200000, 0x0000000088200000| Untracked 
| 131|0x0000000088300000, 0x0000000088300000, 0x0000000088400000|  0%| F|  |TAMS 0x0000000088300000, 0x0000000088300000| Untracked 
| 132|0x0000000088400000, 0x0000000088400000, 0x0000000088500000|  0%| F|  |TAMS 0x0000000088400000, 0x0000000088400000| Untracked 
| 133|0x0000000088500000, 0x0000000088500000, 0x0000000088600000|  0%| F|  |TAMS 0x0000000088500000, 0x0000000088500000| Untracked 
| 134|0x0000000088600000, 0x0000000088600000, 0x0000000088700000|  0%| F|  |TAMS 0x0000000088600000, 0x0000000088600000| Untracked 
| 135|0x0000000088700000, 0x0000000088700000, 0x0000000088800000|  0%| F|  |TAMS 0x0000000088700000, 0x0000000088700000| Untracked 
| 136|0x0000000088800000, 0x0000000088800000, 0x0000000088900000|  0%| F|  |TAMS 0x0000000088800000, 0x0000000088800000| Untracked 
| 137|0x0000000088900000, 0x0000000088900000, 0x0000000088a00000|  0%| F|  |TAMS 0x0000000088900000, 0x0000000088900000| Untracked 
| 138|0x0000000088a00000, 0x0000000088a00000, 0x0000000088b00000|  0%| F|  |TAMS 0x0000000088a00000, 0x0000000088a00000| Untracked 
| 139|0x0000000088b00000, 0x0000000088b81260, 0x0000000088c00000| 50%| E|  |TAMS 0x0000000088b00000, 0x0000000088b00000| Complete 

Card table byte_map: [0x00000244e1f70000,0x00000244e2370000] _byte_map_base: 0x00000244e1b70000

Marking Bits (Prev, Next): (CMBitMap*) 0x00000244cef08f20, (CMBitMap*) 0x00000244cef08ee8
 Prev Bits: [0x00000244e4770000, 0x00000244e6770000)
 Next Bits: [0x00000244e2770000, 0x00000244e4770000)

Polling page: 0x00000244cce70000

Metaspace:

Usage:
  Non-class:     60.53 MB capacity,    59.52 MB ( 98%) used,   877.22 KB (  1%) free+waste,   154.56 KB ( <1%) overhead. 
      Class:      9.44 MB capacity,     8.88 MB ( 94%) used,   496.48 KB (  5%) free+waste,    72.63 KB ( <1%) overhead. 
       Both:     69.96 MB capacity,    68.40 MB ( 98%) used,     1.34 MB (  2%) free+waste,   227.19 KB ( <1%) overhead. 

Virtual space:
  Non-class space:       62.00 MB reserved,      60.70 MB ( 98%) committed 
      Class space:        1.00 GB reserved,       9.50 MB ( <1%) committed 
             Both:        1.06 GB reserved,      70.20 MB (  6%) committed 

Chunk freelists:
   Non-Class:  50.00 KB
       Class:  2.00 KB
        Both:  52.00 KB

MaxMetaspaceSize: 17179869184.00 GB
CompressedClassSpaceSize: 1.00 GB

CodeHeap 'non-profiled nmethods': size=120000Kb used=3704Kb max_used=3704Kb free=116295Kb
 bounds [0x00000244da310000, 0x00000244da6b0000, 0x00000244e1840000]
CodeHeap 'profiled nmethods': size=120000Kb used=13381Kb max_used=13381Kb free=106618Kb
 bounds [0x00000244d2de0000, 0x00000244d3b00000, 0x00000244da310000]
CodeHeap 'non-nmethods': size=5760Kb used=2242Kb max_used=2284Kb free=3517Kb
 bounds [0x00000244d2840000, 0x00000244d2ab0000, 0x00000244d2de0000]
 total_blobs=7026 nmethods=6200 adapters=736
 compilation: enabled
              stopped_count=0, restarted_count=0
 full_count=0

Compilation events (20 events):
Event: 9.963 Thread 0x00000244e91e5800 6463       3       org.gradle.internal.reflect.MutableClassDetails::<init> (65 bytes)
Event: 9.964 Thread 0x00000244e91e5800 nmethod 6463 0x00000244d3aec190 code [0x00000244d3aec480, 0x00000244d3aed588]
Event: 9.978 Thread 0x00000244e91e5800 6465       3       sun.reflect.generics.parser.SignatureParser::parseZeroOrMoreTypeSignatures (174 bytes)
Event: 9.979 Thread 0x00000244e91e5800 nmethod 6465 0x00000244d3aedb10 code [0x00000244d3aedda0, 0x00000244d3aeed88]
Event: 9.981 Thread 0x00000244e91e5800 6468       3       org.gradle.internal.instantiation.generator.AbstractClassGenerator::visitFields (50 bytes)
Event: 9.982 Thread 0x00000244e91e5800 nmethod 6468 0x00000244d3aef210 code [0x00000244d3aef440, 0x00000244d3aefb28]
Event: 9.982 Thread 0x00000244e91e5800 6469       3       org.gradle.internal.instantiation.generator.AbstractClassGenerator::isRoleType (49 bytes)
Event: 9.982 Thread 0x00000244e91e5800 nmethod 6469 0x00000244d3aefd90 code [0x00000244d3aeffa0, 0x00000244d3af0558]
Event: 9.991 Thread 0x00000244e91e5800 6470       3       com.android.build.gradle.options.ProjectOptions$OptionValue$$Lambda$384/0x0000000100613c40::call (12 bytes)
Event: 9.992 Thread 0x00000244e91e5800 nmethod 6470 0x00000244d3af0790 code [0x00000244d3af0980, 0x00000244d3af0e68]
Event: 9.992 Thread 0x00000244e91e5800 6471       3       com.android.build.gradle.options.ProjectOptions$OptionValue::lambda$setValueForUseAtConfiguration$0 (32 bytes)
Event: 9.992 Thread 0x00000244e91e5800 nmethod 6471 0x00000244d3af1010 code [0x00000244d3af1200, 0x00000244d3af1688]
Event: 10.000 Thread 0x00000244e91e5800 6472       3       org.gradle.api.internal.AbstractNamedDomainObjectContainer::create (32 bytes)
Event: 10.000 Thread 0x00000244ec555800 nmethod 6433 0x00000244da6a8e10 code [0x00000244da6a92a0, 0x00000244da6ab7f0]
Event: 10.000 Thread 0x00000244e91e5800 nmethod 6472 0x00000244d3af1810 code [0x00000244d3af1a80, 0x00000244d3af24e8]
Event: 10.000 Thread 0x00000244e91e5800 6473       3       org.gradle.api.internal.project.DefaultProjectStateRegistry$ProjectStateImpl::newCalculatedValue (17 bytes)
Event: 10.000 Thread 0x00000244ec555800 6466       4       java.lang.String::replace (42 bytes)
Event: 10.001 Thread 0x00000244e91e5800 nmethod 6473 0x00000244d3af2810 code [0x00000244d3af2a20, 0x00000244d3af3178]
Event: 10.001 Thread 0x00000244e91e5800 6474       3       org.gradle.api.internal.project.DefaultProjectStateRegistry$CalculatedModelValueImpl::<init> (31 bytes)
Event: 10.001 Thread 0x00000244e91e5800 nmethod 6474 0x00000244d3af3410 code [0x00000244d3af3620, 0x00000244d3af3c98]

GC Heap History (20 events):
Event: 3.902 GC heap before
{Heap before GC invocations=6 (full 0):
 garbage-first heap   total 98304K, used 60597K [0x0000000080000000, 0x0000000100000000)
  region size 1024K, 45 young (46080K), 3 survivors (3072K)
 Metaspace       used 30116K, capacity 30758K, committed 30976K, reserved 1075200K
  class space    used 4018K, capacity 4228K, committed 4352K, reserved 1048576K
}
Event: 3.907 GC heap after
{Heap after GC invocations=7 (full 0):
 garbage-first heap   total 98304K, used 19205K [0x0000000080000000, 0x0000000100000000)
  region size 1024K, 5 young (5120K), 5 survivors (5120K)
 Metaspace       used 30116K, capacity 30758K, committed 30976K, reserved 1075200K
  class space    used 4018K, capacity 4228K, committed 4352K, reserved 1048576K
}
Event: 4.266 GC heap before
{Heap before GC invocations=7 (full 0):
 garbage-first heap   total 98304K, used 35589K [0x0000000080000000, 0x0000000100000000)
  region size 1024K, 22 young (22528K), 5 survivors (5120K)
 Metaspace       used 35124K, capacity 35833K, committed 35840K, reserved 1081344K
  class space    used 4572K, capacity 4858K, committed 4864K, reserved 1048576K
}
Event: 4.276 GC heap after
{Heap after GC invocations=8 (full 0):
 garbage-first heap   total 98304K, used 21517K [0x0000000080000000, 0x0000000100000000)
  region size 1024K, 4 young (4096K), 4 survivors (4096K)
 Metaspace       used 35124K, capacity 35833K, committed 35840K, reserved 1081344K
  class space    used 4572K, capacity 4858K, committed 4864K, reserved 1048576K
}
Event: 4.886 GC heap before
{Heap before GC invocations=9 (full 0):
 garbage-first heap   total 98304K, used 66573K [0x0000000080000000, 0x0000000100000000)
  region size 1024K, 45 young (46080K), 4 survivors (4096K)
 Metaspace       used 39797K, capacity 40700K, committed 40960K, reserved 1085440K
  class space    used 5055K, capacity 5362K, committed 5376K, reserved 1048576K
}
Event: 4.894 GC heap after
{Heap after GC invocations=10 (full 0):
 garbage-first heap   total 98304K, used 24351K [0x0000000080000000, 0x0000000100000000)
  region size 1024K, 5 young (5120K), 5 survivors (5120K)
 Metaspace       used 39797K, capacity 40700K, committed 40960K, reserved 1085440K
  class space    used 5055K, capacity 5362K, committed 5376K, reserved 1048576K
}
Event: 5.393 GC heap before
{Heap before GC invocations=10 (full 0):
 garbage-first heap   total 98304K, used 67359K [0x0000000080000000, 0x0000000100000000)
  region size 1024K, 47 young (48128K), 5 survivors (5120K)
 Metaspace       used 42784K, capacity 43807K, committed 44160K, reserved 1087488K
  class space    used 5511K, capacity 5894K, committed 6016K, reserved 1048576K
}
Event: 5.399 GC heap after
{Heap after GC invocations=11 (full 0):
 garbage-first heap   total 98304K, used 26263K [0x0000000080000000, 0x0000000100000000)
  region size 1024K, 5 young (5120K), 5 survivors (5120K)
 Metaspace       used 42784K, capacity 43807K, committed 44160K, reserved 1087488K
  class space    used 5511K, capacity 5894K, committed 6016K, reserved 1048576K
}
Event: 5.923 GC heap before
{Heap before GC invocations=11 (full 0):
 garbage-first heap   total 98304K, used 69271K [0x0000000080000000, 0x0000000100000000)
  region size 1024K, 47 young (48128K), 5 survivors (5120K)
 Metaspace       used 44363K, capacity 45434K, committed 45568K, reserved 1089536K
  class space    used 5685K, capacity 6093K, committed 6144K, reserved 1048576K
}
Event: 5.930 GC heap after
{Heap after GC invocations=12 (full 0):
 garbage-first heap   total 118784K, used 28288K [0x0000000080000000, 0x0000000100000000)
  region size 1024K, 4 young (4096K), 4 survivors (4096K)
 Metaspace       used 44363K, capacity 45434K, committed 45568K, reserved 1089536K
  class space    used 5685K, capacity 6093K, committed 6144K, reserved 1048576K
}
Event: 6.644 GC heap before
{Heap before GC invocations=12 (full 0):
 garbage-first heap   total 118784K, used 84608K [0x0000000080000000, 0x0000000100000000)
  region size 1024K, 54 young (55296K), 4 survivors (4096K)
 Metaspace       used 49441K, capacity 50750K, committed 50816K, reserved 1093632K
  class space    used 6290K, capacity 6740K, committed 6784K, reserved 1048576K
}
Event: 6.652 GC heap after
{Heap after GC invocations=13 (full 0):
 garbage-first heap   total 118784K, used 42742K [0x0000000080000000, 0x0000000100000000)
  region size 1024K, 7 young (7168K), 7 survivors (7168K)
 Metaspace       used 49441K, capacity 50750K, committed 50816K, reserved 1093632K
  class space    used 6290K, capacity 6740K, committed 6784K, reserved 1048576K
}
Event: 7.419 GC heap before
{Heap before GC invocations=13 (full 0):
 garbage-first heap   total 118784K, used 87798K [0x0000000080000000, 0x0000000100000000)
  region size 1024K, 51 young (52224K), 7 survivors (7168K)
 Metaspace       used 56115K, capacity 57513K, committed 57600K, reserved 1099776K
  class space    used 7130K, capacity 7646K, committed 7680K, reserved 1048576K
}
Event: 7.426 GC heap after
{Heap after GC invocations=14 (full 0):
 garbage-first heap   total 118784K, used 45888K [0x0000000080000000, 0x0000000100000000)
  region size 1024K, 3 young (3072K), 3 survivors (3072K)
 Metaspace       used 56115K, capacity 57513K, committed 57600K, reserved 1099776K
  class space    used 7130K, capacity 7646K, committed 7680K, reserved 1048576K
}
Event: 7.818 GC heap before
{Heap before GC invocations=14 (full 0):
 garbage-first heap   total 118784K, used 74560K [0x0000000080000000, 0x0000000100000000)
  region size 1024K, 32 young (32768K), 3 survivors (3072K)
 Metaspace       used 58582K, capacity 60044K, committed 60160K, reserved 1101824K
  class space    used 7424K, capacity 7924K, committed 7936K, reserved 1048576K
}
Event: 7.825 GC heap after
{Heap after GC invocations=15 (full 0):
 garbage-first heap   total 118784K, used 48497K [0x0000000080000000, 0x0000000100000000)
  region size 1024K, 6 young (6144K), 6 survivors (6144K)
 Metaspace       used 58582K, capacity 60044K, committed 60160K, reserved 1101824K
  class space    used 7424K, capacity 7924K, committed 7936K, reserved 1048576K
}
Event: 8.579 GC heap before
{Heap before GC invocations=16 (full 0):
 garbage-first heap   total 118784K, used 90481K [0x0000000080000000, 0x0000000100000000)
  region size 1024K, 47 young (48128K), 6 survivors (6144K)
 Metaspace       used 61490K, capacity 62963K, committed 63052K, reserved 1103872K
  class space    used 7788K, capacity 8316K, committed 8320K, reserved 1048576K
}
Event: 8.586 GC heap after
{Heap after GC invocations=17 (full 0):
 garbage-first heap   total 143360K, used 51061K [0x0000000080000000, 0x0000000100000000)
  region size 1024K, 3 young (3072K), 3 survivors (3072K)
 Metaspace       used 61490K, capacity 62963K, committed 63052K, reserved 1103872K
  class space    used 7788K, capacity 8316K, committed 8320K, reserved 1048576K
}
Event: 9.346 GC heap before
{Heap before GC invocations=17 (full 0):
 garbage-first heap   total 143360K, used 105333K [0x0000000080000000, 0x0000000100000000)
  region size 1024K, 56 young (57344K), 3 survivors (3072K)
 Metaspace       used 66042K, capacity 67524K, committed 67788K, reserved 1107968K
  class space    used 8543K, capacity 9110K, committed 9216K, reserved 1048576K
}
Event: 9.353 GC heap after
{Heap after GC invocations=18 (full 0):
 garbage-first heap   total 143360K, used 54905K [0x0000000080000000, 0x0000000100000000)
  region size 1024K, 7 young (7168K), 7 survivors (7168K)
 Metaspace       used 66042K, capacity 67524K, committed 67788K, reserved 1107968K
  class space    used 8543K, capacity 9110K, committed 9216K, reserved 1048576K
}

Deoptimization events (20 events):
Event: 9.879 Thread 0x00000244eb36f000 Uncommon trap: trap_request=0xffffff4d fr.pc=0x00000244da60f92c relative=0x0000000000002b2c
Event: 9.879 Thread 0x00000244eb36f000 Uncommon trap: reason=unstable_if action=reinterpret pc=0x00000244da60f92c method=java.util.HashMap.getNode(ILjava/lang/Object;)Ljava/util/HashMap$Node; @ 84 c2
Event: 9.879 Thread 0x00000244eb36f000 DEOPT PACKING pc=0x00000244da60f92c sp=0x000000458b5f7720
Event: 9.879 Thread 0x00000244eb36f000 DEOPT UNPACKING pc=0x00000244d28674af sp=0x000000458b5f7618 mode 2
Event: 9.879 Thread 0x00000244eb36f000 Uncommon trap: trap_request=0xffffff4d fr.pc=0x00000244da65e6f8 relative=0x00000000000002b8
Event: 9.879 Thread 0x00000244eb36f000 Uncommon trap: reason=unstable_if action=reinterpret pc=0x00000244da65e6f8 method=java.util.HashMap.getNode(ILjava/lang/Object;)Ljava/util/HashMap$Node; @ 84 c2
Event: 9.879 Thread 0x00000244eb36f000 DEOPT PACKING pc=0x00000244da65e6f8 sp=0x000000458b5f76e0
Event: 9.879 Thread 0x00000244eb36f000 DEOPT UNPACKING pc=0x00000244d28674af sp=0x000000458b5f7600 mode 2
Event: 9.879 Thread 0x00000244eb36f000 Uncommon trap: trap_request=0xffffff4d fr.pc=0x00000244da4329e0 relative=0x00000000000001a0
Event: 9.879 Thread 0x00000244eb36f000 Uncommon trap: reason=unstable_if action=reinterpret pc=0x00000244da4329e0 method=java.util.HashMap.getNode(ILjava/lang/Object;)Ljava/util/HashMap$Node; @ 84 c2
Event: 9.879 Thread 0x00000244eb36f000 DEOPT PACKING pc=0x00000244da4329e0 sp=0x000000458b5f7680
Event: 9.879 Thread 0x00000244eb36f000 DEOPT UNPACKING pc=0x00000244d28674af sp=0x000000458b5f7608 mode 2
Event: 9.937 Thread 0x00000244eb36f000 Uncommon trap: trap_request=0xffffff4d fr.pc=0x00000244da4f137c relative=0x00000000000000dc
Event: 9.937 Thread 0x00000244eb36f000 Uncommon trap: reason=unstable_if action=reinterpret pc=0x00000244da4f137c method=java.io.WinNTFileSystem.normalize(Ljava/lang/String;)Ljava/lang/String; @ 74 c2
Event: 9.937 Thread 0x00000244eb36f000 DEOPT PACKING pc=0x00000244da4f137c sp=0x000000458b5f6040
Event: 9.937 Thread 0x00000244eb36f000 DEOPT UNPACKING pc=0x00000244d28674af sp=0x000000458b5f6018 mode 2
Event: 9.937 Thread 0x00000244eb36f000 Uncommon trap: trap_request=0xffffff4d fr.pc=0x00000244da519a40 relative=0x0000000000001b20
Event: 9.937 Thread 0x00000244eb36f000 Uncommon trap: reason=unstable_if action=reinterpret pc=0x00000244da519a40 method=java.io.WinNTFileSystem.normalize(Ljava/lang/String;II)Ljava/lang/String; @ 100 c2
Event: 9.937 Thread 0x00000244eb36f000 DEOPT PACKING pc=0x00000244da519a40 sp=0x000000458b5f5f70
Event: 9.937 Thread 0x00000244eb36f000 DEOPT UNPACKING pc=0x00000244d28674af sp=0x000000458b5f5f78 mode 2

Classes redefined (0 events):
No events

Internal exceptions (20 events):
Event: 9.664 Thread 0x00000244eb36f000 Exception <a 'java/lang/ClassNotFoundException'{0x0000000087152698}: org/gradle/api/internal/provider/AbstractMinimalProviderCustomizer> (0x0000000087152698) thrown at [./src/hotspot/share/classfile/systemDictionary.cpp, line 231]
Event: 9.666 Thread 0x00000244eb36f000 Exception <a 'java/lang/ClassNotFoundException'{0x000000008719a538}: org/gradle/api/internal/provider/AbstractPropertyCustomizer> (0x000000008719a538) thrown at [./src/hotspot/share/classfile/systemDictionary.cpp, line 231]
Event: 9.667 Thread 0x00000244eb36f000 Exception <a 'java/lang/ClassNotFoundException'{0x00000000871ba730}: org/gradle/api/internal/provider/DefaultPropertyCustomizer> (0x00000000871ba730) thrown at [./src/hotspot/share/classfile/systemDictionary.cpp, line 231]
Event: 9.673 Thread 0x00000244eb36f000 Exception <a 'java/lang/ClassNotFoundException'{0x00000000870d54c8}: java/util/Collections$SingletonListBeanInfo> (0x00000000870d54c8) thrown at [./src/hotspot/share/classfile/systemDictionary.cpp, line 231]
Event: 9.673 Thread 0x00000244eb36f000 Exception <a 'java/lang/ClassNotFoundException'{0x00000000870dfb40}: java/util/Collections$SingletonListCustomizer> (0x00000000870dfb40) thrown at [./src/hotspot/share/classfile/systemDictionary.cpp, line 231]
Event: 9.678 Thread 0x00000244eb36f000 Exception <a 'java/lang/ClassNotFoundException'{0x0000000086fea3c0}: org/gradle/api/internal/file/collections/DefaultConfigurableFileCollectionBeanInfo> (0x0000000086fea3c0) thrown at [./src/hotspot/share/classfile/systemDictionary.cpp, line 231]
Event: 9.678 Thread 0x00000244eb36f000 Exception <a 'java/lang/ClassNotFoundException'{0x0000000086fff238}: org/gradle/api/internal/file/CompositeFileCollectionBeanInfo> (0x0000000086fff238) thrown at [./src/hotspot/share/classfile/systemDictionary.cpp, line 231]
Event: 9.679 Thread 0x00000244eb36f000 Exception <a 'java/lang/ClassNotFoundException'{0x0000000086e145d8}: org/gradle/api/internal/file/AbstractFileCollectionBeanInfo> (0x0000000086e145d8) thrown at [./src/hotspot/share/classfile/systemDictionary.cpp, line 231]
Event: 9.679 Thread 0x00000244eb36f000 Exception <a 'java/lang/ClassNotFoundException'{0x0000000086e29410}: org/gradle/api/internal/file/AbstractFileCollectionCustomizer> (0x0000000086e29410) thrown at [./src/hotspot/share/classfile/systemDictionary.cpp, line 231]
Event: 9.680 Thread 0x00000244eb36f000 Exception <a 'java/lang/ClassNotFoundException'{0x0000000086e4fe78}: org/gradle/api/internal/file/CompositeFileCollectionCustomizer> (0x0000000086e4fe78) thrown at [./src/hotspot/share/classfile/systemDictionary.cpp, line 231]
Event: 9.681 Thread 0x00000244eb36f000 Exception <a 'java/lang/ClassNotFoundException'{0x0000000086e6f8f0}: org/gradle/api/internal/file/collections/DefaultConfigurableFileCollectionCustomizer> (0x0000000086e6f8f0) thrown at [./src/hotspot/share/classfile/systemDictionary.cpp, line 231]
Event: 9.687 Thread 0x00000244eb36f000 Exception <a 'java/lang/ClassNotFoundException'{0x0000000086efe9c8}: org/gradle/api/internal/tasks/DefaultTaskContainer$TaskCreatingProvider_DecoratedBeanInfo> (0x0000000086efe9c8) thrown at [./src/hotspot/share/classfile/systemDictionary.cpp, line 231]
Event: 9.687 Thread 0x00000244eb36f000 Exception <a 'java/lang/ClassNotFoundException'{0x0000000086d15750}: org/gradle/api/internal/tasks/DefaultTaskContainer$TaskCreatingProviderBeanInfo> (0x0000000086d15750) thrown at [./src/hotspot/share/classfile/systemDictionary.cpp, line 231]
Event: 9.687 Thread 0x00000244eb36f000 Exception <a 'java/lang/ClassNotFoundException'{0x0000000086d2e710}: org/gradle/api/internal/DefaultNamedDomainObjectCollection$AbstractDomainObjectCreatingProviderBeanInfo> (0x0000000086d2e710) thrown at [./src/hotspot/share/classfile/systemDictionary.cpp, line 231]
Event: 9.688 Thread 0x00000244eb36f000 Exception <a 'java/lang/ClassNotFoundException'{0x0000000086d476e8}: org/gradle/api/internal/DefaultNamedDomainObjectCollection$AbstractNamedDomainObjectProviderBeanInfo> (0x0000000086d476e8) thrown at [./src/hotspot/share/classfile/systemDictionary.cpp, line 231]
Event: 9.688 Thread 0x00000244eb36f000 Exception <a 'java/lang/ClassNotFoundException'{0x0000000086d60690}: org/gradle/api/internal/DefaultNamedDomainObjectCollection$AbstractNamedDomainObjectProviderCustomizer> (0x0000000086d60690) thrown at [./src/hotspot/share/classfile/systemDictionary.cpp, line 231]
Event: 9.689 Thread 0x00000244eb36f000 Exception <a 'java/lang/ClassNotFoundException'{0x0000000086d8cc88}: org/gradle/api/internal/DefaultNamedDomainObjectCollection$AbstractDomainObjectCreatingProviderCustomizer> (0x0000000086d8cc88) thrown at [./src/hotspot/share/classfile/systemDictionary.cpp, line 231]
Event: 9.690 Thread 0x00000244eb36f000 Exception <a 'java/lang/ClassNotFoundException'{0x0000000086dadeb8}: org/gradle/api/internal/tasks/DefaultTaskContainer$TaskCreatingProviderCustomizer> (0x0000000086dadeb8) thrown at [./src/hotspot/share/classfile/systemDictionary.cpp, line 231]
Event: 9.691 Thread 0x00000244eb36f000 Exception <a 'java/lang/ClassNotFoundException'{0x0000000086dcd618}: org/gradle/api/internal/tasks/DefaultTaskContainer$TaskCreatingProvider_DecoratedCustomizer> (0x0000000086dcd618) thrown at [./src/hotspot/share/classfile/systemDictionary.cpp, line 231]
Event: 9.813 Thread 0x00000244eb36f000 Exception <a 'java/lang/NoSuchMethodError'{0x000000008674d768}: 'void java.lang.invoke.DirectMethodHandle$Holder.invokeStatic(java.lang.Object, java.lang.Object, java.lang.Object, java.lang.Object, java.lang.Object, java.lang.Object, java.lang.Object)'> (0x000000008674d768) thrown at [./src/hotspot/share/interpreter/linkResolver.cpp, line 773]

Events (20 events):
Event: 10.003 loading class org/jetbrains/kotlin/gradle/internal/Kapt3GradleSubplugin$createKaptKotlinTask$dslJavacOptions$1
Event: 10.003 loading class org/jetbrains/kotlin/gradle/internal/Kapt3GradleSubplugin$createKaptKotlinTask$dslJavacOptions$1 done
Event: 10.003 loading class org/jetbrains/kotlin/gradle/internal/Kapt3GradleSubplugin$createKaptKotlinTask$4
Event: 10.003 loading class org/jetbrains/kotlin/gradle/internal/Kapt3GradleSubplugin$createKaptKotlinTask$4 done
Event: 10.005 loading class org/jetbrains/kotlin/gradle/plugin/KaptJavacOptionsDelegate
Event: 10.005 loading class org/jetbrains/kotlin/gradle/plugin/KaptJavacOptionsDelegate done
Event: 10.006 loading class org/jetbrains/kotlin/com/intellij/openapi/util/SystemInfo
Event: 10.006 loading class org/jetbrains/kotlin/com/intellij/openapi/util/SystemInfo done
Event: 10.007 loading class org/jetbrains/kotlin/com/intellij/openapi/util/NotNullLazyValue
Event: 10.007 loading class org/jetbrains/kotlin/com/intellij/openapi/util/NotNullLazyValue done
Event: 10.007 loading class org/jetbrains/kotlin/com/intellij/openapi/util/io/PathExecLazyValue
Event: 10.007 loading class org/jetbrains/kotlin/com/intellij/openapi/util/io/PathExecLazyValue done
Event: 10.008 loading class org/jetbrains/kotlin/com/intellij/openapi/util/AtomicNotNullLazyValue
Event: 10.008 loading class org/jetbrains/kotlin/com/intellij/openapi/util/AtomicNotNullLazyValue done
Event: 10.008 loading class org/jetbrains/kotlin/com/intellij/openapi/util/SystemInfoRt
Event: 10.008 loading class org/jetbrains/kotlin/com/intellij/openapi/util/SystemInfoRt done
Event: 10.009 loading class org/jetbrains/kotlin/com/intellij/openapi/util/text/StringUtil
Event: 10.009 loading class org/jetbrains/kotlin/com/intellij/openapi/util/text/StringUtil done
Event: 10.010 loading class org/jetbrains/kotlin/com/intellij/openapi/util/text/StringUtilRt
Event: 10.010 loading class org/jetbrains/kotlin/com/intellij/openapi/util/text/StringUtilRt done


Dynamic libraries:
0x00007ff7d24e0000 - 0x00007ff7d24ea000 	C:\Program Files\Android\Android Studio\jre\bin\java.exe
0x00007ff835130000 - 0x00007ff835325000 	C:\Windows\SYSTEM32\ntdll.dll
0x00007ff833600000 - 0x00007ff8336bd000 	C:\Windows\System32\KERNEL32.DLL
0x00007ff8328a0000 - 0x00007ff832b68000 	C:\Windows\System32\KERNELBASE.dll
0x00007ff82fc60000 - 0x00007ff82fcf0000 	C:\Windows\SYSTEM32\apphelp.dll
0x00007ff832ca0000 - 0x00007ff832da0000 	C:\Windows\System32\ucrtbase.dll
0x00007ff828970000 - 0x00007ff828989000 	C:\Program Files\Android\Android Studio\jre\bin\jli.dll
0x00007ff824620000 - 0x00007ff824637000 	C:\Program Files\Android\Android Studio\jre\bin\VCRUNTIME140.dll
0x00007ff833200000 - 0x00007ff8333a0000 	C:\Windows\System32\USER32.dll
0x00007ff832b70000 - 0x00007ff832b92000 	C:\Windows\System32\win32u.dll
0x00007ff81d6a0000 - 0x00007ff81d93a000 	C:\Windows\WinSxS\amd64_microsoft.windows.common-controls_6595b64144ccf1df_6.0.19041.1052_none_60b8f8fd71f5e8cb\COMCTL32.dll
0x00007ff8338d0000 - 0x00007ff8338fa000 	C:\Windows\System32\GDI32.dll
0x00007ff8341a0000 - 0x00007ff83423e000 	C:\Windows\System32\msvcrt.dll
0x00007ff832da0000 - 0x00007ff832eab000 	C:\Windows\System32\gdi32full.dll
0x00007ff832c00000 - 0x00007ff832c9d000 	C:\Windows\System32\msvcp_win.dll
0x00007ff8350c0000 - 0x00007ff8350f0000 	C:\Windows\System32\IMM32.DLL
0x00007ff811280000 - 0x00007ff81131d000 	C:\Program Files\Android\Android Studio\jre\bin\msvcp140.dll
0x00007ff8046f0000 - 0x00007ff8051ac000 	C:\Program Files\Android\Android Studio\jre\bin\server\jvm.dll
0x00007ff833550000 - 0x00007ff8335fc000 	C:\Windows\System32\ADVAPI32.dll
0x00007ff8344a0000 - 0x00007ff83453b000 	C:\Windows\System32\sechost.dll
0x00007ff834240000 - 0x00007ff83436b000 	C:\Windows\System32\RPCRT4.dll
0x00007ff833470000 - 0x00007ff833478000 	C:\Windows\System32\PSAPI.DLL
0x00007ff827400000 - 0x00007ff827427000 	C:\Windows\SYSTEM32\WINMM.dll
0x00007ff824230000 - 0x00007ff82423a000 	C:\Windows\SYSTEM32\VERSION.dll
0x00007ff81e620000 - 0x00007ff81e629000 	C:\Windows\SYSTEM32\WSOCK32.dll
0x00007ff8345f0000 - 0x00007ff83465b000 	C:\Windows\System32\WS2_32.dll
0x00007ff831140000 - 0x00007ff831152000 	C:\Windows\SYSTEM32\kernel.appcore.dll
0x00007ff828660000 - 0x00007ff828671000 	C:\Program Files\Android\Android Studio\jre\bin\verify.dll
0x00007ff830450000 - 0x00007ff830634000 	C:\Windows\SYSTEM32\DBGHELP.DLL
0x00007ff829110000 - 0x00007ff82913c000 	C:\Windows\SYSTEM32\dbgcore.DLL
0x00007ff832f00000 - 0x00007ff832f83000 	C:\Windows\System32\bcryptPrimitives.dll
0x00007ff8247f0000 - 0x00007ff824819000 	C:\Program Files\Android\Android Studio\jre\bin\java.dll
0x00007ff82d440000 - 0x00007ff82d44b000 	C:\Program Files\Android\Android Studio\jre\bin\jimage.dll
0x00007ff826520000 - 0x00007ff826538000 	C:\Program Files\Android\Android Studio\jre\bin\zip.dll
0x00007ff833a60000 - 0x00007ff83419f000 	C:\Windows\System32\SHELL32.dll
0x00007ff8309a0000 - 0x00007ff831130000 	C:\Windows\SYSTEM32\windows.storage.dll
0x00007ff834660000 - 0x00007ff8349b5000 	C:\Windows\System32\combase.dll
0x00007ff832210000 - 0x00007ff83223c000 	C:\Windows\SYSTEM32\Wldp.dll
0x00007ff8333c0000 - 0x00007ff83346e000 	C:\Windows\System32\SHCORE.dll
0x00007ff8349c0000 - 0x00007ff834a15000 	C:\Windows\System32\shlwapi.dll
0x00007ff8327b0000 - 0x00007ff8327cf000 	C:\Windows\SYSTEM32\profapi.dll
0x00007ff818600000 - 0x00007ff81861a000 	C:\Program Files\Android\Android Studio\jre\bin\net.dll
0x00007ff827cb0000 - 0x00007ff827dbb000 	C:\Windows\SYSTEM32\WINHTTP.dll
0x00007ff831f80000 - 0x00007ff831fea000 	C:\Windows\system32\mswsock.dll
0x00007ff818420000 - 0x00007ff818434000 	C:\Program Files\Android\Android Studio\jre\bin\nio.dll
0x00007ff82bc20000 - 0x00007ff82bc47000 	C:\Users\User\.gradle\native\fdc75f09e3144964f2cf3f50f0aa648679c211496f362492102eb8c894070792\windows-amd64\native-platform.dll
0x00007ff807a50000 - 0x00007ff807be6000 	C:\Users\User\.gradle\native\12488b8bf47d2d4c9fbf2f6322a914ad602e24e48041cd04a747c6da556b65c4\windows-amd64\native-platform-file-events.dll
0x00007ff82cb00000 - 0x00007ff82cb0a000 	C:\Program Files\Android\Android Studio\jre\bin\management.dll
0x00007ff828960000 - 0x00007ff82896c000 	C:\Program Files\Android\Android Studio\jre\bin\management_ext.dll
0x00007ff832150000 - 0x00007ff832168000 	C:\Windows\SYSTEM32\CRYPTSP.dll
0x00007ff831920000 - 0x00007ff831954000 	C:\Windows\system32\rsaenh.dll
0x00007ff832870000 - 0x00007ff832897000 	C:\Windows\System32\bcrypt.dll
0x00007ff832770000 - 0x00007ff83279e000 	C:\Windows\SYSTEM32\USERENV.dll
0x00007ff832170000 - 0x00007ff83217c000 	C:\Windows\SYSTEM32\CRYPTBASE.dll
0x00007ff831c70000 - 0x00007ff831cab000 	C:\Windows\SYSTEM32\IPHLPAPI.DLL
0x00007ff8350b0000 - 0x00007ff8350b8000 	C:\Windows\System32\NSI.dll
0x00007ff829f10000 - 0x00007ff829f27000 	C:\Windows\SYSTEM32\dhcpcsvc6.DLL
0x00007ff82a780000 - 0x00007ff82a79d000 	C:\Windows\SYSTEM32\dhcpcsvc.DLL
0x00007ff831cb0000 - 0x00007ff831d7c000 	C:\Windows\SYSTEM32\DNSAPI.dll
0x00007ff82ab40000 - 0x00007ff82ab4b000 	C:\Windows\SYSTEM32\WINNSI.DLL

dbghelp: loaded successfully - version: 4.0.5 - missing functions: none
symbol engine: initialized successfully - sym options: 0x614 - pdb path: .;C:\Program Files\Android\Android Studio\jre\bin;C:\Windows\SYSTEM32;C:\Windows\WinSxS\amd64_microsoft.windows.common-controls_6595b64144ccf1df_6.0.19041.1052_none_60b8f8fd71f5e8cb;C:\Program Files\Android\Android Studio\jre\bin\server;C:\Users\User\.gradle\native\fdc75f09e3144964f2cf3f50f0aa648679c211496f362492102eb8c894070792\windows-amd64;C:\Users\User\.gradle\native\12488b8bf47d2d4c9fbf2f6322a914ad602e24e48041cd04a747c6da556b65c4\windows-amd64

VM Arguments:
jvm_args: --add-opens=java.base/java.util=ALL-UNNAMED --add-opens=java.base/java.lang=ALL-UNNAMED --add-opens=java.base/java.lang.invoke=ALL-UNNAMED --add-opens=java.prefs/java.util.prefs=ALL-UNNAMED -Xmx2048m -Dfile.encoding=UTF-8 -Duser.country=IL -Duser.language=iw -Duser.variant 
java_command: org.gradle.launcher.daemon.bootstrap.GradleDaemon 6.7.1
java_class_path (initial): C:\Users\User\.gradle\wrapper\dists\gradle-6.7.1-bin\bwlcbys1h7rz3272sye1xwiv6\gradle-6.7.1\lib\gradle-launcher-6.7.1.jar
Launcher Type: SUN_STANDARD

[Global flags]
     intx CICompilerCount                          = 4                                         {product} {ergonomic}
     uint ConcGCThreads                            = 2                                         {product} {ergonomic}
     uint G1ConcRefinementThreads                  = 8                                         {product} {ergonomic}
   size_t G1HeapRegionSize                         = 1048576                                   {product} {ergonomic}
    uintx GCDrainStackTargetSize                   = 64                                        {product} {ergonomic}
   size_t InitialHeapSize                          = 100663296                                 {product} {ergonomic}
   size_t MarkStackSize                            = 4194304                                   {product} {ergonomic}
   size_t MaxHeapSize                              = 2147483648                                {product} {command line}
   size_t MaxNewSize                               = 1287651328                                {product} {ergonomic}
   size_t MinHeapDeltaBytes                        = 1048576                                   {product} {ergonomic}
    uintx NonNMethodCodeHeapSize                   = 5836300                                {pd product} {ergonomic}
    uintx NonProfiledCodeHeapSize                  = 122910970                              {pd product} {ergonomic}
    uintx ProfiledCodeHeapSize                     = 122910970                              {pd product} {ergonomic}
    uintx ReservedCodeCacheSize                    = 251658240                              {pd product} {ergonomic}
     bool SegmentedCodeCache                       = true                                      {product} {ergonomic}
     bool UseCompressedClassPointers               = true                                 {lp64_product} {ergonomic}
     bool UseCompressedOops                        = true                                 {lp64_product} {ergonomic}
     bool UseG1GC                                  = true                                      {product} {ergonomic}
     bool UseLargePagesIndividualAllocation        = false                                  {pd product} {ergonomic}

Logging:
Log output configuration:
 #0: stdout all=warning uptime,level,tags
 #1: stderr all=off uptime,level,tags

Environment Variables:
PATH=C:\Windows\system32;C:\Windows;C:\Windows\System32\Wbem;C:\Windows\System32\WindowsPowerShell\v1.0\;C:\Windows\System32\OpenSSH\;C:\cygwin64\bin;C:\Program Files\Git\cmd;C:\Program Files\PuTTY\;C:\Users\User\AppData\Local\Microsoft\WindowsApps;
USERNAME=User
OS=Windows_NT
PROCESSOR_IDENTIFIER=AMD64 Family 23 Model 24 Stepping 1, AuthenticAMD



---------------  S Y S T E M  ---------------

OS: Windows 10 , 64 bit Build 19041 (10.0.19041.1023)
OS uptime: 3 days 16:31 hours

CPU:total 8 (initial active 8) (8 cores per cpu, 2 threads per core) family 23 model 24 stepping 1, cmov, cx8, fxsr, mmx, sse, sse2, sse3, ssse3, sse4.1, sse4.2, popcnt, avx, avx2, aes, clmul, mmxext, 3dnowpref, lzcnt, sse4a, ht, tsc, tscinvbit, tscinv, bmi1, bmi2, adx, sha, fma

Memory: 4k page, system-wide physical 6022M (396M free)
TotalPageFile size 24454M (AvailPageFile size 5M)
current process WorkingSet (physical memory assigned to process): 358M, peak: 358M
current process commit charge ("private bytes"): 398M, peak: 399M

vm_info: OpenJDK 64-Bit Server VM (11.0.8+10-b944.6842174) for windows-amd64 JRE (11.0.8+10-b944.6842174), built on Sep 19 2020 01:11:42 by "builder" with MS VC++ 14.0 (VS2015)

END.
